#
# There is insufficient memory for the Java Runtime Environment to continue.
# Native memory allocation (mmap) failed to map 100663296 bytes. Error detail: G1 virtual space
# Possible reasons:
#   The system is out of physical RAM or swap space
#   This process is running with CompressedOops enabled, and the Java Heap may be blocking the growth of the native heap
# Possible solutions:
#   Reduce memory load on the system
#   Increase physical memory or swap space
#   Check if swap backing store is full
#   Decrease Java heap size (-Xmx/-Xms)
#   Decrease number of Java threads
#   Decrease Java thread stack sizes (-Xss)
#   Set larger code cache with -XX:ReservedCodeCacheSize=
#   JVM is running with Unscaled Compressed Oops mode in which the Java heap is
#     placed in the first 4GB address space. The Java Heap base address is the
#     maximum limit for the native heap growth. Please use -XX:HeapBaseMinAddress
#     to set the Java Heap base and to place the Java Heap above 4GB virtual address.
# This output file may be truncated or incomplete.
#
#  Out of Memory Error (os_windows.cpp:3703), pid=11180, tid=3256
#
# JRE version:  (23.0.1+11) (build )
# Java VM: OpenJDK 64-Bit Server VM (23.0.1+11-39, mixed mode, emulated-client, sharing, tiered, compressed oops, compressed class ptrs, g1 gc, windows-amd64)
# No core dump will be written. Minidumps are not enabled by default on client versions of Windows
#

---------------  S U M M A R Y ------------

Command Line: -XX:TieredStopAtLevel=1 -Dspring.output.ansi.enabled=always -Dcom.sun.management.jmxremote -Dspring.jmx.enabled=true -Dspring.liveBeansView.mbeanDomain -Dspring.application.admin.enabled=true -Dmanagement.endpoints.jmx.exposure.include=* -javaagent:D:\JetBrains\IntelliJ IDEA 2024.3.2.1\lib\idea_rt.jar=51461:D:\JetBrains\IntelliJ IDEA 2024.3.2.1\bin -Dfile.encoding=UTF-8 -Dsun.stdout.encoding=UTF-8 -Dsun.stderr.encoding=UTF-8 com.raxat.oauthlib.Oauth2Application

Host: AMD Ryzen 5 3500U with Radeon Vega Mobile Gfx  , 8 cores, 5G,  Windows 10 , 64 bit Build 18362 (10.0.18362.329)
Time: Sat Apr 12 10:16:04 2025 RTZ 2 (зима) elapsed time: 0.022350 seconds (0d 0h 0m 0s)

---------------  T H R E A D  ---------------

Current thread (0x0000021ea37357c0):  JavaThread "Unknown thread" [_thread_in_vm, id=3256, stack(0x0000005410f00000,0x0000005411000000) (1024K)]

Stack: [0x0000005410f00000,0x0000005411000000]
Native frames: (J=compiled Java code, j=interpreted, Vv=VM code, C=native code)
V  [jvm.dll+0x6e08b9]  (no source info available)
V  [jvm.dll+0x87dc83]  (no source info available)
V  [jvm.dll+0x88010e]  (no source info available)
V  [jvm.dll+0x8807e3]  (no source info available)
V  [jvm.dll+0x27aee6]  (no source info available)
V  [jvm.dll+0x6dd1c5]  (no source info available)
V  [jvm.dll+0x6d104a]  (no source info available)
V  [jvm.dll+0x35b3ea]  (no source info available)
V  [jvm.dll+0x3637f6]  (no source info available)
V  [jvm.dll+0x34fd5e]  (no source info available)
V  [jvm.dll+0x34fff8]  (no source info available)
V  [jvm.dll+0x3289cc]  (no source info available)
V  [jvm.dll+0x32966e]  (no source info available)
V  [jvm.dll+0x844355]  (no source info available)
V  [jvm.dll+0x3b9848]  (no source info available)
V  [jvm.dll+0x82d14c]  (no source info available)
V  [jvm.dll+0x454d4e]  (no source info available)
V  [jvm.dll+0x456bd1]  (no source info available)
C  [jli.dll+0x52a3]  (no source info available)
C  [ucrtbase.dll+0x20e72]  (no source info available)
C  [KERNEL32.DLL+0x17bd4]  (no source info available)
C  [ntdll.dll+0x6ced1]  (no source info available)

Lock stack of current Java thread (top to bottom):


---------------  P R O C E S S  ---------------

Threads class SMR info:
_java_thread_list=0x00007ffb7e223618, length=0, elements={
}

Java Threads: ( => current thread )
Total: 0

Other Threads:
  0x0000021ea5a6dcf0 WorkerThread "GC Thread#0"                     [id=11756, stack(0x0000005411000000,0x0000005411100000) (1024K)]
  0x0000021ea5a7d9f0 ConcurrentGCThread "G1 Main Marker"            [id=4508, stack(0x0000005411100000,0x0000005411200000) (1024K)]
  0x0000021ea5a7ebb0 WorkerThread "G1 Conc#0"                       [id=19752, stack(0x0000005411200000,0x0000005411300000) (1024K)]

[error occurred during error reporting (printing all threads), id 0xc0000005, EXCEPTION_ACCESS_VIOLATION (0xc0000005) at pc=0x00007ffb7d96bfba]
VM state: not at safepoint (not fully initialized)

VM Mutex/Monitor currently owned by a thread:  ([mutex/lock_event])
[0x00007ffb7e2a3a10] Heap_lock - owner thread: 0x0000021ea37357c0

Heap address: 0x00000000a1e00000, size: 1506 MB, Compressed Oops mode: 32-bit

CDS archive(s) mapped at: [0x0000000000000000-0x0000000000000000-0x0000000000000000), size 0, SharedBaseAddress: 0x0000000800000000, ArchiveRelocationMode: 1.
Narrow klass base: 0x0000000000000000, Narrow klass shift: 0, Narrow klass range: 0x0

GC Precious Log:
 CardTable entry size: 512
 Card Set container configuration: InlinePtr #cards 5 size 8 Array Of Cards #cards 10 size 36 Howl #buckets 4 coarsen threshold 1843 Howl Bitmap #cards 512 size 80 coarsen threshold 460 Card regions per heap region 1 cards per card region 2048

Heap:
 garbage-first heap   total reserved 1542144K, committed 0K, used 0K [0x00000000a1e00000, 0x0000000100000000)
  region size 1024K, 0 young (0K), 0 survivors (0K)

[error occurred during error reporting (printing heap information), id 0xc0000005, EXCEPTION_ACCESS_VIOLATION (0xc0000005) at pc=0x00007ffb7dd6c3c9]
GC Heap History (0 events):
No events

Dll operation events (1 events):
Event: 0.016 Loaded shared library C:\Users\blessed_k1d\.jdks\openjdk-23.0.1\bin\java.dll

Deoptimization events (0 events):
No events

Classes loaded (0 events):
No events

Classes unloaded (0 events):
No events

Classes redefined (0 events):
No events

Internal exceptions (0 events):
No events

VM Operations (0 events):
No events

Memory protections (0 events):
No events

Nmethod flushes (0 events):
No events

Events (0 events):
No events


Dynamic libraries:
0x00007ff61e9d0000 - 0x00007ff61e9de000 	C:\Users\blessed_k1d\.jdks\openjdk-23.0.1\bin\java.exe
0x00007ffbcd440000 - 0x00007ffbcd630000 	C:\Windows\SYSTEM32\ntdll.dll
0x00007ffbcd210000 - 0x00007ffbcd2c2000 	C:\Windows\System32\KERNEL32.DLL
0x00007ffbca840000 - 0x00007ffbcaae3000 	C:\Windows\System32\KERNELBASE.dll
0x00007ffbca3d0000 - 0x00007ffbca4ca000 	C:\Windows\System32\ucrtbase.dll
0x00007ffbaa5a0000 - 0x00007ffbaa5b7000 	C:\Users\blessed_k1d\.jdks\openjdk-23.0.1\bin\jli.dll
0x00007ffb89dd0000 - 0x00007ffb89deb000 	C:\Users\blessed_k1d\.jdks\openjdk-23.0.1\bin\VCRUNTIME140.dll
0x00007ffbccfd0000 - 0x00007ffbcd164000 	C:\Windows\System32\USER32.dll
0x00007ffbca810000 - 0x00007ffbca831000 	C:\Windows\System32\win32u.dll
0x00007ffbbaa00000 - 0x00007ffbbac85000 	C:\Windows\WinSxS\amd64_microsoft.windows.common-controls_6595b64144ccf1df_6.0.18362.476_none_e6c4b11b130f2595\COMCTL32.dll
0x00007ffbcd1e0000 - 0x00007ffbcd206000 	C:\Windows\System32\GDI32.dll
0x00007ffbcb610000 - 0x00007ffbcb6ae000 	C:\Windows\System32\msvcrt.dll
0x00007ffbca4d0000 - 0x00007ffbca664000 	C:\Windows\System32\gdi32full.dll
0x00007ffbcb840000 - 0x00007ffbcbb76000 	C:\Windows\System32\combase.dll
0x00007ffbca670000 - 0x00007ffbca70e000 	C:\Windows\System32\msvcp_win.dll
0x00007ffbcb4f0000 - 0x00007ffbcb610000 	C:\Windows\System32\RPCRT4.dll
0x00007ffbca710000 - 0x00007ffbca790000 	C:\Windows\System32\bcryptPrimitives.dll
0x00007ffbcb6b0000 - 0x00007ffbcb6de000 	C:\Windows\System32\IMM32.DLL
0x00007ffbaa590000 - 0x00007ffbaa59c000 	C:\Users\blessed_k1d\.jdks\openjdk-23.0.1\bin\vcruntime140_1.dll
0x00007ffb887b0000 - 0x00007ffb8883e000 	C:\Users\blessed_k1d\.jdks\openjdk-23.0.1\bin\msvcp140.dll
0x00007ffb7d630000 - 0x00007ffb7e37f000 	C:\Users\blessed_k1d\.jdks\openjdk-23.0.1\bin\server\jvm.dll
0x00007ffbcd2d0000 - 0x00007ffbcd373000 	C:\Windows\System32\ADVAPI32.dll
0x00007ffbccdf0000 - 0x00007ffbcce87000 	C:\Windows\System32\sechost.dll
0x00007ffbca360000 - 0x00007ffbca3aa000 	C:\Windows\System32\POWRPROF.dll
0x00007ffbca310000 - 0x00007ffbca320000 	C:\Windows\System32\UMPDC.dll
0x00007ffbccf60000 - 0x00007ffbccfcf000 	C:\Windows\System32\WS2_32.dll
0x00007ffbc27a0000 - 0x00007ffbc27aa000 	C:\Windows\SYSTEM32\VERSION.dll
0x00007ffbc8280000 - 0x00007ffbc82a4000 	C:\Windows\SYSTEM32\WINMM.dll
0x00007ffbc7e00000 - 0x00007ffbc7e2d000 	C:\Windows\SYSTEM32\winmmbase.dll
0x00007ffbcb270000 - 0x00007ffbcb2ba000 	C:\Windows\System32\cfgmgr32.dll
0x00007ffbca320000 - 0x00007ffbca331000 	C:\Windows\System32\kernel.appcore.dll
0x00007ffb8b1d0000 - 0x00007ffb8b1da000 	C:\Users\blessed_k1d\.jdks\openjdk-23.0.1\bin\jimage.dll
0x00007ffbc2c80000 - 0x00007ffbc2e74000 	C:\Windows\SYSTEM32\DBGHELP.DLL
0x00007ffbaf3f0000 - 0x00007ffbaf41a000 	C:\Windows\SYSTEM32\dbgcore.DLL
0x00007ffbbd730000 - 0x00007ffbbd73f000 	C:\Users\blessed_k1d\.jdks\openjdk-23.0.1\bin\instrument.dll
0x00007ffb89db0000 - 0x00007ffb89dce000 	C:\Users\blessed_k1d\.jdks\openjdk-23.0.1\bin\java.dll
0x00007ffbccc20000 - 0x00007ffbccd76000 	C:\Windows\System32\ole32.dll
0x00007ffbcbff0000 - 0x00007ffbcc6d5000 	C:\Windows\System32\SHELL32.dll
0x00007ffbccb70000 - 0x00007ffbccc19000 	C:\Windows\System32\shcore.dll
0x00007ffbcaaf0000 - 0x00007ffbcb26e000 	C:\Windows\System32\windows.storage.dll
0x00007ffbca340000 - 0x00007ffbca35f000 	C:\Windows\System32\profapi.dll
0x00007ffbccd80000 - 0x00007ffbccdd2000 	C:\Windows\System32\shlwapi.dll
0x00007ffbca790000 - 0x00007ffbca7a7000 	C:\Windows\System32\cryptsp.dll

dbghelp: loaded successfully - version: 4.0.5 - missing functions: none
symbol engine: initialized successfully - sym options: 0x614 - pdb path: .;C:\Users\blessed_k1d\.jdks\openjdk-23.0.1\bin;C:\Windows\SYSTEM32;C:\Windows\WinSxS\amd64_microsoft.windows.common-controls_6595b64144ccf1df_6.0.18362.476_none_e6c4b11b130f2595;C:\Users\blessed_k1d\.jdks\openjdk-23.0.1\bin\server

VM Arguments:
jvm_args: -XX:TieredStopAtLevel=1 -Dspring.output.ansi.enabled=always -Dcom.sun.management.jmxremote -Dspring.jmx.enabled=true -Dspring.liveBeansView.mbeanDomain -Dspring.application.admin.enabled=true -Dmanagement.endpoints.jmx.exposure.include=* -javaagent:D:\JetBrains\IntelliJ IDEA 2024.3.2.1\lib\idea_rt.jar=51461:D:\JetBrains\IntelliJ IDEA 2024.3.2.1\bin -Dfile.encoding=UTF-8 -Dsun.stdout.encoding=UTF-8 -Dsun.stderr.encoding=UTF-8 
java_command: com.raxat.oauthlib.Oauth2Application
java_class_path (initial): C:\Users\blessed_k1d\Projects\oauthlib\target\classes;C:\Users\blessed_k1d\.m2\repository\org\springframework\boot\spring-boot-starter\3.4.4\spring-boot-starter-3.4.4.jar;C:\Users\blessed_k1d\.m2\repository\org\springframework\boot\spring-boot\3.4.4\spring-boot-3.4.4.jar;C:\Users\blessed_k1d\.m2\repository\org\springframework\spring-context\6.2.5\spring-context-6.2.5.jar;C:\Users\blessed_k1d\.m2\repository\org\springframework\boot\spring-boot-autoconfigure\3.4.4\spring-boot-autoconfigure-3.4.4.jar;C:\Users\blessed_k1d\.m2\repository\org\springframework\boot\spring-boot-starter-logging\3.4.4\spring-boot-starter-logging-3.4.4.jar;C:\Users\blessed_k1d\.m2\repository\ch\qos\logback\logback-classic\1.5.18\logback-classic-1.5.18.jar;C:\Users\blessed_k1d\.m2\repository\ch\qos\logback\logback-core\1.5.18\logback-core-1.5.18.jar;C:\Users\blessed_k1d\.m2\repository\org\apache\logging\log4j\log4j-to-slf4j\2.24.3\log4j-to-slf4j-2.24.3.jar;C:\Users\blessed_k1d\.m2\repository\org\apache\logging\log4j\log4j-api\2.24.3\log4j-api-2.24.3.jar;C:\Users\blessed_k1d\.m2\repository\org\slf4j\jul-to-slf4j\2.0.17\jul-to-slf4j-2.0.17.jar;C:\Users\blessed_k1d\.m2\repository\jakarta\annotation\jakarta.annotation-api\2.1.1\jakarta.annotation-api-2.1.1.jar;C:\Users\blessed_k1d\.m2\repository\org\springframework\spring-core\6.2.5\spring-core-6.2.5.jar;C:\Users\blessed_k1d\.m2\repository\org\springframework\spring-jcl\6.2.5\spring-jcl-6.2.5.jar;C:\Users\blessed_k1d\.m2\repository\org\yaml\snakeyaml\2.3\snakeyaml-2.3.jar;C:\Users\blessed_k1d\.m2\repository\org\springframework\boot\spring-boot-starter-security\3.4.4\spring-boot-starter-security-3.4.4.jar;C:\Users\blessed_k1d\.m2\repository\org\springframework\spring-aop\6.2.5\spring-aop-6.2.5.jar;C:\Users\blessed_k1d\.m2\repository\org\springframework\spring-beans\6.2.5\spring-beans-6.2.5.jar;C:\Users\blessed_k1d\.m2\repository\org\springframework\security\spring-security-config\6.4.4\spring-security-config-6.4.4.jar;C:\Users\blessed_k1d\.m2\repository\org\springframework\security\spring-security-web\6.4.4\spring-security-web-6.4.4.jar;C:\Users\blessed_k1d\.m2\repository\org\springframework\spring-expression\6.2.5\spring-expression-6.2.5.jar;C:\Users\blessed_k1d\.m2\repository\org\springframework\boot\spring-boot-starter-webflux\3.4.4\spring-boot-starter-webflux-3.4.4.jar;C:\Users\blessed_k1d\.m2\repository\org\springframework\boot\spring-boot-starter-json\3.4.4\spring-boot-starter-json-3.4.4.jar;C:\Users\blessed_k1d\.m2\repository\com\fasterxml\jackson\datatype\jackson-datatype-jdk8\2.18.3\jackson-datatype-jdk8-2.18.3.jar;C:\Users\blessed_k1d\.m2\repository\com\fasterxml\jackson\module\jackson-module-parameter-names\2.18.3\jackson-module-parameter-names-2.18.3.jar;C:\Users\blessed_k1d\.m2\repository\org\springframework\boot\spring-boot-starter-reactor-netty\3.4.4\spring-boot-starter-reactor-netty-3.4.4.jar;C:\Users\blessed_k1d\.m2\repository\org\springframework\spring-web\6.2.5\spring-web-6.2.5.jar;C:\Users\blessed_k1d\.m2\repository\io\micrometer\micrometer-observation\1.14.5\micrometer-observation-1.14.5.jar;C:\Users\blessed_k1d\.m2\repository\io\micrometer\micrometer-commons\1.14.5\micrometer-commons-1.14.5.jar;C:\Users\blessed_k1d\.m2\repository\org\springframework\spring-webflux\6.2.5\spring-webflux-6.2.5.jar;C:\Users\blessed_k1d\.m2\repository\io\projectreactor\reactor-core\3.7.4\reactor-core-3.7.4.jar;C:\Users\blessed_k1d\.m2\repository\org\reactivestreams\reactive-streams\1.0.4\reactive-streams-1.0.4.jar;C:\Users\blessed_k1d\.m2\repository\io\projectreactor\netty\reactor-netty\1.2.4\reactor-netty-1.2.4.jar;C:\Users\blessed_k1d\.m2\repository\io\projectreactor\netty\reactor-netty-core\1.2.4\reactor-netty-core-1.2.4.jar;C:\Users\blessed_k1d\.m2\repository\io\netty\netty-handler-proxy\4.1.119.Final\netty-handler-proxy-4.1.119.Final.jar;C:\Users\blessed_k1d\.m2\repository\io\netty\netty-codec-socks\4.1.119.Final\netty-codec-socks-4.1.119.Final.jar;C:\Users\blessed_k1d\.m2\repository\io\netty\netty-resolver-dns\4.1.119.Final\netty-resolver-dns-4.1.119.Final.jar;C:\Users\blessed_k1d\.m2\repository\io\netty\netty-codec-dns\4.1.119.Final\netty-codec-dns-4.1.119.Final.jar;C:\Users\blessed_k1d\.m2\repository\io\netty\netty-resolver-dns-native-macos\4.1.119.Final\netty-resolver-dns-native-macos-4.1.119.Final-osx-x86_64.jar;C:\Users\blessed_k1d\.m2\repository\io\netty\netty-resolver-dns-classes-macos\4.1.119.Final\netty-resolver-dns-classes-macos-4.1.119.Final.jar;C:\Users\blessed_k1d\.m2\repository\io\netty\netty-transport-native-epoll\4.1.119.Final\netty-transport-native-epoll-4.1.119.Final-linux-x86_64.jar;C:\Users\blessed_k1d\.m2\repository\io\netty\netty-transport-classes-epoll\4.1.119.Final\netty-transport-classes-epoll-4.1.119.Final.jar;C:\Users\blessed_k1d\.m2\repository\io\projectreactor\netty\reactor-netty-http\1.2.4\reactor-netty-http-1.2.4.jar;C:\Users\blessed_k1d\.m2\repository\io\netty\netty-codec-http\4.1.119.Final\netty-codec-http-4.1.119.Final.jar;C:\Users\blessed_k1d\.m2\repository\io\netty\netty-codec-http2\4.1.119.Final\netty-codec-http2-4.1.119.Final.jar;C:\Users\blessed_k1d\.m2\repository\io\projectreactor\netty\incubator\reactor-netty-incubator-quic\0.2.4\reactor-netty-incubator-quic-0.2.4.jar;C:\Users\blessed_k1d\.m2\repository\io\netty\incubator\netty-incubator-codec-native-quic\0.0.70.Final\netty-incubator-codec-native-quic-0.0.70.Final-linux-x86_64.jar;C:\Users\blessed_k1d\.m2\repository\io\netty\incubator\netty-incubator-codec-classes-quic\0.0.70.Final\netty-incubator-codec-classes-quic-0.0.70.Final.jar;C:\Users\blessed_k1d\.m2\repository\io\netty\netty-handler\4.1.119.Final\netty-handler-4.1.119.Final.jar;C:\Users\blessed_k1d\.m2\repository\io\netty\netty-common\4.1.119.Final\netty-common-4.1.119.Final.jar;C:\Users\blessed_k1d\.m2\repository\io\netty\netty-resolver\4.1.119.Final\netty-resolver-4.1.119.Final.jar;C:\Users\blessed_k1d\.m2\repository\io\netty\netty-buffer\4.1.119.Final\netty-buffer-4.1.119.Final.jar;C:\Users\blessed_k1d\.m2\repository\io\netty\netty-transport\4.1.119.Final\netty-transport-4.1.119.Final.jar;C:\Users\blessed_k1d\.m2\repository\io\netty\netty-transport-native-unix-common\4.1.119.Final\netty-transport-native-unix-common-4.1.119.Final.jar;C:\Users\blessed_k1d\.m2\repository\io\netty\netty-codec\4.1.119.Final\netty-codec-4.1.119.Final.jar;C:\Users\blessed_k1d\.m2\repository\org\springframework\boot\spring-boot-starter-oauth2-client\3.4.4\spring-boot-starter-oauth2-client-3.4.4.jar;C:\Users\blessed_k1d\.m2\repository\org\springframework\security\spring-security-core\6.4.4\spring-security-core-6.4.4.jar;C:\Users\blessed_k1d\.m2\repository\org\springframework\security\spring-security-crypto\6.4.4\spring-security-crypto-6.4.4.jar;C:\Users\blessed_k1d\.m2\repository\org\springframework\security\spring-security-oauth2-client\6.4.4\spring-security-oauth2-client-6.4.4.jar;C:\Users\blessed_k1d\.m2\repository\com\nimbusds\oauth2-oidc-sdk\9.43.6\oauth2-oidc-sdk-9.43.6.jar;C:\Users\blessed_k1d\.m2\repository\com\nimbusds\content-type\2.2\content-type-2.2.jar;C:\Users\blessed_k1d\.m2\repository\net\minidev\json-smart\2.5.2\json-smart-2.5.2.jar;C:\Users\blessed_k1d\.m2\repository\net\minidev\accessors-smart\2.5.2\accessors-smart-2.5.2.jar;C:\Users\blessed_k1d\.m2\repository\org\ow2\asm\asm\9.7.1\asm-9.7.1.jar;C:\Users\blessed_k1d\.m2\repository\com\nimbusds\lang-tag\1.7\lang-tag-1.7.jar;C:\Users\blessed_k1d\.m2\repository\org\springframework\security\spring-security-oauth2-jose\6.4.4\spring-security-oauth2-jose-6.4.4.jar;C:\Users\blessed_k1d\.m2\repository\org\springframework\boot\spring-boot-starter-oauth2-resource-server\3.4.4\spring-boot-starter-oauth2-resource-server-3.4.4.jar;C:\Users\blessed_k1d\.m2\repository\org\springframework\security\spring-security-oauth2-resource-server\6.4.4\spring-security-oauth2-resource-server-6.4.4.jar;C:\Users\blessed_k1d\.m2\repository\org\springframework\security\spring-security-oauth2-authorization-server\1.4.2\spring-security-oauth2-authorization-server-1.4.2.jar;C:\Users\blessed_k1d\.m2\repository\org\springframework\security\spring-security-oauth2-core\6.4.4\spring-security-oauth2-core-6.4.4.jar;C:\Users\blessed_k1d\.m2\repository\com\fasterxml\jackson\core\jackson-databind\2.18.3\jackson-databind-2.18.3.jar;C:\Users\blessed_k1d\.m2\repository\com\fasterxml\jackson\core\jackson-annotations\2.18.3\jackson-annotations-2.18.3.jar;C:\Users\blessed_k1d\.m2\repository\com\fasterxml\jackson\core\jackson-core\2.18.3\jackson-core-2.18.3.jar;C:\Users\blessed_k1d\.m2\repository\jakarta\persistence\jakarta.persistence-api\3.1.0\jakarta.persistence-api-3.1.0.jar;C:\Users\blessed_k1d\.m2\repository\com\nimbusds\nimbus-jose-jwt\9.31\nimbus-jose-jwt-9.31.jar;C:\Users\blessed_k1d\.m2\repository\com\github\stephenc\jcip\jcip-annotations\1.0-1\jcip-annotations-1.0-1.jar;C:\Users\blessed_k1d\.m2\repository\org\springframework\boot\spring-boot-starter-web\3.4.4\spring-boot-starter-web-3.4.4.jar;C:\Users\blessed_k1d\.m2\repository\org\springframework\boot\spring-boot-starter-tomcat\3.4.4\spring-boot-starter-tomcat-3.4.4.jar;C:\Users\blessed_k1d\.m2\repository\org\apache\tomcat\embed\tomcat-embed-core\10.1.39\tomcat-embed-core-10.1.39.jar;C:\Users\blessed_k1d\.m2\repository\org\apache\tomcat\embed\tomcat-embed-el\10.1.39\tomcat-embed-el-10.1.39.jar;C:\Users\blessed_k1d\.m2\repository\org\apache\tomcat\embed\tomcat-embed-websocket\10.1.39\tomcat-embed-websocket-10.1.39.jar;C:\Users\blessed_k1d\.m2\repository\org\springframework\spring-webmvc\6.2.5\spring-webmvc-6.2.5.jar;C:\Users\blessed_k1d\.m2\repository\org\projectlombok\lombok\1.18.36\lombok-1.18.36.jar;C:\Users\blessed_k1d\.m2\repository\io\jsonwebtoken\jjwt-api\0.11.5\jjwt-api-0.11.5.jar;C:\Users\blessed_k1d\.m2\repository\io\jsonwebtoken\jjwt-impl\0.11.5\jjwt-impl-0.11.5.jar;C:\Users\blessed_k1d\.m2\repository\io\jsonwebtoken\jjwt-jackson\0.11.5\jjwt-jackson-0.11.5.jar;C:\Users\blessed_k1d\.m2\repository\org\springframework\boot\spring-boot-starter-data-jpa\3.4.4\spring-boot-starter-data-jpa-3.4.4.jar;C:\Users\blessed_k1d\.m2\repository\org\springframework\boot\spring-boot-starter-jdbc\3.4.4\spring-boot-starter-jdbc-3.4.4.jar;C:\Users\blessed_k1d\.m2\repository\com\zaxxer\HikariCP\5.1.0\HikariCP-5.1.0.jar;C:\Users\blessed_k1d\.m2\repository\org\springframework\spring-jdbc\6.2.5\spring-jdbc-6.2.5.jar;C:\Users\blessed_k1d\.m2\repository\org\hibernate\orm\hibernate-core\6.6.11.Final\hibernate-core-6.6.11.Final.jar;C:\Users\blessed_k1d\.m2\repository\jakarta\transaction\jakarta.transaction-api\2.0.1\jakarta.transaction-api-2.0.1.jar;C:\Users\blessed_k1d\.m2\repository\org\jboss\logging\jboss-logging\3.6.1.Final\jboss-logging-3.6.1.Final.jar;C:\Users\blessed_k1d\.m2\repository\org\hibernate\common\hibernate-commons-annotations\7.0.3.Final\hibernate-commons-annotations-7.0.3.Final.jar;C:\Users\blessed_k1d\.m2\repository\io\smallrye\jandex\3.2.0\jandex-3.2.0.jar;C:\Users\blessed_k1d\.m2\repository\com\fasterxml\classmate\1.7.0\classmate-1.7.0.jar;C:\Users\blessed_k1d\.m2\repository\net\bytebuddy\byte-buddy\1.15.11\byte-buddy-1.15.11.jar;C:\Users\blessed_k1d\.m2\repository\jakarta\xml\bind\jakarta.xml.bind-api\4.0.2\jakarta.xml.bind-api-4.0.2.jar;C:\Users\blessed_k1d\.m2\repository\jakarta\activation\jakarta.activation-api\2.1.3\jakarta.activation-api-2.1.3.jar;C:\Users\blessed_k1d\.m2\repository\org\glassfish\jaxb\jaxb-runtime\4.0.5\jaxb-runtime-4.0.5.jar;C:\Users\blessed_k1d\.m2\repository\org\glassfish\jaxb\jaxb-core\4.0.5\jaxb-core-4.0.5.jar;C:\Users\blessed_k1d\.m2\repository\org\eclipse\angus\angus-activation\2.0.2\angus-activation-2.0.2.jar;C:\Users\blessed_k1d\.m2\repository\org\glassfish\jaxb\txw2\4.0.5\txw2-4.0.5.jar;C:\Users\blessed_k1d\.m2\repository\com\sun\istack\istack-commons-runtime\4.1.2\istack-commons-runtime-4.1.2.jar;C:\Users\blessed_k1d\.m2\repository\jakarta\inject\jakarta.inject-api\2.0.1\jakarta.inject-api-2.0.1.jar;C:\Users\blessed_k1d\.m2\repository\org\springframework\data\spring-data-jpa\3.4.4\spring-data-jpa-3.4.4.jar;C:\Users\blessed_k1d\.m2\repository\org\springframework\data\spring-data-commons\3.4.4\spring-data-commons-3.4.4.jar;C:\Users\blessed_k1d\.m2\repository\org\springframework\spring-orm\6.2.5\spring-orm-6.2.5.jar;C:\Users\blessed_k1d\.m2\repository\org\springframework\spring-tx\6.2.5\spring-tx-6.2.5.jar;C:\Users\blessed_k1d\.m2\repository\org\slf4j\slf4j-api\2.0.17\slf4j-api-2.0.17.jar;C:\Users\blessed_k1d\.m2\repository\org\springframework\spring-aspects\6.2.5\spring-aspects-6.2.5.jar;C:\Users\blessed_k1d\.m2\repository\org\aspectj\aspectjweaver\1.9.23\aspectjweaver-1.9.23.jar;C:\Users\blessed_k1d\.m2\repository\org\postgresql\postgresql\42.7.5\postgresql-42.7.5.jar;C:\Users\blessed_k1d\.m2\repository\org\checkerframework\checker-qual\3.48.3\checker-qual-3.48.3.jar;C:\Users\blessed_k1d\.m2\repository\org\flywaydb\flyway-core\11.7.0\flyway-core-11.7.0.jar;C:\Users\blessed_k1d\.m2\repository\com\fasterxml\jackson\dataformat\jackson-dataformat-toml\2.18.3\jackson-dataformat-toml-2.18.3.jar;C:\Users\blessed_k1d\.m2\repository\com\fasterxml\jackson\datatype\jackson-datatype-jsr310\2.18.3\jackson-datatype-jsr310-2.18.3.jar;C:\Users\blessed_k1d\.m2\repository\org\antlr\antlr4-runtime\4.13.2\antlr4-runtime-4.13.2.jar
Launcher Type: SUN_STANDARD

[Global flags]
     intx CICompilerCount                          = 4                                         {product} {ergonomic}
     uint ConcGCThreads                            = 2                                         {product} {ergonomic}
     uint G1ConcRefinementThreads                  = 8                                         {product} {ergonomic}
   size_t G1HeapRegionSize                         = 1048576                                   {product} {ergonomic}
   size_t InitialHeapSize                          = 100663296                                 {product} {ergonomic}
     bool ManagementServer                         = true                                      {product} {command line}
   size_t MarkStackSize                            = 4194304                                   {product} {ergonomic}
   size_t MarkStackSizeMax                         = 536870912                                 {product} {ergonomic}
   size_t MaxHeapSize                              = 1579155456                                {product} {ergonomic}
   size_t MinHeapDeltaBytes                        = 1048576                                   {product} {ergonomic}
   size_t MinHeapSize                              = 8388608                                   {product} {ergonomic}
    uintx NonNMethodCodeHeapSize                   = 4096                                   {pd product} {ergonomic}
    uintx NonProfiledCodeHeapSize                  = 0                                      {pd product} {ergonomic}
     bool ProfileInterpreter                       = false                                  {pd product} {command line}
    uintx ProfiledCodeHeapSize                     = 0                                      {pd product} {ergonomic}
   size_t SoftMaxHeapSize                          = 1579155456                             {manageable} {ergonomic}
     intx TieredStopAtLevel                        = 1                                         {product} {command line}
     bool UseCompressedOops                        = true                           {product lp64_product} {ergonomic}
     bool UseG1GC                                  = true                                      {product} {ergonomic}
     bool UseLargePagesIndividualAllocation        = false                                  {pd product} {ergonomic}

Logging:
Log output configuration:
 #0: stdout all=warning uptime,level,tags foldmultilines=false
 #1: stderr all=off uptime,level,tags foldmultilines=false

Environment Variables:
JAVA_HOME=C:\Program Files\Zulu\zulu-23\
PATH=C:\Program Files\Zulu\zulu-23\bin\;C:\Program Files\Zulu\zulu-8\bin\;C:\Program Files\Common Files\Oracle\Java\javapath;C:\Program Files (x86)\Common Files\Oracle\Java\java8path;C:\ProgramData\Oracle\Java\javapath;C:\Program Files\Microsoft\jdk-11.0.16.101-hotspot\bin;C:\Windows\system32;C:\Windows;C:\Windows\System32\Wbem;C:\Windows\System32\WindowsPowerShell\v1.0\;C:\Windows\System32\OpenSSH\;C:\Program Files\Microsoft SQL Server\150\Tools\Binn\;C:\Program Files\Microsoft SQL Server\Client SDK\ODBC\170\Tools\Binn\;C:\Program Files\PuTTY\;C:\Program Files (x86)\Microsoft SQL Server\160\Tools\Binn\;C:\Program Files\Microsoft SQL Server\160\Tools\Binn\;C:\Program Files\Microsoft SQL Server\160\DTS\Binn\;C:\Program Files\dotnet\;C:\Program Files\nodejs\;C:\Users\blessed_k1d\AppData\Local\Programs\Python\Python313\Scripts\;C:\Users\blessed_k1d\AppData\Local\Programs\Python\Python313\;C:\Users\blessed_k1d\AppData\Local\Microsoft\WindowsApps;C:\Users\blessed_k1d\AppData\Local\Programs\Microsoft VS Code\bin;C:\Users\blessed_k1d\.dotnet\tools;C:\Users\blessed_k1d\AppData\Roaming\npm;C:\Program Files\Java\jre1.8.0_51\bin;D:\programs\IntelliJ IDEA Community Edition 2024.3\bin;D:\JetBrains\IntelliJ IDEA 2024.3.2.1\bin
USERNAME=blessed_k1d
OS=Windows_NT
PROCESSOR_IDENTIFIER=AMD64 Family 23 Model 24 Stepping 1, AuthenticAMD
TMP=C:\Users\BLESSE~1\AppData\Local\Temp
TEMP=C:\Users\BLESSE~1\AppData\Local\Temp




Periodic native trim disabled

---------------  S Y S T E M  ---------------

OS:
 Windows 10 , 64 bit Build 18362 (10.0.18362.329)
OS uptime: 76 days 22:14 hours

CPU: total 8 (initial active 8) (8 cores per cpu, 2 threads per core) family 23 model 24 stepping 1 microcode 0x0, cx8, cmov, fxsr, ht, mmx, 3dnowpref, sse, sse2, sse3, ssse3, sse4a, sse4.1, sse4.2, popcnt, lzcnt, tsc, tscinvbit, avx, avx2, aes, clmul, bmi1, bmi2, adx, sha, fma, vzeroupper, clflush, clflushopt, rdtscp, f16c
Processor Information for the first 8 processors :
  Max Mhz: 2100, Current Mhz: 2100, Mhz Limit: 2100

Memory: 4k page, system-wide physical 6019M (486M free)
TotalPageFile size 19195M (AvailPageFile size 55M)
current process WorkingSet (physical memory assigned to process): 12M, peak: 12M
current process commit charge ("private bytes"): 56M, peak: 151M

vm_info: OpenJDK 64-Bit Server VM (23.0.1+11-39) for windows-amd64 JRE (23.0.1+11-39), built on 2024-09-30T07:20:43Z with MS VC++ 17.6 (VS2022)

END.
