#
# There is insufficient memory for the Java Runtime Environment to continue.
# Native memory allocation (malloc) failed to allocate 61736 bytes. Error detail: Chunk::new
# Possible reasons:
#   The system is out of physical RAM or swap space
#   This process is running with CompressedOops enabled, and the Java Heap may be blocking the growth of the native heap
# Possible solutions:
#   Reduce memory load on the system
#   Increase physical memory or swap space
#   Check if swap backing store is full
#   Decrease Java heap size (-Xmx/-Xms)
#   Decrease number of Java threads
#   Decrease Java thread stack sizes (-Xss)
#   Set larger code cache with -XX:ReservedCodeCacheSize=
#   JVM is running with Unscaled Compressed Oops mode in which the Java heap is
#     placed in the first 4GB address space. The Java Heap base address is the
#     maximum limit for the native heap growth. Please use -XX:HeapBaseMinAddress
#     to set the Java Heap base and to place the Java Heap above 4GB virtual address.
# This output file may be truncated or incomplete.
#
#  Out of Memory Error (arena.cpp:149), pid=1904, tid=2860
#
# JRE version: OpenJDK Runtime Environment (23.0.1+11) (build 23.0.1+11-39)
# Java VM: OpenJDK 64-Bit Server VM (23.0.1+11-39, mixed mode, emulated-client, sharing, tiered, compressed oops, compressed class ptrs, g1 gc, windows-amd64)
# No core dump will be written. Minidumps are not enabled by default on client versions of Windows
#

---------------  S U M M A R Y ------------

Command Line: -XX:TieredStopAtLevel=1 -Dspring.output.ansi.enabled=always -Dcom.sun.management.jmxremote -Dspring.jmx.enabled=true -Dspring.liveBeansView.mbeanDomain -Dspring.application.admin.enabled=true -Dmanagement.endpoints.jmx.exposure.include=* -javaagent:D:\JetBrains\IntelliJ IDEA 2024.3.2.1\lib\idea_rt.jar=51305:D:\JetBrains\IntelliJ IDEA 2024.3.2.1\bin -Dfile.encoding=UTF-8 -Dsun.stdout.encoding=UTF-8 -Dsun.stderr.encoding=UTF-8 com.raxat.oauthlib.Oauth2Application

Host: AMD Ryzen 5 3500U with Radeon Vega Mobile Gfx  , 8 cores, 5G,  Windows 10 , 64 bit Build 18362 (10.0.18362.329)
Time: Sat Apr 12 10:13:08 2025 RTZ 2 (зима) elapsed time: 2.959840 seconds (0d 0h 0m 2s)

---------------  T H R E A D  ---------------

Current thread (0x000001f75a525040):  JavaThread "background-preinit"        [_thread_in_vm, id=2860, stack(0x000000e37c100000,0x000000e37c200000) (1024K)]

Stack: [0x000000e37c100000,0x000000e37c200000]
Native frames: (J=compiled Java code, j=interpreted, Vv=VM code, C=native code)
V  [jvm.dll+0x6e08b9]  (no source info available)
V  [jvm.dll+0x87dc83]  (no source info available)
V  [jvm.dll+0x88010e]  (no source info available)
V  [jvm.dll+0x8807e3]  (no source info available)
V  [jvm.dll+0x27aee6]  (no source info available)
V  [jvm.dll+0xbc06f]  (no source info available)
V  [jvm.dll+0xbc2cb]  (no source info available)
V  [jvm.dll+0x21a831]  (no source info available)
V  [jvm.dll+0x219a01]  (no source info available)
V  [jvm.dll+0x7f3130]  (no source info available)
V  [jvm.dll+0x7f41d6]  (no source info available)
V  [jvm.dll+0x7f47e4]  (no source info available)
V  [jvm.dll+0x7f4468]  (no source info available)
V  [jvm.dll+0x2689cb]  (no source info available)
V  [jvm.dll+0x268bf6]  (no source info available)
V  [jvm.dll+0x5e1da1]  (no source info available)
V  [jvm.dll+0x5e43f4]  (no source info available)
V  [jvm.dll+0x3d573a]  (no source info available)
V  [jvm.dll+0x3d51c0]  (no source info available)
C  0x000001f70cea6e3c  (no source info available)

The last pc belongs to getstatic (printed below).
Java frames: (J=compiled Java code, j=interpreted, Vv=VM code)
j  sun.util.cldr.CLDRBaseLocaleDataMetaInfo.tzCanonicalIDs()Ljava/util/Map;+0 java.base@23.0.1
j  sun.util.cldr.CLDRLocaleProviderAdapter.canonicalTZID(Ljava/lang/String;)Ljava/util/Optional;+3 java.base@23.0.1
j  sun.util.locale.provider.TimeZoneNameUtility.canonicalTZID(Ljava/lang/String;)Ljava/util/Optional;+10 java.base@23.0.1
j  sun.util.locale.provider.LocaleResources.getTimeZoneNames(Ljava/lang/String;)Ljava/lang/Object;+170 java.base@23.0.1
j  sun.util.locale.provider.TimeZoneNameProviderImpl.getDisplayNameArray(Ljava/lang/String;Ljava/util/Locale;)[Ljava/lang/String;+22 java.base@23.0.1
j  sun.util.cldr.CLDRTimeZoneNameProviderImpl.deriveFallbackName([Ljava/lang/String;ILjava/util/Locale;Z)V+111 java.base@23.0.1
j  sun.util.cldr.CLDRTimeZoneNameProviderImpl.getDisplayNameArray(Ljava/lang/String;Ljava/util/Locale;)[Ljava/lang/String;+162 java.base@23.0.1
j  sun.util.locale.provider.TimeZoneNameProviderImpl.getDisplayName(Ljava/lang/String;ZILjava/util/Locale;)Ljava/lang/String;+4 java.base@23.0.1
j  sun.util.locale.provider.TimeZoneNameUtility$TimeZoneNameGetter.getName(Ljava/util/spi/TimeZoneNameProvider;Ljava/util/Locale;Ljava/lang/String;ILjava/lang/String;)Ljava/lang/String;+126 java.base@23.0.1
j  sun.util.locale.provider.TimeZoneNameUtility$TimeZoneNameGetter.getObject(Ljava/util/spi/TimeZoneNameProvider;Ljava/util/Locale;Ljava/lang/String;[Ljava/lang/Object;)Ljava/lang/String;+49 java.base@23.0.1
j  sun.util.locale.provider.TimeZoneNameUtility$TimeZoneNameGetter.getObject(Ljava/util/spi/LocaleServiceProvider;Ljava/util/Locale;Ljava/lang/String;[Ljava/lang/Object;)Ljava/lang/Object;+9 java.base@23.0.1
j  sun.util.locale.provider.LocaleServiceProviderPool.getLocalizedObjectImpl(Lsun/util/locale/provider/LocaleServiceProviderPool$LocalizedObjectGetter;Ljava/util/Locale;ZLjava/lang/String;[Ljava/lang/Object;)Ljava/lang/Object;+93 java.base@23.0.1
j  sun.util.locale.provider.LocaleServiceProviderPool.getLocalizedObject(Lsun/util/locale/provider/LocaleServiceProviderPool$LocalizedObjectGetter;Ljava/util/Locale;Ljava/lang/String;[Ljava/lang/Object;)Ljava/lang/Object;+7 java.base@23.0.1
j  sun.util.locale.provider.TimeZoneNameUtility.retrieveDisplayNamesImpl(Ljava/lang/String;Ljava/util/Locale;)[Ljava/lang/String;+140 java.base@23.0.1
j  sun.util.locale.provider.TimeZoneNameUtility.retrieveDisplayName(Ljava/lang/String;ZILjava/util/Locale;)Ljava/lang/String;+2 java.base@23.0.1
j  java.util.TimeZone.getDisplayName(ZILjava/util/Locale;)Ljava/lang/String;+47 java.base@23.0.1
j  java.text.SimpleDateFormat.subFormat(IILjava/text/Format$FieldDelegate;Ljava/lang/StringBuffer;Z)V+991 java.base@23.0.1
j  java.text.SimpleDateFormat.format(Ljava/util/Date;Ljava/lang/StringBuffer;Ljava/text/Format$FieldDelegate;)Ljava/lang/StringBuffer;+163 java.base@23.0.1
j  java.text.SimpleDateFormat.format(Ljava/util/Date;Ljava/lang/StringBuffer;Ljava/text/FieldPosition;)Ljava/lang/StringBuffer;+17 java.base@23.0.1
j  java.text.DateFormat.format(Ljava/util/Date;)Ljava/lang/String;+12 java.base@23.0.1
j  org.apache.tomcat.util.http.CookieProcessorBase.<clinit>()V+30
v  ~StubRoutines::call_stub 0x000001f70ce90fcd
j  org.springframework.boot.autoconfigure.BackgroundPreinitializer$TomcatInitializer.run()V+0
j  org.springframework.boot.autoconfigure.BackgroundPreinitializer$1.runSafely(Ljava/lang/Runnable;)Z+1
j  org.springframework.boot.autoconfigure.BackgroundPreinitializer$1.run()V+70
j  java.lang.Thread.runWith(Ljava/lang/Object;Ljava/lang/Runnable;)V+5 java.base@23.0.1
j  java.lang.Thread.run()V+19 java.base@23.0.1
v  ~StubRoutines::call_stub 0x000001f70ce90fcd
Lock stack of current Java thread (top to bottom):

getstatic  178 getstatic  [0x000001f70cea6da0, 0x000001f70cea6fa0]  512 bytes
[MachCode]
  0x000001f70cea6da0: 4883 ec08 | c5fa 1104 | 24eb 1f48 | 83ec 10c5 | fb11 0424 | eb14 4883 | ec10 4889 | 0424 48c7 
  0x000001f70cea6dc0: 4424 0800 | 0000 00eb | 0150 488b | 4dd0 410f | b755 0148 | 8b49 286b | d218 488d | 4c11 080f 
  0x000001f70cea6de0: b659 1281 | fbb2 0000 | 000f 84bd | 0000 00bb | b200 0000 | e805 0000 | 00e9 9900 | 0000 488b 
  0x000001f70cea6e00: d348 8d44 | 2408 4c89 | 6dc0 498b | cfc5 f877 | 4989 afb0 | 0300 0049 | 8987 a003 | 0000 4883 
  0x000001f70cea6e20: ec20 40f6 | c40f 0f84 | 1900 0000 | 4883 ec08 | 48b8 6051 | a07d fb7f | 0000 ffd0 | 4883 c408 
  0x000001f70cea6e40: e90c 0000 | 0048 b860 | 51a0 7dfb | 7f00 00ff | d048 83c4 | 2049 c787 | a003 0000 | 0000 0000 
  0x000001f70cea6e60: 49c7 87b0 | 0300 0000 | 0000 0049 | c787 a803 | 0000 0000 | 0000 c5f8 | 7749 837f | 0800 0f84 
  0x000001f70cea6e80: 0500 0000 | e937 a0fe | ff4c 8b6d | c04c 8b75 | c84e 8d74 | f500 c348 | 8b4d d041 | 0fb7 5501 
  0x000001f70cea6ea0: 488b 4928 | 6bd2 1848 | 8d4c 1108 | 8b59 080f | b651 110f | b641 104c | 8b09 4d8b | 4970 4d8b 
  0x000001f70cea6ec0: 0985 c00f | 850b 0000 | 0041 0fbe | 0419 50e9 | b100 0000 | 83f8 010f | 850b 0000 | 0041 0fb6 
  0x000001f70cea6ee0: 0419 50e9 | 9d00 0000 | 83f8 080f | 850a 0000 | 0041 8b04 | 1950 e98a | 0000 0083 | f804 0f85 
  0x000001f70cea6f00: 0a00 0000 | 418b 0419 | 50e9 7700 | 0000 83f8 | 020f 850b | 0000 0041 | 0fb7 0419 | 50e9 6300 
  0x000001f70cea6f20: 0000 83f8 | 030f 850b | 0000 0041 | 0fbf 0419 | 50e9 4f00 | 0000 83f8 | 050f 851a | 0000 0049 
  0x000001f70cea6f40: 8b04 1948 | 83ec 1048 | 8904 2448 | c744 2408 | 0000 0000 | e92c 0000 | 0083 f806 | 0f85 1400 
  0x000001f70cea6f60: 0000 c4c1 | 7a10 0419 | 4883 ec08 | c5fa 1104 | 24e9 0f00 | 0000 c4c1 | 7b10 0419 | 4883 ec10 
  0x000001f70cea6f80: c5fb 1104 | 2441 0fb6 | 5d03 4983 | c503 49ba | 507e 2b7e | fb7f 0000 | 41ff 24da | 0f1f 4000 
[/MachCode]

---------------  P R O C E S S  ---------------

Threads class SMR info:
_java_thread_list=0x000001f75af129e0, length=19, elements={
0x000001f7023c45a0, 0x000001f7144aa350, 0x000001f7144ab420, 0x000001f7144b29a0,
0x000001f7144b36c0, 0x000001f7144b5490, 0x000001f7144be0b0, 0x000001f7144c41d0,
0x000001f7149a9260, 0x000001f714a01a60, 0x000001f714c9f4d0, 0x000001f75a27d180,
0x000001f75a27d7f0, 0x000001f75a524320, 0x000001f75a525d60, 0x000001f75a5249b0,
0x000001f75a5263f0, 0x000001f75a5277a0, 0x000001f75a525040
}

Java Threads: ( => current thread )
  0x000001f7023c45a0 JavaThread "main"                              [_thread_in_vm, id=9872, stack(0x000000e37a100000,0x000000e37a200000) (1024K)]
  0x000001f7144aa350 JavaThread "Reference Handler"          daemon [_thread_blocked, id=3200, stack(0x000000e37a900000,0x000000e37aa00000) (1024K)]
  0x000001f7144ab420 JavaThread "Finalizer"                  daemon [_thread_blocked, id=18148, stack(0x000000e37aa00000,0x000000e37ab00000) (1024K)]
  0x000001f7144b29a0 JavaThread "Signal Dispatcher"          daemon [_thread_blocked, id=1704, stack(0x000000e37ab00000,0x000000e37ac00000) (1024K)]
  0x000001f7144b36c0 JavaThread "Attach Listener"            daemon [_thread_blocked, id=19416, stack(0x000000e37ac00000,0x000000e37ad00000) (1024K)]
  0x000001f7144b5490 JavaThread "Service Thread"             daemon [_thread_blocked, id=236, stack(0x000000e37ad00000,0x000000e37ae00000) (1024K)]
  0x000001f7144be0b0 JavaThread "Monitor Deflation Thread"   daemon [_thread_blocked, id=18116, stack(0x000000e37ae00000,0x000000e37af00000) (1024K)]
  0x000001f7144c41d0 JavaThread "C1 CompilerThread0"         daemon [_thread_blocked, id=7604, stack(0x000000e37af00000,0x000000e37b000000) (1024K)]
  0x000001f7149a9260 JavaThread "Common-Cleaner"             daemon [_thread_blocked, id=1048, stack(0x000000e37b000000,0x000000e37b100000) (1024K)]
  0x000001f714a01a60 JavaThread "C1 CompilerThread1"         daemon [_thread_blocked, id=6828, stack(0x000000e37b100000,0x000000e37b200000) (1024K)]
  0x000001f714c9f4d0 JavaThread "C1 CompilerThread2"         daemon [_thread_blocked, id=17712, stack(0x000000e37b200000,0x000000e37b300000) (1024K)]
  0x000001f75a27d180 JavaThread "Monitor Ctrl-Break"         daemon [_thread_in_native, id=6652, stack(0x000000e37b300000,0x000000e37b400000) (1024K)]
  0x000001f75a27d7f0 JavaThread "Notification Thread"        daemon [_thread_blocked, id=9680, stack(0x000000e37b400000,0x000000e37b500000) (1024K)]
  0x000001f75a524320 JavaThread "RMI TCP Accept-0"           daemon [_thread_in_native, id=12560, stack(0x000000e37b500000,0x000000e37b600000) (1024K)]
  0x000001f75a525d60 JavaThread "RMI TCP Connection(1)-192.168.56.1" daemon [_thread_in_native, id=12904, stack(0x000000e37b600000,0x000000e37b700000) (1024K)]
  0x000001f75a5249b0 JavaThread "RMI Scheduler(0)"           daemon [_thread_blocked, id=21848, stack(0x000000e37b700000,0x000000e37b800000) (1024K)]
  0x000001f75a5263f0 JavaThread "JMX server connection timeout 26" daemon [_thread_blocked, id=15264, stack(0x000000e37b800000,0x000000e37b900000) (1024K)]
  0x000001f75a5277a0 JavaThread "RMI TCP Connection(2)-192.168.56.1" daemon [_thread_in_native, id=4356, stack(0x000000e37c000000,0x000000e37c100000) (1024K)]
=>0x000001f75a525040 JavaThread "background-preinit"                [_thread_in_vm, id=2860, stack(0x000000e37c100000,0x000000e37c200000) (1024K)]
Total: 19

Other Threads:
  0x000001f714495440 VMThread "VM Thread"                           [id=18560, stack(0x000000e37a800000,0x000000e37a900000) (1024K)]
  0x000001f714483ae0 WatcherThread "VM Periodic Task Thread"        [id=1632, stack(0x000000e37a700000,0x000000e37a800000) (1024K)]
  0x000001f7047c1ee0 WorkerThread "GC Thread#0"                     [id=19228, stack(0x000000e37a200000,0x000000e37a300000) (1024K)]
  0x000001f75a6af390 WorkerThread "GC Thread#1"                     [id=15636, stack(0x000000e37b900000,0x000000e37ba00000) (1024K)]
  0x000001f75a6a6af0 WorkerThread "GC Thread#2"                     [id=1884, stack(0x000000e37ba00000,0x000000e37bb00000) (1024K)]
  0x000001f75a6e65e0 WorkerThread "GC Thread#3"                     [id=5716, stack(0x000000e37bb00000,0x000000e37bc00000) (1024K)]
  0x000001f75a6e6da0 WorkerThread "GC Thread#4"                     [id=5472, stack(0x000000e37bc00000,0x000000e37bd00000) (1024K)]
  0x000001f75a6e7150 WorkerThread "GC Thread#5"                     [id=21404, stack(0x000000e37bd00000,0x000000e37be00000) (1024K)]
  0x000001f75a6e7d10 WorkerThread "GC Thread#6"                     [id=21632, stack(0x000000e37be00000,0x000000e37bf00000) (1024K)]
  0x000001f75a6e8d50 WorkerThread "GC Thread#7"                     [id=8176, stack(0x000000e37bf00000,0x000000e37c000000) (1024K)]
  0x000001f70247cef0 ConcurrentGCThread "G1 Main Marker"            [id=11384, stack(0x000000e37a300000,0x000000e37a400000) (1024K)]
  0x000001f70247de50 WorkerThread "G1 Conc#0"                       [id=13040, stack(0x000000e37a400000,0x000000e37a500000) (1024K)]
  0x000001f70481ce30 ConcurrentGCThread "G1 Refine#0"               [id=7956, stack(0x000000e37a500000,0x000000e37a600000) (1024K)]
  0x000001f70481e8d0 ConcurrentGCThread "G1 Service"                [id=10420, stack(0x000000e37a600000,0x000000e37a700000) (1024K)]
Total: 14

Threads with active compile tasks:
Total: 0

VM state: not at safepoint (normal execution)

VM Mutex/Monitor currently owned by a thread:  ([mutex/lock_event])
[0x00007ffb7e2a1890] Metaspace_lock - owner thread: 0x000001f7023c45a0

OutOfMemory and StackOverflow Exception counts:
OutOfMemoryError java_heap_errors=2
LinkageErrors=62

Heap address: 0x00000000a1e00000, size: 1506 MB, Compressed Oops mode: 32-bit

CDS archive(s) mapped at: [0x000001f715000000-0x000001f715d70000-0x000001f715d70000), size 14090240, SharedBaseAddress: 0x000001f715000000, ArchiveRelocationMode: 1.
Compressed class space mapped at: 0x000001f716000000-0x000001f756000000, reserved size: 1073741824
Narrow klass base: 0x000001f715000000, Narrow klass shift: 0, Narrow klass range: 0x41000000

GC Precious Log:
 CardTable entry size: 512
 Card Set container configuration: InlinePtr #cards 5 size 8 Array Of Cards #cards 10 size 36 Howl #buckets 4 coarsen threshold 1843 Howl Bitmap #cards 512 size 80 coarsen threshold 460 Card regions per heap region 1 cards per card region 2048
 CPUs: 8 total, 8 available
 Memory: 6019M
 Large Page Support: Disabled
 NUMA Support: Disabled
 Compressed Oops: Enabled (32-bit)
 Heap Region Size: 1M
 Heap Min Capacity: 8M
 Heap Initial Capacity: 96M
 Heap Max Capacity: 1506M
 Pre-touch: Disabled
 Parallel Workers: 8
 Concurrent Workers: 2
 Concurrent Refinement Workers: 8
 Periodic GC: Disabled

Heap:
 garbage-first heap   total reserved 1542144K, committed 98304K, used 29578K [0x00000000a1e00000, 0x0000000100000000)
  region size 1024K, 21 young (21504K), 2 survivors (2048K)
 Metaspace       used 17028K, committed 17344K, reserved 1114112K
  class space    used 2350K, committed 2496K, reserved 1048576K

Heap Regions: E=young(eden), S=young(survivor), O=old, HS=humongous(starts), HC=humongous(continues), CS=collection set, F=free, TAMS=top-at-mark-start, PB=parsable bottom
|   0|0x00000000a1e00000, 0x00000000a1f00000, 0x00000000a1f00000|100%|HS|  |TAMS 0x00000000a1e00000| PB 0x00000000a1e00000| Complete |  0
|   1|0x00000000a1f00000, 0x00000000a2000000, 0x00000000a2000000|100%|HS|  |TAMS 0x00000000a1f00000| PB 0x00000000a1f00000| Complete |  0
|   2|0x00000000a2000000, 0x00000000a2100000, 0x00000000a2100000|100%| O|  |TAMS 0x00000000a2000000| PB 0x00000000a2000000| Untracked |  0
|   3|0x00000000a2100000, 0x00000000a2200000, 0x00000000a2200000|100%| O|  |TAMS 0x00000000a2100000| PB 0x00000000a2100000| Untracked |  0
|   4|0x00000000a2200000, 0x00000000a2300000, 0x00000000a2300000|100%| O|  |TAMS 0x00000000a2200000| PB 0x00000000a2200000| Untracked |  0
|   5|0x00000000a2300000, 0x00000000a2400000, 0x00000000a2400000|100%| O|  |TAMS 0x00000000a2300000| PB 0x00000000a2300000| Untracked |  0
|   6|0x00000000a2400000, 0x00000000a2500000, 0x00000000a2500000|100%| O|  |TAMS 0x00000000a2400000| PB 0x00000000a2400000| Untracked |  0
|   7|0x00000000a2500000, 0x00000000a2600000, 0x00000000a2600000|100%| O|  |TAMS 0x00000000a2500000| PB 0x00000000a2500000| Untracked |  0
|   8|0x00000000a2600000, 0x00000000a2700000, 0x00000000a2700000|100%| O|  |TAMS 0x00000000a2600000| PB 0x00000000a2600000| Untracked |  0
|   9|0x00000000a2700000, 0x00000000a2800000, 0x00000000a2800000|100%| O|  |TAMS 0x00000000a2700000| PB 0x00000000a2700000| Untracked |  0
|  10|0x00000000a2800000, 0x00000000a2800000, 0x00000000a2900000|  0%| F|  |TAMS 0x00000000a2800000| PB 0x00000000a2800000| Untracked |  0
|  11|0x00000000a2900000, 0x00000000a2900000, 0x00000000a2a00000|  0%| F|  |TAMS 0x00000000a2900000| PB 0x00000000a2900000| Untracked |  0
|  12|0x00000000a2a00000, 0x00000000a2a00000, 0x00000000a2b00000|  0%| F|  |TAMS 0x00000000a2a00000| PB 0x00000000a2a00000| Untracked |  0
|  13|0x00000000a2b00000, 0x00000000a2b00000, 0x00000000a2c00000|  0%| F|  |TAMS 0x00000000a2b00000| PB 0x00000000a2b00000| Untracked |  0
|  14|0x00000000a2c00000, 0x00000000a2c00000, 0x00000000a2d00000|  0%| F|  |TAMS 0x00000000a2c00000| PB 0x00000000a2c00000| Untracked |  0
|  15|0x00000000a2d00000, 0x00000000a2d00000, 0x00000000a2e00000|  0%| F|  |TAMS 0x00000000a2d00000| PB 0x00000000a2d00000| Untracked |  0
|  16|0x00000000a2e00000, 0x00000000a2e00000, 0x00000000a2f00000|  0%| F|  |TAMS 0x00000000a2e00000| PB 0x00000000a2e00000| Untracked |  0
|  17|0x00000000a2f00000, 0x00000000a2f00000, 0x00000000a3000000|  0%| F|  |TAMS 0x00000000a2f00000| PB 0x00000000a2f00000| Untracked |  0
|  18|0x00000000a3000000, 0x00000000a3000000, 0x00000000a3100000|  0%| F|  |TAMS 0x00000000a3000000| PB 0x00000000a3000000| Untracked |  0
|  19|0x00000000a3100000, 0x00000000a3100000, 0x00000000a3200000|  0%| F|  |TAMS 0x00000000a3100000| PB 0x00000000a3100000| Untracked |  0
|  20|0x00000000a3200000, 0x00000000a3200000, 0x00000000a3300000|  0%| F|  |TAMS 0x00000000a3200000| PB 0x00000000a3200000| Untracked |  0
|  21|0x00000000a3300000, 0x00000000a3300000, 0x00000000a3400000|  0%| F|  |TAMS 0x00000000a3300000| PB 0x00000000a3300000| Untracked |  0
|  22|0x00000000a3400000, 0x00000000a3400000, 0x00000000a3500000|  0%| F|  |TAMS 0x00000000a3400000| PB 0x00000000a3400000| Untracked |  0
|  23|0x00000000a3500000, 0x00000000a3500000, 0x00000000a3600000|  0%| F|  |TAMS 0x00000000a3500000| PB 0x00000000a3500000| Untracked |  0
|  24|0x00000000a3600000, 0x00000000a3600000, 0x00000000a3700000|  0%| F|  |TAMS 0x00000000a3600000| PB 0x00000000a3600000| Untracked |  0
|  25|0x00000000a3700000, 0x00000000a3700000, 0x00000000a3800000|  0%| F|  |TAMS 0x00000000a3700000| PB 0x00000000a3700000| Untracked |  0
|  26|0x00000000a3800000, 0x00000000a3800000, 0x00000000a3900000|  0%| F|  |TAMS 0x00000000a3800000| PB 0x00000000a3800000| Untracked |  0
|  27|0x00000000a3900000, 0x00000000a3900000, 0x00000000a3a00000|  0%| F|  |TAMS 0x00000000a3900000| PB 0x00000000a3900000| Untracked |  0
|  28|0x00000000a3a00000, 0x00000000a3a00000, 0x00000000a3b00000|  0%| F|  |TAMS 0x00000000a3a00000| PB 0x00000000a3a00000| Untracked |  0
|  29|0x00000000a3b00000, 0x00000000a3b00000, 0x00000000a3c00000|  0%| F|  |TAMS 0x00000000a3b00000| PB 0x00000000a3b00000| Untracked |  0
|  30|0x00000000a3c00000, 0x00000000a3c00000, 0x00000000a3d00000|  0%| F|  |TAMS 0x00000000a3c00000| PB 0x00000000a3c00000| Untracked |  0
|  31|0x00000000a3d00000, 0x00000000a3d00000, 0x00000000a3e00000|  0%| F|  |TAMS 0x00000000a3d00000| PB 0x00000000a3d00000| Untracked |  0
|  32|0x00000000a3e00000, 0x00000000a3e00000, 0x00000000a3f00000|  0%| F|  |TAMS 0x00000000a3e00000| PB 0x00000000a3e00000| Untracked |  0
|  33|0x00000000a3f00000, 0x00000000a3f00000, 0x00000000a4000000|  0%| F|  |TAMS 0x00000000a3f00000| PB 0x00000000a3f00000| Untracked |  0
|  34|0x00000000a4000000, 0x00000000a4000000, 0x00000000a4100000|  0%| F|  |TAMS 0x00000000a4000000| PB 0x00000000a4000000| Untracked |  0
|  35|0x00000000a4100000, 0x00000000a4100000, 0x00000000a4200000|  0%| F|  |TAMS 0x00000000a4100000| PB 0x00000000a4100000| Untracked |  0
|  36|0x00000000a4200000, 0x00000000a4200000, 0x00000000a4300000|  0%| F|  |TAMS 0x00000000a4200000| PB 0x00000000a4200000| Untracked |  0
|  37|0x00000000a4300000, 0x00000000a4300000, 0x00000000a4400000|  0%| F|  |TAMS 0x00000000a4300000| PB 0x00000000a4300000| Untracked |  0
|  38|0x00000000a4400000, 0x00000000a4400000, 0x00000000a4500000|  0%| F|  |TAMS 0x00000000a4400000| PB 0x00000000a4400000| Untracked |  0
|  39|0x00000000a4500000, 0x00000000a4500000, 0x00000000a4600000|  0%| F|  |TAMS 0x00000000a4500000| PB 0x00000000a4500000| Untracked |  0
|  40|0x00000000a4600000, 0x00000000a4600000, 0x00000000a4700000|  0%| F|  |TAMS 0x00000000a4600000| PB 0x00000000a4600000| Untracked |  0
|  41|0x00000000a4700000, 0x00000000a4700000, 0x00000000a4800000|  0%| F|  |TAMS 0x00000000a4700000| PB 0x00000000a4700000| Untracked |  0
|  42|0x00000000a4800000, 0x00000000a4800000, 0x00000000a4900000|  0%| F|  |TAMS 0x00000000a4800000| PB 0x00000000a4800000| Untracked |  0
|  43|0x00000000a4900000, 0x00000000a4900000, 0x00000000a4a00000|  0%| F|  |TAMS 0x00000000a4900000| PB 0x00000000a4900000| Untracked |  0
|  44|0x00000000a4a00000, 0x00000000a4a00000, 0x00000000a4b00000|  0%| F|  |TAMS 0x00000000a4a00000| PB 0x00000000a4a00000| Untracked |  0
|  45|0x00000000a4b00000, 0x00000000a4b00000, 0x00000000a4c00000|  0%| F|  |TAMS 0x00000000a4b00000| PB 0x00000000a4b00000| Untracked |  0
|  46|0x00000000a4c00000, 0x00000000a4c00000, 0x00000000a4d00000|  0%| F|  |TAMS 0x00000000a4c00000| PB 0x00000000a4c00000| Untracked |  0
|  47|0x00000000a4d00000, 0x00000000a4d00000, 0x00000000a4e00000|  0%| F|  |TAMS 0x00000000a4d00000| PB 0x00000000a4d00000| Untracked |  0
|  48|0x00000000a4e00000, 0x00000000a4e00000, 0x00000000a4f00000|  0%| F|  |TAMS 0x00000000a4e00000| PB 0x00000000a4e00000| Untracked |  0
|  49|0x00000000a4f00000, 0x00000000a4f00000, 0x00000000a5000000|  0%| F|  |TAMS 0x00000000a4f00000| PB 0x00000000a4f00000| Untracked |  0
|  50|0x00000000a5000000, 0x00000000a5000000, 0x00000000a5100000|  0%| F|  |TAMS 0x00000000a5000000| PB 0x00000000a5000000| Untracked |  0
|  51|0x00000000a5100000, 0x00000000a5100000, 0x00000000a5200000|  0%| F|  |TAMS 0x00000000a5100000| PB 0x00000000a5100000| Untracked |  0
|  52|0x00000000a5200000, 0x00000000a5200000, 0x00000000a5300000|  0%| F|  |TAMS 0x00000000a5200000| PB 0x00000000a5200000| Untracked |  0
|  53|0x00000000a5300000, 0x00000000a5300000, 0x00000000a5400000|  0%| F|  |TAMS 0x00000000a5300000| PB 0x00000000a5300000| Untracked |  0
|  54|0x00000000a5400000, 0x00000000a5400000, 0x00000000a5500000|  0%| F|  |TAMS 0x00000000a5400000| PB 0x00000000a5400000| Untracked |  0
|  55|0x00000000a5500000, 0x00000000a5500000, 0x00000000a5600000|  0%| F|  |TAMS 0x00000000a5500000| PB 0x00000000a5500000| Untracked |  0
|  56|0x00000000a5600000, 0x00000000a5600000, 0x00000000a5700000|  0%| F|  |TAMS 0x00000000a5600000| PB 0x00000000a5600000| Untracked |  0
|  57|0x00000000a5700000, 0x00000000a5700000, 0x00000000a5800000|  0%| F|  |TAMS 0x00000000a5700000| PB 0x00000000a5700000| Untracked |  0
|  58|0x00000000a5800000, 0x00000000a5800000, 0x00000000a5900000|  0%| F|  |TAMS 0x00000000a5800000| PB 0x00000000a5800000| Untracked |  0
|  59|0x00000000a5900000, 0x00000000a5900000, 0x00000000a5a00000|  0%| F|  |TAMS 0x00000000a5900000| PB 0x00000000a5900000| Untracked |  0
|  60|0x00000000a5a00000, 0x00000000a5a00000, 0x00000000a5b00000|  0%| F|  |TAMS 0x00000000a5a00000| PB 0x00000000a5a00000| Untracked |  0
|  61|0x00000000a5b00000, 0x00000000a5b00000, 0x00000000a5c00000|  0%| F|  |TAMS 0x00000000a5b00000| PB 0x00000000a5b00000| Untracked |  0
|  62|0x00000000a5c00000, 0x00000000a5c00000, 0x00000000a5d00000|  0%| F|  |TAMS 0x00000000a5c00000| PB 0x00000000a5c00000| Untracked |  0
|  63|0x00000000a5d00000, 0x00000000a5d00000, 0x00000000a5e00000|  0%| F|  |TAMS 0x00000000a5d00000| PB 0x00000000a5d00000| Untracked |  0
|  64|0x00000000a5e00000, 0x00000000a5e00000, 0x00000000a5f00000|  0%| F|  |TAMS 0x00000000a5e00000| PB 0x00000000a5e00000| Untracked |  0
|  65|0x00000000a5f00000, 0x00000000a5f00000, 0x00000000a6000000|  0%| F|  |TAMS 0x00000000a5f00000| PB 0x00000000a5f00000| Untracked |  0
|  66|0x00000000a6000000, 0x00000000a6000000, 0x00000000a6100000|  0%| F|  |TAMS 0x00000000a6000000| PB 0x00000000a6000000| Untracked |  0
|  67|0x00000000a6100000, 0x00000000a6100000, 0x00000000a6200000|  0%| F|  |TAMS 0x00000000a6100000| PB 0x00000000a6100000| Untracked |  0
|  68|0x00000000a6200000, 0x00000000a6200000, 0x00000000a6300000|  0%| F|  |TAMS 0x00000000a6200000| PB 0x00000000a6200000| Untracked |  0
|  69|0x00000000a6300000, 0x00000000a6300000, 0x00000000a6400000|  0%| F|  |TAMS 0x00000000a6300000| PB 0x00000000a6300000| Untracked |  0
|  70|0x00000000a6400000, 0x00000000a6400000, 0x00000000a6500000|  0%| F|  |TAMS 0x00000000a6400000| PB 0x00000000a6400000| Untracked |  0
|  71|0x00000000a6500000, 0x00000000a6500000, 0x00000000a6600000|  0%| F|  |TAMS 0x00000000a6500000| PB 0x00000000a6500000| Untracked |  0
|  72|0x00000000a6600000, 0x00000000a6600000, 0x00000000a6700000|  0%| F|  |TAMS 0x00000000a6600000| PB 0x00000000a6600000| Untracked |  0
|  73|0x00000000a6700000, 0x00000000a6700000, 0x00000000a6800000|  0%| F|  |TAMS 0x00000000a6700000| PB 0x00000000a6700000| Untracked |  0
|  74|0x00000000a6800000, 0x00000000a68e2860, 0x00000000a6900000| 88%| S|CS|TAMS 0x00000000a6800000| PB 0x00000000a6800000| Complete |  0
|  75|0x00000000a6900000, 0x00000000a6a00000, 0x00000000a6a00000|100%| S|CS|TAMS 0x00000000a6900000| PB 0x00000000a6900000| Complete |  0
|  76|0x00000000a6a00000, 0x00000000a6a00000, 0x00000000a6b00000|  0%| F|  |TAMS 0x00000000a6a00000| PB 0x00000000a6a00000| Untracked |  0
|  77|0x00000000a6b00000, 0x00000000a6b61a28, 0x00000000a6c00000| 38%| E|  |TAMS 0x00000000a6b00000| PB 0x00000000a6b00000| Complete |  1
|  78|0x00000000a6c00000, 0x00000000a6d00000, 0x00000000a6d00000|100%| E|CS|TAMS 0x00000000a6c00000| PB 0x00000000a6c00000| Complete |  0
|  79|0x00000000a6d00000, 0x00000000a6e00000, 0x00000000a6e00000|100%| E|CS|TAMS 0x00000000a6d00000| PB 0x00000000a6d00000| Complete |  0
|  80|0x00000000a6e00000, 0x00000000a6f00000, 0x00000000a6f00000|100%| E|CS|TAMS 0x00000000a6e00000| PB 0x00000000a6e00000| Complete |  0
|  81|0x00000000a6f00000, 0x00000000a7000000, 0x00000000a7000000|100%| E|CS|TAMS 0x00000000a6f00000| PB 0x00000000a6f00000| Complete |  0
|  82|0x00000000a7000000, 0x00000000a7100000, 0x00000000a7100000|100%| E|CS|TAMS 0x00000000a7000000| PB 0x00000000a7000000| Complete |  0
|  83|0x00000000a7100000, 0x00000000a7200000, 0x00000000a7200000|100%| E|CS|TAMS 0x00000000a7100000| PB 0x00000000a7100000| Complete |  0
|  84|0x00000000a7200000, 0x00000000a7300000, 0x00000000a7300000|100%| E|CS|TAMS 0x00000000a7200000| PB 0x00000000a7200000| Complete |  0
|  85|0x00000000a7300000, 0x00000000a7400000, 0x00000000a7400000|100%| E|CS|TAMS 0x00000000a7300000| PB 0x00000000a7300000| Complete |  0
|  86|0x00000000a7400000, 0x00000000a7500000, 0x00000000a7500000|100%| E|CS|TAMS 0x00000000a7400000| PB 0x00000000a7400000| Complete |  0
|  87|0x00000000a7500000, 0x00000000a7600000, 0x00000000a7600000|100%| E|CS|TAMS 0x00000000a7500000| PB 0x00000000a7500000| Complete |  0
|  88|0x00000000a7600000, 0x00000000a7700000, 0x00000000a7700000|100%| E|CS|TAMS 0x00000000a7600000| PB 0x00000000a7600000| Complete |  0
|  89|0x00000000a7700000, 0x00000000a7800000, 0x00000000a7800000|100%| E|CS|TAMS 0x00000000a7700000| PB 0x00000000a7700000| Complete |  0
|  90|0x00000000a7800000, 0x00000000a7900000, 0x00000000a7900000|100%| E|  |TAMS 0x00000000a7800000| PB 0x00000000a7800000| Complete |  0
|  91|0x00000000a7900000, 0x00000000a7a00000, 0x00000000a7a00000|100%| E|CS|TAMS 0x00000000a7900000| PB 0x00000000a7900000| Complete |  0
|  92|0x00000000a7a00000, 0x00000000a7b00000, 0x00000000a7b00000|100%| E|CS|TAMS 0x00000000a7a00000| PB 0x00000000a7a00000| Complete |  0
|  93|0x00000000a7b00000, 0x00000000a7c00000, 0x00000000a7c00000|100%| E|CS|TAMS 0x00000000a7b00000| PB 0x00000000a7b00000| Complete |  0
|  94|0x00000000a7c00000, 0x00000000a7d00000, 0x00000000a7d00000|100%| E|CS|TAMS 0x00000000a7c00000| PB 0x00000000a7c00000| Complete |  0
|  95|0x00000000a7d00000, 0x00000000a7e00000, 0x00000000a7e00000|100%| E|CS|TAMS 0x00000000a7d00000| PB 0x00000000a7d00000| Complete |  0

Card table byte_map: [0x000001f7103b0000,0x000001f7106b0000] _byte_map_base: 0x000001f70fea1000

Marking Bits: (CMBitMap*) 0x000001f7047c2500
 Bits: [0x000001f7106b0000, 0x000001f711e38000)

Polling page: 0x000001f7025f0000

Metaspace:

Usage:
  Non-class:     14.33 MB used.
      Class:      2.30 MB used.
       Both:     16.63 MB used.

Virtual space:
  Non-class space:       64.00 MB reserved,      14.50 MB ( 23%) committed,  1 nodes.
      Class space:        1.00 GB reserved,       2.44 MB ( <1%) committed,  1 nodes.
             Both:        1.06 GB reserved,      16.94 MB (  2%) committed. 

Chunk freelists:
   Non-Class:  1.11 MB
       Class:  13.44 MB
        Both:  14.55 MB

MaxMetaspaceSize: unlimited
CompressedClassSpaceSize: 1.00 GB
Initial GC threshold: 21.00 MB
Current GC threshold: 21.00 MB
CDS: on
 - commit_granule_bytes: 65536.
 - commit_granule_words: 8192.
 - virtual_space_node_default_size: 8388608.
 - enlarge_chunks_in_place: 1.
 - use_allocation_guard: 0.


Internal statistics:

num_allocs_failed_limit: 0.
num_arena_births: 434.
num_arena_deaths: 0.
num_vsnodes_births: 2.
num_vsnodes_deaths: 0.
num_space_committed: 271.
num_space_uncommitted: 0.
num_chunks_returned_to_freelist: 0.
num_chunks_taken_from_freelist: 907.
num_chunk_merges: 0.
num_chunk_splits: 584.
num_chunks_enlarged: 371.
num_inconsistent_stats: 0.

CodeCache: size=49152Kb used=5451Kb max_used=5451Kb free=43700Kb
 bounds [0x000001f70ce90000, 0x000001f70d3f0000, 0x000001f70fe90000]
 total_blobs=3197, nmethods=2663, adapters=457, full_count=1
Compilation: disabled (not enough contiguous free space left), stopped_count=1, restarted_count=0

Compilation events (20 events):
Event: 2.889 Thread 0x000001f714a01a60 2655       1       jdk.internal.classfile.impl.MethodInfo::receiverSlot (24 bytes)
Event: 2.889 Thread 0x000001f714c9f4d0 nmethod 2653 0x000001f70d3ddc88 code [0x000001f70d3ddda0, 0x000001f70d3dde68]
Event: 2.889 Thread 0x000001f7144c41d0 nmethod 2654 0x000001f70d3ddf88 code [0x000001f70d3de0c0, 0x000001f70d3de2c8]
Event: 2.889 Thread 0x000001f714a01a60 nmethod 2655 0x000001f70d3de308 code [0x000001f70d3de420, 0x000001f70d3de5e0]
Event: 2.890 Thread 0x000001f714a01a60 2656       1       java.lang.reflect.Proxy$ProxyBuilder::addElementTypes (33 bytes)
Event: 2.891 Thread 0x000001f714a01a60 nmethod 2656 0x000001f70d3de688 code [0x000001f70d3de7c0, 0x000001f70d3de9a8]
Event: 2.893 Thread 0x000001f714a01a60 2657       1       jdk.internal.loader.AbstractClassLoaderValue::map (20 bytes)
Event: 2.893 Thread 0x000001f714a01a60 nmethod 2657 0x000001f70d3dea08 code [0x000001f70d3deb20, 0x000001f70d3dec08]
Event: 2.894 Thread 0x000001f714a01a60 2658       1       java.util.Collections$EmptyMap::values (4 bytes)
Event: 2.894 Thread 0x000001f714c9f4d0 2659       1       java.util.Collections$EmptySet::toArray (11 bytes)
Event: 2.894 Thread 0x000001f7144c41d0 2660       1       java.lang.invoke.DirectMethodHandle$Holder::invokeStatic (14 bytes)
Event: 2.894 Thread 0x000001f714a01a60 nmethod 2658 0x000001f70d3ded08 code [0x000001f70d3dee20, 0x000001f70d3deef0]
Event: 2.894 Thread 0x000001f714c9f4d0 nmethod 2659 0x000001f70d3df008 code [0x000001f70d3df120, 0x000001f70d3df240]
Event: 2.894 Thread 0x000001f7144c41d0 nmethod 2660 0x000001f70d3df308 code [0x000001f70d3df420, 0x000001f70d3df540]
Event: 2.898 Thread 0x000001f7144c41d0 2661       1       java.util.Collections$SingletonList::size (2 bytes)
Event: 2.898 Thread 0x000001f714c9f4d0 2662       1       java.lang.reflect.Method::hashCode (19 bytes)
Event: 2.898 Thread 0x000001f7144c41d0 nmethod 2661 0x000001f70d3df608 code [0x000001f70d3df720, 0x000001f70d3df7e8]
Event: 2.898 Thread 0x000001f714c9f4d0 nmethod 2662 0x000001f70d3df908 code [0x000001f70d3dfa40, 0x000001f70d3dfb98]
Event: 2.898 Thread 0x000001f714c9f4d0 2663       1       org.springframework.core.annotation.AnnotationTypeMapping::getAttributes (5 bytes)
Event: 2.898 Thread 0x000001f714c9f4d0 nmethod 2663 0x000001f70d3dfc08 code [0x000001f70d3dfd20, 0x000001f70d3dfde8]

GC Heap History (4 events):
Event: 1.658 GC heap before
{Heap before GC invocations=0 (full 0):
 garbage-first heap   total reserved 1542144K, committed 98304K, used 25600K [0x00000000a1e00000, 0x0000000100000000)
  region size 1024K, 24 young (24576K), 0 survivors (0K)
 Metaspace       used 7284K, committed 7552K, reserved 1114112K
  class space    used 934K, committed 1088K, reserved 1048576K
}
Event: 1.672 GC heap after
{Heap after GC invocations=1 (full 0):
 garbage-first heap   total reserved 1542144K, committed 98304K, used 9984K [0x00000000a1e00000, 0x0000000100000000)
  region size 1024K, 3 young (3072K), 3 survivors (3072K)
 Metaspace       used 7284K, committed 7552K, reserved 1114112K
  class space    used 934K, committed 1088K, reserved 1048576K
}
Event: 2.616 GC heap before
{Heap before GC invocations=1 (full 0):
 garbage-first heap   total reserved 1542144K, committed 98304K, used 30464K [0x00000000a1e00000, 0x0000000100000000)
  region size 1024K, 23 young (23552K), 3 survivors (3072K)
 Metaspace       used 11999K, committed 12352K, reserved 1114112K
  class space    used 1668K, committed 1792K, reserved 1048576K
}
Event: 2.624 GC heap after
{Heap after GC invocations=2 (full 0):
 garbage-first heap   total reserved 1542144K, committed 98304K, used 12170K [0x00000000a1e00000, 0x0000000100000000)
  region size 1024K, 2 young (2048K), 2 survivors (2048K)
 Metaspace       used 11999K, committed 12352K, reserved 1114112K
  class space    used 1668K, committed 1792K, reserved 1048576K
}

Dll operation events (11 events):
Event: 0.018 Loaded shared library C:\Users\blessed_k1d\.jdks\openjdk-23.0.1\bin\java.dll
Event: 0.341 Loaded shared library C:\Users\blessed_k1d\.jdks\openjdk-23.0.1\bin\zip.dll
Event: 0.348 Loaded shared library C:\Users\blessed_k1d\.jdks\openjdk-23.0.1\bin\instrument.dll
Event: 0.357 Loaded shared library C:\Users\blessed_k1d\.jdks\openjdk-23.0.1\bin\net.dll
Event: 0.361 Loaded shared library C:\Users\blessed_k1d\.jdks\openjdk-23.0.1\bin\nio.dll
Event: 0.367 Loaded shared library C:\Users\blessed_k1d\.jdks\openjdk-23.0.1\bin\zip.dll
Event: 0.483 Loaded shared library C:\Users\blessed_k1d\.jdks\openjdk-23.0.1\bin\jimage.dll
Event: 0.651 Loaded shared library D:\JetBrains\IntelliJ IDEA 2024.3.2.1\bin\breakgen64.dll
Event: 0.689 Loaded shared library C:\Users\blessed_k1d\.jdks\openjdk-23.0.1\bin\extnet.dll
Event: 0.709 Loaded shared library C:\Users\blessed_k1d\.jdks\openjdk-23.0.1\bin\management.dll
Event: 0.746 Loaded shared library C:\Users\blessed_k1d\.jdks\openjdk-23.0.1\bin\management_ext.dll

Deoptimization events (0 events):
No events

Classes loaded (20 events):
Event: 2.890 Loading class java/beans/Transient done
Event: 2.890 Loading class java/beans/ConstructorProperties
Event: 2.890 Loading class java/beans/ConstructorProperties done
Event: 2.894 Loading class java/io/InvalidObjectException
Event: 2.894 Loading class java/io/InvalidObjectException done
Event: 2.896 Loading class java/util/concurrent/ConcurrentLinkedQueue
Event: 2.896 Loading class java/util/concurrent/ConcurrentLinkedQueue done
Event: 2.897 Loading class java/util/concurrent/ConcurrentLinkedQueue$Node
Event: 2.897 Loading class java/util/concurrent/ConcurrentLinkedQueue$Node done
Event: 2.898 Loading class java/util/concurrent/atomic/AtomicLongArray
Event: 2.898 Loading class java/util/concurrent/atomic/AtomicLongArray done
Event: 2.899 Loading class java/lang/ExceptionInInitializerError
Event: 2.899 Loading class java/lang/ExceptionInInitializerError done
Event: 2.904 Loading class java/lang/ThreadLocal$SuppliedThreadLocal
Event: 2.904 Loading class java/lang/ThreadLocal$SuppliedThreadLocal done
Event: 2.949 Loading class sun/text/resources/cldr/FormatData_en
Event: 2.950 Loading class sun/text/resources/cldr/FormatData_en done
Event: 2.950 Loading class sun/text/resources/cldr/FormatData_en_US
Event: 2.950 Loading class sun/text/resources/cldr/FormatData_en_US done
Event: 2.958 Loading class sun/util/cldr/CLDRBaseLocaleDataMetaInfo$CLDRMapHolder

Classes unloaded (0 events):
No events

Classes redefined (0 events):
No events

Internal exceptions (20 events):
Event: 2.458 Thread 0x000001f7023c45a0 Exception <a 'java/lang/NoSuchMethodError'{0x00000000a6d314b8}: 'java.lang.Object java.lang.invoke.DirectMethodHandle$Holder.newInvokeSpecial(java.lang.Object, java.lang.Object, java.lang.Object, int, java.lang.Object)'> (0x00000000a6d314b8) 
thrown [s\open\src\hotspot\share\interpreter\linkResolver.cpp, line 796]
Event: 2.459 Thread 0x000001f7023c45a0 Exception <a 'java/lang/NoSuchMethodError'{0x00000000a6d38a90}: 'java.lang.Object java.lang.invoke.Invokers$Holder.linkToTargetMethod(java.lang.Object, java.lang.Object, int, java.lang.Object, java.lang.Object)'> (0x00000000a6d38a90) 
thrown [s\open\src\hotspot\share\interpreter\linkResolver.cpp, line 796]
Event: 2.460 Thread 0x000001f7023c45a0 Exception <a 'java/lang/NoSuchMethodError'{0x00000000a6d3f708}: 'int java.lang.invoke.DirectMethodHandle$Holder.invokeStatic(java.lang.Object, int, java.lang.Object, java.lang.Object)'> (0x00000000a6d3f708) 
thrown [s\open\src\hotspot\share\interpreter\linkResolver.cpp, line 796]
Event: 2.461 Thread 0x000001f7023c45a0 Exception <a 'java/lang/NoSuchMethodError'{0x00000000a6d46530}: 'java.lang.Object java.lang.invoke.DirectMethodHandle$Holder.newInvokeSpecial(java.lang.Object, int, java.lang.Object)'> (0x00000000a6d46530) 
thrown [s\open\src\hotspot\share\interpreter\linkResolver.cpp, line 796]
Event: 2.462 Thread 0x000001f7023c45a0 Exception <a 'java/lang/NoSuchMethodError'{0x00000000a6d4a588}: 'int java.lang.invoke.DirectMethodHandle$Holder.invokeSpecialIFC(java.lang.Object, java.lang.Object, java.lang.Object, java.lang.Object)'> (0x00000000a6d4a588) 
thrown [s\open\src\hotspot\share\interpreter\linkResolver.cpp, line 796]
Event: 2.494 Thread 0x000001f7023c45a0 Exception <a 'java/lang/NoSuchMethodError'{0x00000000a6c301f0}: 'void java.lang.invoke.DirectMethodHandle$Holder.invokeInterface(java.lang.Object, java.lang.Object, java.lang.Object)'> (0x00000000a6c301f0) 
thrown [s\open\src\hotspot\share\interpreter\linkResolver.cpp, line 796]
Event: 2.530 Thread 0x000001f7023c45a0 Exception <a 'java/lang/NoSuchMethodError'{0x00000000a6cb6c40}: 'java.lang.Object java.lang.invoke.DirectMethodHandle$Holder.invokeVirtual(java.lang.Object, java.lang.Object, java.lang.Object)'> (0x00000000a6cb6c40) 
thrown [s\open\src\hotspot\share\interpreter\linkResolver.cpp, line 796]
Event: 2.563 Thread 0x000001f7023c45a0 Exception <a 'java/lang/NoSuchMethodError'{0x00000000a6b9a5a8}: 'void java.lang.invoke.DirectMethodHandle$Holder.invokeStatic(java.lang.Object, java.lang.Object, int)'> (0x00000000a6b9a5a8) 
thrown [s\open\src\hotspot\share\interpreter\linkResolver.cpp, line 796]
Event: 2.568 Thread 0x000001f7023c45a0 Exception <a 'java/lang/NoSuchMethodError'{0x00000000a6ba9da0}: 'void java.lang.invoke.DirectMethodHandle$Holder.invokeStaticInit(java.lang.Object, java.lang.Object, java.lang.Object)'> (0x00000000a6ba9da0) 
thrown [s\open\src\hotspot\share\interpreter\linkResolver.cpp, line 796]
Event: 2.591 Thread 0x000001f7023c45a0 Exception <a 'java/lang/NoSuchMethodError'{0x00000000a6a49650}: 'void java.lang.invoke.DirectMethodHandle$Holder.invokeVirtual(java.lang.Object, java.lang.Object, java.lang.Object, java.lang.Object)'> (0x00000000a6a49650) 
thrown [s\open\src\hotspot\share\interpreter\linkResolver.cpp, line 796]
Event: 2.634 Thread 0x000001f75a525d60 Exception <a 'java/lang/NoSuchMethodError'{0x00000000a7d596a8}: 'long java.lang.invoke.DirectMethodHandle$Holder.invokeVirtual(java.lang.Object, java.lang.Object)'> (0x00000000a7d596a8) 
thrown [s\open\src\hotspot\share\interpreter\linkResolver.cpp, line 796]
Event: 2.635 Thread 0x000001f75a525d60 Exception <a 'java/lang/NoSuchMethodError'{0x00000000a7d5cca0}: 'long java.lang.invoke.DelegatingMethodHandle$Holder.reinvoke_L(java.lang.Object, java.lang.Object)'> (0x00000000a7d5cca0) 
thrown [s\open\src\hotspot\share\interpreter\linkResolver.cpp, line 796]
Event: 2.693 Thread 0x000001f75a525040 Exception <a 'java/lang/NoClassDefFoundError'{0x00000000a7bdefb8}: jakarta/validation/Validation> (0x00000000a7bdefb8) 
thrown [s\open\src\hotspot\share\classfile\systemDictionary.cpp, line 302]
Event: 2.694 Thread 0x000001f7023c45a0 Exception <a 'java/lang/NoSuchMethodError'{0x00000000a7bfff18}: 'java.lang.reflect.Field[] java.lang.Class.getDeclaredFields(java.lang.Class)'> (0x00000000a7bfff18) 
thrown [s\open\src\hotspot\share\interpreter\linkResolver.cpp, line 796]
Event: 2.695 Thread 0x000001f7023c45a0 Exception <a 'java/lang/NoSuchMethodError'{0x00000000a7a048a8}: 'java.lang.Object java.lang.invoke.DirectMethodHandle$Holder.invokeStatic(java.lang.Object, java.lang.Object, int)'> (0x00000000a7a048a8) 
thrown [s\open\src\hotspot\share\interpreter\linkResolver.cpp, line 796]
Event: 2.696 Thread 0x000001f7023c45a0 Exception <a 'java/lang/NoSuchMethodError'{0x00000000a7a0fa60}: 'void java.lang.invoke.DelegatingMethodHandle$Holder.delegate(java.lang.Object, java.lang.Object, int, java.lang.Object)'> (0x00000000a7a0fa60) 
thrown [s\open\src\hotspot\share\interpreter\linkResolver.cpp, line 796]
Event: 2.706 Thread 0x000001f7023c45a0 Exception <a 'java/lang/IncompatibleClassChangeError'{0x00000000a7945278}: Found class java.lang.Object, but interface was expected> (0x00000000a7945278) 
thrown [s\open\src\hotspot\share\interpreter\linkResolver.cpp, line 863]
Event: 2.899 Thread 0x000001f75a525040 Exception <a 'java/lang/OutOfMemoryError'{0x00000000a6e89a88}: Out of space in CodeCache for adapters> (0x00000000a6e89a88) 
thrown [s\open\src\hotspot\share\oops\method.cpp, line 1233]
Event: 2.899 Thread 0x000001f75a525040 Exception <a 'java/lang/OutOfMemoryError'{0x00000000a6e89a88}> (0x00000000a6e89a88) 
thrown [s\open\src\hotspot\share\oops\instanceKlass.cpp, line 1236]
Event: 2.900 Thread 0x000001f75a525040 Exception <a 'java/lang/NoClassDefFoundError'{0x00000000a6e8c148}: Could not initialize class com.fasterxml.jackson.databind.ObjectMapper> (0x00000000a6e8c148) 
thrown [s\open\src\hotspot\share\oops\instanceKlass.cpp, line 1143]

VM Operations (20 events):
Event: 1.368 Executing VM operation: HandshakeAllThreads (Deoptimize)
Event: 1.369 Executing VM operation: HandshakeAllThreads (Deoptimize) done
Event: 1.456 Executing VM operation: HandshakeAllThreads (Deoptimize)
Event: 1.456 Executing VM operation: HandshakeAllThreads (Deoptimize) done
Event: 1.464 Executing VM operation: HandshakeAllThreads (Deoptimize)
Event: 1.464 Executing VM operation: HandshakeAllThreads (Deoptimize) done
Event: 1.471 Executing VM operation: HandshakeAllThreads (Deoptimize)
Event: 1.474 Executing VM operation: HandshakeAllThreads (Deoptimize) done
Event: 1.658 Executing VM operation: G1CollectForAllocation (G1 Evacuation Pause)
Event: 1.672 Executing VM operation: G1CollectForAllocation (G1 Evacuation Pause) done
Event: 1.935 Executing VM operation: HandshakeAllThreads (Deoptimize)
Event: 1.935 Executing VM operation: HandshakeAllThreads (Deoptimize) done
Event: 2.616 Executing VM operation: G1CollectForAllocation (G1 Evacuation Pause)
Event: 2.624 Executing VM operation: G1CollectForAllocation (G1 Evacuation Pause) done
Event: 2.676 Executing VM operation: HandshakeAllThreads (Deoptimize)
Event: 2.676 Executing VM operation: HandshakeAllThreads (Deoptimize) done
Event: 2.680 Executing VM operation: HandshakeAllThreads (Deoptimize)
Event: 2.680 Executing VM operation: HandshakeAllThreads (Deoptimize) done
Event: 2.955 Executing VM operation: HandshakeAllThreads (Deoptimize)
Event: 2.955 Executing VM operation: HandshakeAllThreads (Deoptimize) done

Memory protections (0 events):
No events

Nmethod flushes (0 events):
No events

Events (20 events):
Event: 0.060 Thread 0x000001f7023c45a0 Thread added: 0x000001f7144b29a0
Event: 0.060 Thread 0x000001f7023c45a0 Thread added: 0x000001f7144b36c0
Event: 0.060 Thread 0x000001f7023c45a0 Thread added: 0x000001f7144b5490
Event: 0.060 Thread 0x000001f7023c45a0 Thread added: 0x000001f7144be0b0
Event: 0.060 Thread 0x000001f7023c45a0 Thread added: 0x000001f7144c41d0
Event: 0.296 Thread 0x000001f7023c45a0 Thread added: 0x000001f7149a9260
Event: 0.313 Thread 0x000001f7144c41d0 Thread added: 0x000001f714a01a60
Event: 0.459 Thread 0x000001f714a01a60 Thread added: 0x000001f714c9f4d0
Event: 0.652 Thread 0x000001f7023c45a0 Thread added: 0x000001f75a27d180
Event: 0.652 Thread 0x000001f7023c45a0 Thread added: 0x000001f75a27d7f0
Event: 1.343 Thread 0x000001f7144b36c0 Thread added: 0x000001f75a524320
Event: 1.391 Thread 0x000001f75a524320 Thread added: 0x000001f75a525d60
Event: 1.433 Thread 0x000001f75a525d60 Thread added: 0x000001f75a5249b0
Event: 1.452 Thread 0x000001f75a525d60 Thread added: 0x000001f75a5263f0
Event: 2.209 Thread 0x000001f75a524320 Thread added: 0x000001f75a5277a0
Event: 2.211 Thread 0x000001f75a5277a0 Thread added: 0x000001f75a5256d0
Event: 2.247 Thread 0x000001f75a5256d0 Thread exited: 0x000001f75a5256d0
Event: 2.690 Thread 0x000001f7023c45a0 Thread added: 0x000001f75a525040
Event: 2.751 Thread 0x000001f75a525d60 Thread added: 0x000001f75a5256d0
Event: 2.757 Thread 0x000001f75a5256d0 Thread exited: 0x000001f75a5256d0


Dynamic libraries:
0x00007ff61e9d0000 - 0x00007ff61e9de000 	C:\Users\blessed_k1d\.jdks\openjdk-23.0.1\bin\java.exe
0x00007ffbcd440000 - 0x00007ffbcd630000 	C:\Windows\SYSTEM32\ntdll.dll
0x00007ffbcd210000 - 0x00007ffbcd2c2000 	C:\Windows\System32\KERNEL32.DLL
0x00007ffbca840000 - 0x00007ffbcaae3000 	C:\Windows\System32\KERNELBASE.dll
0x00007ffbca3d0000 - 0x00007ffbca4ca000 	C:\Windows\System32\ucrtbase.dll
0x00007ffb89dd0000 - 0x00007ffb89deb000 	C:\Users\blessed_k1d\.jdks\openjdk-23.0.1\bin\VCRUNTIME140.dll
0x00007ffbaa5a0000 - 0x00007ffbaa5b7000 	C:\Users\blessed_k1d\.jdks\openjdk-23.0.1\bin\jli.dll
0x00007ffbccfd0000 - 0x00007ffbcd164000 	C:\Windows\System32\USER32.dll
0x00007ffbca810000 - 0x00007ffbca831000 	C:\Windows\System32\win32u.dll
0x00007ffbcd1e0000 - 0x00007ffbcd206000 	C:\Windows\System32\GDI32.dll
0x00007ffbca4d0000 - 0x00007ffbca664000 	C:\Windows\System32\gdi32full.dll
0x00007ffbca670000 - 0x00007ffbca70e000 	C:\Windows\System32\msvcp_win.dll
0x00007ffbbaa00000 - 0x00007ffbbac85000 	C:\Windows\WinSxS\amd64_microsoft.windows.common-controls_6595b64144ccf1df_6.0.18362.476_none_e6c4b11b130f2595\COMCTL32.dll
0x00007ffbcb610000 - 0x00007ffbcb6ae000 	C:\Windows\System32\msvcrt.dll
0x00007ffbcb840000 - 0x00007ffbcbb76000 	C:\Windows\System32\combase.dll
0x00007ffbcb4f0000 - 0x00007ffbcb610000 	C:\Windows\System32\RPCRT4.dll
0x00007ffbca710000 - 0x00007ffbca790000 	C:\Windows\System32\bcryptPrimitives.dll
0x00007ffbcb6b0000 - 0x00007ffbcb6de000 	C:\Windows\System32\IMM32.DLL
0x00007ffbaa590000 - 0x00007ffbaa59c000 	C:\Users\blessed_k1d\.jdks\openjdk-23.0.1\bin\vcruntime140_1.dll
0x00007ffb887b0000 - 0x00007ffb8883e000 	C:\Users\blessed_k1d\.jdks\openjdk-23.0.1\bin\msvcp140.dll
0x00007ffb7d630000 - 0x00007ffb7e37f000 	C:\Users\blessed_k1d\.jdks\openjdk-23.0.1\bin\server\jvm.dll
0x00007ffbcd2d0000 - 0x00007ffbcd373000 	C:\Windows\System32\ADVAPI32.dll
0x00007ffbccdf0000 - 0x00007ffbcce87000 	C:\Windows\System32\sechost.dll
0x00007ffbca360000 - 0x00007ffbca3aa000 	C:\Windows\System32\POWRPROF.dll
0x00007ffbca310000 - 0x00007ffbca320000 	C:\Windows\System32\UMPDC.dll
0x00007ffbccf60000 - 0x00007ffbccfcf000 	C:\Windows\System32\WS2_32.dll
0x00007ffbc8280000 - 0x00007ffbc82a4000 	C:\Windows\SYSTEM32\WINMM.dll
0x00007ffbc27a0000 - 0x00007ffbc27aa000 	C:\Windows\SYSTEM32\VERSION.dll
0x00007ffbc7e00000 - 0x00007ffbc7e2d000 	C:\Windows\SYSTEM32\winmmbase.dll
0x00007ffbcb270000 - 0x00007ffbcb2ba000 	C:\Windows\System32\cfgmgr32.dll
0x00007ffbca320000 - 0x00007ffbca331000 	C:\Windows\System32\kernel.appcore.dll
0x00007ffb8b1d0000 - 0x00007ffb8b1da000 	C:\Users\blessed_k1d\.jdks\openjdk-23.0.1\bin\jimage.dll
0x00007ffbc2c80000 - 0x00007ffbc2e74000 	C:\Windows\SYSTEM32\DBGHELP.DLL
0x00007ffbaf3f0000 - 0x00007ffbaf41a000 	C:\Windows\SYSTEM32\dbgcore.DLL
0x00007ffbaa890000 - 0x00007ffbaa89f000 	C:\Users\blessed_k1d\.jdks\openjdk-23.0.1\bin\instrument.dll
0x00007ffb89db0000 - 0x00007ffb89dce000 	C:\Users\blessed_k1d\.jdks\openjdk-23.0.1\bin\java.dll
0x00007ffbccc20000 - 0x00007ffbccd76000 	C:\Windows\System32\ole32.dll
0x00007ffbcbff0000 - 0x00007ffbcc6d5000 	C:\Windows\System32\SHELL32.dll
0x00007ffbccb70000 - 0x00007ffbccc19000 	C:\Windows\System32\shcore.dll
0x00007ffbcaaf0000 - 0x00007ffbcb26e000 	C:\Windows\System32\windows.storage.dll
0x00007ffbca340000 - 0x00007ffbca35f000 	C:\Windows\System32\profapi.dll
0x00007ffbccd80000 - 0x00007ffbccdd2000 	C:\Windows\System32\shlwapi.dll
0x00007ffbca790000 - 0x00007ffbca7a7000 	C:\Windows\System32\cryptsp.dll
0x00007ffb89920000 - 0x00007ffb89937000 	C:\Users\blessed_k1d\.jdks\openjdk-23.0.1\bin\zip.dll
0x00007ffb8aeb0000 - 0x00007ffb8aec0000 	C:\Users\blessed_k1d\.jdks\openjdk-23.0.1\bin\net.dll
0x00007ffbc9b20000 - 0x00007ffbc9b87000 	C:\Windows\system32\mswsock.dll
0x00007ffb89d40000 - 0x00007ffb89d56000 	C:\Users\blessed_k1d\.jdks\openjdk-23.0.1\bin\nio.dll
0x00007ffbc9870000 - 0x00007ffbc993a000 	C:\Windows\SYSTEM32\DNSAPI.dll
0x00007ffbcb810000 - 0x00007ffbcb818000 	C:\Windows\System32\NSI.dll
0x00007ffbc9830000 - 0x00007ffbc986a000 	C:\Windows\SYSTEM32\IPHLPAPI.DLL
0x000000006ec80000 - 0x000000006ecb5000 	C:\Program Files\Bonjour\mdnsNSP.dll
0x00007ffbbd720000 - 0x00007ffbbd73a000 	D:\JetBrains\IntelliJ IDEA 2024.3.2.1\bin\breakgen64.dll
0x0000000063560000 - 0x0000000063569000 	C:\Program Files\National Instruments\Shared\mDNS Responder\nimdnsNSP.dll
0x000000006dc40000 - 0x000000006dce3000 	C:\Windows\WinSxS\amd64_microsoft.vc90.crt_1fc8b3b9a1e18e3b_9.0.30729.9619_none_08e065a3a84109b0\MSVCR90.dll
0x0000000063550000 - 0x000000006355e000 	C:\Windows\SYSTEM32\nimdnsResponder.dll
0x00007ffbbfb50000 - 0x00007ffbbfb5a000 	C:\Windows\System32\rasadhlp.dll
0x00007ffbc0740000 - 0x00007ffbc07b7000 	C:\Windows\System32\fwpuclnt.dll
0x00007ffbcb2c0000 - 0x00007ffbcb2e6000 	C:\Windows\System32\bcrypt.dll
0x00007ffb898f0000 - 0x00007ffb898f9000 	C:\Users\blessed_k1d\.jdks\openjdk-23.0.1\bin\extnet.dll
0x00007ffb9ecf0000 - 0x00007ffb9ecfa000 	C:\Users\blessed_k1d\.jdks\openjdk-23.0.1\bin\management.dll
0x00007ffb9ece0000 - 0x00007ffb9eceb000 	C:\Users\blessed_k1d\.jdks\openjdk-23.0.1\bin\management_ext.dll
0x00007ffbcc810000 - 0x00007ffbcc818000 	C:\Windows\System32\PSAPI.DLL
0x00007ffbc9690000 - 0x00007ffbc96c3000 	C:\Windows\system32\rsaenh.dll
0x00007ffbca230000 - 0x00007ffbca255000 	C:\Windows\SYSTEM32\USERENV.dll
0x00007ffbc9cf0000 - 0x00007ffbc9cfc000 	C:\Windows\SYSTEM32\CRYPTBASE.dll
0x00007ffbb6700000 - 0x00007ffbb6716000 	C:\Windows\system32\napinsp.dll
0x00007ffbb66e0000 - 0x00007ffbb66fa000 	C:\Windows\system32\pnrpnsp.dll
0x00007ffbb66d0000 - 0x00007ffbb66de000 	C:\Windows\System32\winrnr.dll
0x00007ffbc6b70000 - 0x00007ffbc6b8c000 	C:\Windows\system32\NLAapi.dll
0x00007ffbb66b0000 - 0x00007ffbb66c5000 	C:\Windows\system32\wshbth.dll
0x00007ffbaa330000 - 0x00007ffbaa378000 	C:\Windows\SYSTEM32\pdh.dll
0x00007ffbaa7f0000 - 0x00007ffbaa7ff000 	C:\Windows\System32\perfproc.dll
0x00007ffbc6c80000 - 0x00007ffbc6c8e000 	C:\Windows\System32\perfos.dll

dbghelp: loaded successfully - version: 4.0.5 - missing functions: none
symbol engine: initialized successfully - sym options: 0x614 - pdb path: .;C:\Users\blessed_k1d\.jdks\openjdk-23.0.1\bin;C:\Windows\SYSTEM32;C:\Windows\WinSxS\amd64_microsoft.windows.common-controls_6595b64144ccf1df_6.0.18362.476_none_e6c4b11b130f2595;C:\Users\blessed_k1d\.jdks\openjdk-23.0.1\bin\server;C:\Program Files\Bonjour;D:\JetBrains\IntelliJ IDEA 2024.3.2.1\bin;C:\Program Files\National Instruments\Shared\mDNS Responder;C:\Windows\WinSxS\amd64_microsoft.vc90.crt_1fc8b3b9a1e18e3b_9.0.30729.9619_none_08e065a3a84109b0

VM Arguments:
jvm_args: -XX:TieredStopAtLevel=1 -Dspring.output.ansi.enabled=always -Dcom.sun.management.jmxremote -Dspring.jmx.enabled=true -Dspring.liveBeansView.mbeanDomain -Dspring.application.admin.enabled=true -Dmanagement.endpoints.jmx.exposure.include=* -javaagent:D:\JetBrains\IntelliJ IDEA 2024.3.2.1\lib\idea_rt.jar=51305:D:\JetBrains\IntelliJ IDEA 2024.3.2.1\bin -Dfile.encoding=UTF-8 -Dsun.stdout.encoding=UTF-8 -Dsun.stderr.encoding=UTF-8 
java_command: com.raxat.oauthlib.Oauth2Application
java_class_path (initial): C:\Users\blessed_k1d\Projects\oauthlib\target\classes;C:\Users\blessed_k1d\.m2\repository\org\springframework\boot\spring-boot-starter\3.4.4\spring-boot-starter-3.4.4.jar;C:\Users\blessed_k1d\.m2\repository\org\springframework\boot\spring-boot\3.4.4\spring-boot-3.4.4.jar;C:\Users\blessed_k1d\.m2\repository\org\springframework\spring-context\6.2.5\spring-context-6.2.5.jar;C:\Users\blessed_k1d\.m2\repository\org\springframework\boot\spring-boot-autoconfigure\3.4.4\spring-boot-autoconfigure-3.4.4.jar;C:\Users\blessed_k1d\.m2\repository\org\springframework\boot\spring-boot-starter-logging\3.4.4\spring-boot-starter-logging-3.4.4.jar;C:\Users\blessed_k1d\.m2\repository\ch\qos\logback\logback-classic\1.5.18\logback-classic-1.5.18.jar;C:\Users\blessed_k1d\.m2\repository\ch\qos\logback\logback-core\1.5.18\logback-core-1.5.18.jar;C:\Users\blessed_k1d\.m2\repository\org\apache\logging\log4j\log4j-to-slf4j\2.24.3\log4j-to-slf4j-2.24.3.jar;C:\Users\blessed_k1d\.m2\repository\org\apache\logging\log4j\log4j-api\2.24.3\log4j-api-2.24.3.jar;C:\Users\blessed_k1d\.m2\repository\org\slf4j\jul-to-slf4j\2.0.17\jul-to-slf4j-2.0.17.jar;C:\Users\blessed_k1d\.m2\repository\jakarta\annotation\jakarta.annotation-api\2.1.1\jakarta.annotation-api-2.1.1.jar;C:\Users\blessed_k1d\.m2\repository\org\springframework\spring-core\6.2.5\spring-core-6.2.5.jar;C:\Users\blessed_k1d\.m2\repository\org\springframework\spring-jcl\6.2.5\spring-jcl-6.2.5.jar;C:\Users\blessed_k1d\.m2\repository\org\yaml\snakeyaml\2.3\snakeyaml-2.3.jar;C:\Users\blessed_k1d\.m2\repository\org\springframework\boot\spring-boot-starter-security\3.4.4\spring-boot-starter-security-3.4.4.jar;C:\Users\blessed_k1d\.m2\repository\org\springframework\spring-aop\6.2.5\spring-aop-6.2.5.jar;C:\Users\blessed_k1d\.m2\repository\org\springframework\spring-beans\6.2.5\spring-beans-6.2.5.jar;C:\Users\blessed_k1d\.m2\repository\org\springframework\security\spring-security-config\6.4.4\spring-security-config-6.4.4.jar;C:\Users\blessed_k1d\.m2\repository\org\springframework\security\spring-security-web\6.4.4\spring-security-web-6.4.4.jar;C:\Users\blessed_k1d\.m2\repository\org\springframework\spring-expression\6.2.5\spring-expression-6.2.5.jar;C:\Users\blessed_k1d\.m2\repository\org\springframework\boot\spring-boot-starter-webflux\3.4.4\spring-boot-starter-webflux-3.4.4.jar;C:\Users\blessed_k1d\.m2\repository\org\springframework\boot\spring-boot-starter-json\3.4.4\spring-boot-starter-json-3.4.4.jar;C:\Users\blessed_k1d\.m2\repository\com\fasterxml\jackson\datatype\jackson-datatype-jdk8\2.18.3\jackson-datatype-jdk8-2.18.3.jar;C:\Users\blessed_k1d\.m2\repository\com\fasterxml\jackson\module\jackson-module-parameter-names\2.18.3\jackson-module-parameter-names-2.18.3.jar;C:\Users\blessed_k1d\.m2\repository\org\springframework\boot\spring-boot-starter-reactor-netty\3.4.4\spring-boot-starter-reactor-netty-3.4.4.jar;C:\Users\blessed_k1d\.m2\repository\org\springframework\spring-web\6.2.5\spring-web-6.2.5.jar;C:\Users\blessed_k1d\.m2\repository\io\micrometer\micrometer-observation\1.14.5\micrometer-observation-1.14.5.jar;C:\Users\blessed_k1d\.m2\repository\io\micrometer\micrometer-commons\1.14.5\micrometer-commons-1.14.5.jar;C:\Users\blessed_k1d\.m2\repository\org\springframework\spring-webflux\6.2.5\spring-webflux-6.2.5.jar;C:\Users\blessed_k1d\.m2\repository\io\projectreactor\reactor-core\3.7.4\reactor-core-3.7.4.jar;C:\Users\blessed_k1d\.m2\repository\org\reactivestreams\reactive-streams\1.0.4\reactive-streams-1.0.4.jar;C:\Users\blessed_k1d\.m2\repository\io\projectreactor\netty\reactor-netty\1.2.4\reactor-netty-1.2.4.jar;C:\Users\blessed_k1d\.m2\repository\io\projectreactor\netty\reactor-netty-core\1.2.4\reactor-netty-core-1.2.4.jar;C:\Users\blessed_k1d\.m2\repository\io\netty\netty-handler-proxy\4.1.119.Final\netty-handler-proxy-4.1.119.Final.jar;C:\Users\blessed_k1d\.m2\repository\io\netty\netty-codec-socks\4.1.119.Final\netty-codec-socks-4.1.119.Final.jar;C:\Users\blessed_k1d\.m2\repository\io\netty\netty-resolver-dns\4.1.119.Final\netty-resolver-dns-4.1.119.Final.jar;C:\Users\blessed_k1d\.m2\repository\io\netty\netty-codec-dns\4.1.119.Final\netty-codec-dns-4.1.119.Final.jar;C:\Users\blessed_k1d\.m2\repository\io\netty\netty-resolver-dns-native-macos\4.1.119.Final\netty-resolver-dns-native-macos-4.1.119.Final-osx-x86_64.jar;C:\Users\blessed_k1d\.m2\repository\io\netty\netty-resolver-dns-classes-macos\4.1.119.Final\netty-resolver-dns-classes-macos-4.1.119.Final.jar;C:\Users\blessed_k1d\.m2\repository\io\netty\netty-transport-native-epoll\4.1.119.Final\netty-transport-native-epoll-4.1.119.Final-linux-x86_64.jar;C:\Users\blessed_k1d\.m2\repository\io\netty\netty-transport-classes-epoll\4.1.119.Final\netty-transport-classes-epoll-4.1.119.Final.jar;C:\Users\blessed_k1d\.m2\repository\io\projectreactor\netty\reactor-netty-http\1.2.4\reactor-netty-http-1.2.4.jar;C:\Users\blessed_k1d\.m2\repository\io\netty\netty-codec-http\4.1.119.Final\netty-codec-http-4.1.119.Final.jar;C:\Users\blessed_k1d\.m2\repository\io\netty\netty-codec-http2\4.1.119.Final\netty-codec-http2-4.1.119.Final.jar;C:\Users\blessed_k1d\.m2\repository\io\projectreactor\netty\incubator\reactor-netty-incubator-quic\0.2.4\reactor-netty-incubator-quic-0.2.4.jar;C:\Users\blessed_k1d\.m2\repository\io\netty\incubator\netty-incubator-codec-native-quic\0.0.70.Final\netty-incubator-codec-native-quic-0.0.70.Final-linux-x86_64.jar;C:\Users\blessed_k1d\.m2\repository\io\netty\incubator\netty-incubator-codec-classes-quic\0.0.70.Final\netty-incubator-codec-classes-quic-0.0.70.Final.jar;C:\Users\blessed_k1d\.m2\repository\io\netty\netty-handler\4.1.119.Final\netty-handler-4.1.119.Final.jar;C:\Users\blessed_k1d\.m2\repository\io\netty\netty-common\4.1.119.Final\netty-common-4.1.119.Final.jar;C:\Users\blessed_k1d\.m2\repository\io\netty\netty-resolver\4.1.119.Final\netty-resolver-4.1.119.Final.jar;C:\Users\blessed_k1d\.m2\repository\io\netty\netty-buffer\4.1.119.Final\netty-buffer-4.1.119.Final.jar;C:\Users\blessed_k1d\.m2\repository\io\netty\netty-transport\4.1.119.Final\netty-transport-4.1.119.Final.jar;C:\Users\blessed_k1d\.m2\repository\io\netty\netty-transport-native-unix-common\4.1.119.Final\netty-transport-native-unix-common-4.1.119.Final.jar;C:\Users\blessed_k1d\.m2\repository\io\netty\netty-codec\4.1.119.Final\netty-codec-4.1.119.Final.jar;C:\Users\blessed_k1d\.m2\repository\org\springframework\boot\spring-boot-starter-oauth2-client\3.4.4\spring-boot-starter-oauth2-client-3.4.4.jar;C:\Users\blessed_k1d\.m2\repository\org\springframework\security\spring-security-core\6.4.4\spring-security-core-6.4.4.jar;C:\Users\blessed_k1d\.m2\repository\org\springframework\security\spring-security-crypto\6.4.4\spring-security-crypto-6.4.4.jar;C:\Users\blessed_k1d\.m2\repository\org\springframework\security\spring-security-oauth2-client\6.4.4\spring-security-oauth2-client-6.4.4.jar;C:\Users\blessed_k1d\.m2\repository\com\nimbusds\oauth2-oidc-sdk\9.43.6\oauth2-oidc-sdk-9.43.6.jar;C:\Users\blessed_k1d\.m2\repository\com\nimbusds\content-type\2.2\content-type-2.2.jar;C:\Users\blessed_k1d\.m2\repository\net\minidev\json-smart\2.5.2\json-smart-2.5.2.jar;C:\Users\blessed_k1d\.m2\repository\net\minidev\accessors-smart\2.5.2\accessors-smart-2.5.2.jar;C:\Users\blessed_k1d\.m2\repository\org\ow2\asm\asm\9.7.1\asm-9.7.1.jar;C:\Users\blessed_k1d\.m2\repository\com\nimbusds\lang-tag\1.7\lang-tag-1.7.jar;C:\Users\blessed_k1d\.m2\repository\org\springframework\security\spring-security-oauth2-jose\6.4.4\spring-security-oauth2-jose-6.4.4.jar;C:\Users\blessed_k1d\.m2\repository\org\springframework\boot\spring-boot-starter-oauth2-resource-server\3.4.4\spring-boot-starter-oauth2-resource-server-3.4.4.jar;C:\Users\blessed_k1d\.m2\repository\org\springframework\security\spring-security-oauth2-resource-server\6.4.4\spring-security-oauth2-resource-server-6.4.4.jar;C:\Users\blessed_k1d\.m2\repository\org\springframework\security\spring-security-oauth2-authorization-server\1.4.2\spring-security-oauth2-authorization-server-1.4.2.jar;C:\Users\blessed_k1d\.m2\repository\org\springframework\security\spring-security-oauth2-core\6.4.4\spring-security-oauth2-core-6.4.4.jar;C:\Users\blessed_k1d\.m2\repository\com\fasterxml\jackson\core\jackson-databind\2.18.3\jackson-databind-2.18.3.jar;C:\Users\blessed_k1d\.m2\repository\com\fasterxml\jackson\core\jackson-annotations\2.18.3\jackson-annotations-2.18.3.jar;C:\Users\blessed_k1d\.m2\repository\com\fasterxml\jackson\core\jackson-core\2.18.3\jackson-core-2.18.3.jar;C:\Users\blessed_k1d\.m2\repository\jakarta\persistence\jakarta.persistence-api\3.1.0\jakarta.persistence-api-3.1.0.jar;C:\Users\blessed_k1d\.m2\repository\com\nimbusds\nimbus-jose-jwt\9.31\nimbus-jose-jwt-9.31.jar;C:\Users\blessed_k1d\.m2\repository\com\github\stephenc\jcip\jcip-annotations\1.0-1\jcip-annotations-1.0-1.jar;C:\Users\blessed_k1d\.m2\repository\org\springframework\boot\spring-boot-starter-web\3.4.4\spring-boot-starter-web-3.4.4.jar;C:\Users\blessed_k1d\.m2\repository\org\springframework\boot\spring-boot-starter-tomcat\3.4.4\spring-boot-starter-tomcat-3.4.4.jar;C:\Users\blessed_k1d\.m2\repository\org\apache\tomcat\embed\tomcat-embed-core\10.1.39\tomcat-embed-core-10.1.39.jar;C:\Users\blessed_k1d\.m2\repository\org\apache\tomcat\embed\tomcat-embed-el\10.1.39\tomcat-embed-el-10.1.39.jar;C:\Users\blessed_k1d\.m2\repository\org\apache\tomcat\embed\tomcat-embed-websocket\10.1.39\tomcat-embed-websocket-10.1.39.jar;C:\Users\blessed_k1d\.m2\repository\org\springframework\spring-webmvc\6.2.5\spring-webmvc-6.2.5.jar;C:\Users\blessed_k1d\.m2\repository\org\projectlombok\lombok\1.18.36\lombok-1.18.36.jar;C:\Users\blessed_k1d\.m2\repository\io\jsonwebtoken\jjwt-api\0.11.5\jjwt-api-0.11.5.jar;C:\Users\blessed_k1d\.m2\repository\io\jsonwebtoken\jjwt-impl\0.11.5\jjwt-impl-0.11.5.jar;C:\Users\blessed_k1d\.m2\repository\io\jsonwebtoken\jjwt-jackson\0.11.5\jjwt-jackson-0.11.5.jar;C:\Users\blessed_k1d\.m2\repository\org\springframework\boot\spring-boot-starter-data-jpa\3.4.4\spring-boot-starter-data-jpa-3.4.4.jar;C:\Users\blessed_k1d\.m2\repository\org\springframework\boot\spring-boot-starter-jdbc\3.4.4\spring-boot-starter-jdbc-3.4.4.jar;C:\Users\blessed_k1d\.m2\repository\com\zaxxer\HikariCP\5.1.0\HikariCP-5.1.0.jar;C:\Users\blessed_k1d\.m2\repository\org\springframework\spring-jdbc\6.2.5\spring-jdbc-6.2.5.jar;C:\Users\blessed_k1d\.m2\repository\org\hibernate\orm\hibernate-core\6.6.11.Final\hibernate-core-6.6.11.Final.jar;C:\Users\blessed_k1d\.m2\repository\jakarta\transaction\jakarta.transaction-api\2.0.1\jakarta.transaction-api-2.0.1.jar;C:\Users\blessed_k1d\.m2\repository\org\jboss\logging\jboss-logging\3.6.1.Final\jboss-logging-3.6.1.Final.jar;C:\Users\blessed_k1d\.m2\repository\org\hibernate\common\hibernate-commons-annotations\7.0.3.Final\hibernate-commons-annotations-7.0.3.Final.jar;C:\Users\blessed_k1d\.m2\repository\io\smallrye\jandex\3.2.0\jandex-3.2.0.jar;C:\Users\blessed_k1d\.m2\repository\com\fasterxml\classmate\1.7.0\classmate-1.7.0.jar;C:\Users\blessed_k1d\.m2\repository\net\bytebuddy\byte-buddy\1.15.11\byte-buddy-1.15.11.jar;C:\Users\blessed_k1d\.m2\repository\jakarta\xml\bind\jakarta.xml.bind-api\4.0.2\jakarta.xml.bind-api-4.0.2.jar;C:\Users\blessed_k1d\.m2\repository\jakarta\activation\jakarta.activation-api\2.1.3\jakarta.activation-api-2.1.3.jar;C:\Users\blessed_k1d\.m2\repository\org\glassfish\jaxb\jaxb-runtime\4.0.5\jaxb-runtime-4.0.5.jar;C:\Users\blessed_k1d\.m2\repository\org\glassfish\jaxb\jaxb-core\4.0.5\jaxb-core-4.0.5.jar;C:\Users\blessed_k1d\.m2\repository\org\eclipse\angus\angus-activation\2.0.2\angus-activation-2.0.2.jar;C:\Users\blessed_k1d\.m2\repository\org\glassfish\jaxb\txw2\4.0.5\txw2-4.0.5.jar;C:\Users\blessed_k1d\.m2\repository\com\sun\istack\istack-commons-runtime\4.1.2\istack-commons-runtime-4.1.2.jar;C:\Users\blessed_k1d\.m2\repository\jakarta\inject\jakarta.inject-api\2.0.1\jakarta.inject-api-2.0.1.jar;C:\Users\blessed_k1d\.m2\repository\org\springframework\data\spring-data-jpa\3.4.4\spring-data-jpa-3.4.4.jar;C:\Users\blessed_k1d\.m2\repository\org\springframework\data\spring-data-commons\3.4.4\spring-data-commons-3.4.4.jar;C:\Users\blessed_k1d\.m2\repository\org\springframework\spring-orm\6.2.5\spring-orm-6.2.5.jar;C:\Users\blessed_k1d\.m2\repository\org\springframework\spring-tx\6.2.5\spring-tx-6.2.5.jar;C:\Users\blessed_k1d\.m2\repository\org\slf4j\slf4j-api\2.0.17\slf4j-api-2.0.17.jar;C:\Users\blessed_k1d\.m2\repository\org\springframework\spring-aspects\6.2.5\spring-aspects-6.2.5.jar;C:\Users\blessed_k1d\.m2\repository\org\aspectj\aspectjweaver\1.9.23\aspectjweaver-1.9.23.jar;C:\Users\blessed_k1d\.m2\repository\org\postgresql\postgresql\42.7.5\postgresql-42.7.5.jar;C:\Users\blessed_k1d\.m2\repository\org\checkerframework\checker-qual\3.48.3\checker-qual-3.48.3.jar;C:\Users\blessed_k1d\.m2\repository\org\flywaydb\flyway-core\11.7.0\flyway-core-11.7.0.jar;C:\Users\blessed_k1d\.m2\repository\com\fasterxml\jackson\dataformat\jackson-dataformat-toml\2.18.3\jackson-dataformat-toml-2.18.3.jar;C:\Users\blessed_k1d\.m2\repository\com\fasterxml\jackson\datatype\jackson-datatype-jsr310\2.18.3\jackson-datatype-jsr310-2.18.3.jar;C:\Users\blessed_k1d\.m2\repository\org\antlr\antlr4-runtime\4.13.2\antlr4-runtime-4.13.2.jar
Launcher Type: SUN_STANDARD

[Global flags]
     intx CICompilerCount                          = 4                                         {product} {ergonomic}
     uint ConcGCThreads                            = 2                                         {product} {ergonomic}
     uint G1ConcRefinementThreads                  = 8                                         {product} {ergonomic}
   size_t G1HeapRegionSize                         = 1048576                                   {product} {ergonomic}
   size_t InitialHeapSize                          = 100663296                                 {product} {ergonomic}
     bool ManagementServer                         = true                                      {product} {command line}
   size_t MarkStackSize                            = 4194304                                   {product} {ergonomic}
   size_t MarkStackSizeMax                         = 536870912                                 {product} {ergonomic}
   size_t MaxHeapSize                              = 1579155456                                {product} {ergonomic}
   size_t MaxNewSize                               = 946864128                                 {product} {ergonomic}
   size_t MinHeapDeltaBytes                        = 1048576                                   {product} {ergonomic}
   size_t MinHeapSize                              = 8388608                                   {product} {ergonomic}
    uintx NonNMethodCodeHeapSize                   = 4096                                   {pd product} {ergonomic}
    uintx NonProfiledCodeHeapSize                  = 0                                      {pd product} {ergonomic}
     bool ProfileInterpreter                       = false                                  {pd product} {command line}
    uintx ProfiledCodeHeapSize                     = 0                                      {pd product} {ergonomic}
   size_t SoftMaxHeapSize                          = 1579155456                             {manageable} {ergonomic}
     intx TieredStopAtLevel                        = 1                                         {product} {command line}
     bool UseCompressedOops                        = true                           {product lp64_product} {ergonomic}
     bool UseG1GC                                  = true                                      {product} {ergonomic}
     bool UseLargePagesIndividualAllocation        = false                                  {pd product} {ergonomic}

Logging:
Log output configuration:
 #0: stdout all=warning uptime,level,tags foldmultilines=false
 #1: stderr all=off uptime,level,tags foldmultilines=false

Environment Variables:
JAVA_HOME=C:\Program Files\Zulu\zulu-23\
PATH=C:\Program Files\Zulu\zulu-23\bin\;C:\Program Files\Zulu\zulu-8\bin\;C:\Program Files\Common Files\Oracle\Java\javapath;C:\Program Files (x86)\Common Files\Oracle\Java\java8path;C:\ProgramData\Oracle\Java\javapath;C:\Program Files\Microsoft\jdk-11.0.16.101-hotspot\bin;C:\Windows\system32;C:\Windows;C:\Windows\System32\Wbem;C:\Windows\System32\WindowsPowerShell\v1.0\;C:\Windows\System32\OpenSSH\;C:\Program Files\Microsoft SQL Server\150\Tools\Binn\;C:\Program Files\Microsoft SQL Server\Client SDK\ODBC\170\Tools\Binn\;C:\Program Files\PuTTY\;C:\Program Files (x86)\Microsoft SQL Server\160\Tools\Binn\;C:\Program Files\Microsoft SQL Server\160\Tools\Binn\;C:\Program Files\Microsoft SQL Server\160\DTS\Binn\;C:\Program Files\dotnet\;C:\Program Files\nodejs\;C:\Users\blessed_k1d\AppData\Local\Programs\Python\Python313\Scripts\;C:\Users\blessed_k1d\AppData\Local\Programs\Python\Python313\;C:\Users\blessed_k1d\AppData\Local\Microsoft\WindowsApps;C:\Users\blessed_k1d\AppData\Local\Programs\Microsoft VS Code\bin;C:\Users\blessed_k1d\.dotnet\tools;C:\Users\blessed_k1d\AppData\Roaming\npm;C:\Program Files\Java\jre1.8.0_51\bin;D:\programs\IntelliJ IDEA Community Edition 2024.3\bin;D:\JetBrains\IntelliJ IDEA 2024.3.2.1\bin
USERNAME=blessed_k1d
OS=Windows_NT
PROCESSOR_IDENTIFIER=AMD64 Family 23 Model 24 Stepping 1, AuthenticAMD
TMP=C:\Users\BLESSE~1\AppData\Local\Temp
TEMP=C:\Users\BLESSE~1\AppData\Local\Temp




Periodic native trim disabled

---------------  S Y S T E M  ---------------

OS:
 Windows 10 , 64 bit Build 18362 (10.0.18362.329)
OS uptime: 76 days 22:11 hours

CPU: total 8 (initial active 8) (8 cores per cpu, 2 threads per core) family 23 model 24 stepping 1 microcode 0x0, cx8, cmov, fxsr, ht, mmx, 3dnowpref, sse, sse2, sse3, ssse3, sse4a, sse4.1, sse4.2, popcnt, lzcnt, tsc, tscinvbit, avx, avx2, aes, clmul, bmi1, bmi2, adx, sha, fma, vzeroupper, clflush, clflushopt, rdtscp, f16c
Processor Information for the first 8 processors :
  Max Mhz: 2100, Current Mhz: 2100, Mhz Limit: 2100

Memory: 4k page, system-wide physical 6019M (231M free)
TotalPageFile size 19195M (AvailPageFile size 0M)
current process WorkingSet (physical memory assigned to process): 116M, peak: 116M
current process commit charge ("private bytes"): 219M, peak: 219M

vm_info: OpenJDK 64-Bit Server VM (23.0.1+11-39) for windows-amd64 JRE (23.0.1+11-39), built on 2024-09-30T07:20:43Z with MS VC++ 17.6 (VS2022)

END.
