#
# There is insufficient memory for the Java Runtime Environment to continue.
# Native memory allocation (mmap) failed to map 65536 bytes. Error detail: Failed to commit metaspace.
# Possible reasons:
#   The system is out of physical RAM or swap space
#   This process is running with CompressedOops enabled, and the Java Heap may be blocking the growth of the native heap
# Possible solutions:
#   Reduce memory load on the system
#   Increase physical memory or swap space
#   Check if swap backing store is full
#   Decrease Java heap size (-Xmx/-Xms)
#   Decrease number of Java threads
#   Decrease Java thread stack sizes (-Xss)
#   Set larger code cache with -XX:ReservedCodeCacheSize=
#   JVM is running with Unscaled Compressed Oops mode in which the Java heap is
#     placed in the first 4GB address space. The Java Heap base address is the
#     maximum limit for the native heap growth. Please use -XX:HeapBaseMinAddress
#     to set the Java Heap base and to place the Java Heap above 4GB virtual address.
# This output file may be truncated or incomplete.
#
#  Out of Memory Error (virtualSpaceNode.cpp:113), pid=14312, tid=18128
#
# JRE version: OpenJDK Runtime Environment (23.0.1+11) (build 23.0.1+11-39)
# Java VM: OpenJDK 64-Bit Server VM (23.0.1+11-39, mixed mode, emulated-client, sharing, tiered, compressed oops, compressed class ptrs, g1 gc, windows-amd64)
# No core dump will be written. Minidumps are not enabled by default on client versions of Windows
#

---------------  S U M M A R Y ------------

Command Line: -XX:TieredStopAtLevel=1 -Dspring.output.ansi.enabled=always -Dcom.sun.management.jmxremote -Dspring.jmx.enabled=true -Dspring.liveBeansView.mbeanDomain -Dspring.application.admin.enabled=true -Dmanagement.endpoints.jmx.exposure.include=* -javaagent:D:\JetBrains\IntelliJ IDEA 2024.3.2.1\lib\idea_rt.jar=51547:D:\JetBrains\IntelliJ IDEA 2024.3.2.1\bin -Dfile.encoding=UTF-8 -Dsun.stdout.encoding=UTF-8 -Dsun.stderr.encoding=UTF-8 com.raxat.oauthlib.Oauth2Application

Host: AMD Ryzen 5 3500U with Radeon Vega Mobile Gfx  , 8 cores, 5G,  Windows 10 , 64 bit Build 18362 (10.0.18362.329)
Time: Sat Apr 12 10:17:31 2025 RTZ 2 (зима) elapsed time: 1.402662 seconds (0d 0h 0m 1s)

---------------  T H R E A D  ---------------

Current thread (0x0000022c113c9e10):  JavaThread "main"             [_thread_in_vm, id=18128, stack(0x00000099f4300000,0x00000099f4400000) (1024K)]

Stack: [0x00000099f4300000,0x00000099f4400000]
Native frames: (J=compiled Java code, j=interpreted, Vv=VM code, C=native code)
V  [jvm.dll+0x6e08b9]  (no source info available)
V  [jvm.dll+0x87dc83]  (no source info available)
V  [jvm.dll+0x88010e]  (no source info available)
V  [jvm.dll+0x8807e3]  (no source info available)
V  [jvm.dll+0x27aee6]  (no source info available)
V  [jvm.dll+0x87988e]  (no source info available)
V  [jvm.dll+0x682035]  (no source info available)
V  [jvm.dll+0x1e09dc]  (no source info available)
V  [jvm.dll+0x1e07ae]  (no source info available)
V  [jvm.dll+0x684988]  (no source info available)
V  [jvm.dll+0x2219dc]  (no source info available)
V  [jvm.dll+0x682a4e]  (no source info available)
V  [jvm.dll+0x266380]  (no source info available)
V  [jvm.dll+0x2129b7]  (no source info available)
V  [jvm.dll+0x20811e]  (no source info available)
V  [jvm.dll+0x5be6df]  (no source info available)
V  [jvm.dll+0x7f3ad6]  (no source info available)
V  [jvm.dll+0x475cf6]  (no source info available)
V  [jvm.dll+0x47bb98]  (no source info available)
C  [java.dll+0x17d4]  (no source info available)
C  0x0000022c1bd8cc2e  (no source info available)

The last pc belongs to native method entry point (kind = native) (printed below).
Java frames: (J=compiled Java code, j=interpreted, Vv=VM code)
j  java.lang.ClassLoader.defineClass1(Ljava/lang/ClassLoader;Ljava/lang/String;[BIILjava/security/ProtectionDomain;Ljava/lang/String;)Ljava/lang/Class;+0 java.base@23.0.1
j  java.lang.ClassLoader.defineClass(Ljava/lang/String;[BIILjava/security/ProtectionDomain;)Ljava/lang/Class;+27 java.base@23.0.1
j  java.security.SecureClassLoader.defineClass(Ljava/lang/String;[BIILjava/security/CodeSource;)Ljava/lang/Class;+12 java.base@23.0.1
j  jdk.internal.loader.BuiltinClassLoader.defineClass(Ljava/lang/String;Ljdk/internal/loader/Resource;)Ljava/lang/Class;+117 java.base@23.0.1
j  jdk.internal.loader.BuiltinClassLoader.findClassOnClassPathOrNull(Ljava/lang/String;)Ljava/lang/Class;+37 java.base@23.0.1
j  jdk.internal.loader.BuiltinClassLoader.loadClassOrNull(Ljava/lang/String;Z)Ljava/lang/Class;+111 java.base@23.0.1
j  jdk.internal.loader.BuiltinClassLoader.loadClass(Ljava/lang/String;Z)Ljava/lang/Class;+3 java.base@23.0.1
j  jdk.internal.loader.ClassLoaders$AppClassLoader.loadClass(Ljava/lang/String;Z)Ljava/lang/Class;+36 java.base@23.0.1
j  java.lang.ClassLoader.loadClass(Ljava/lang/String;)Ljava/lang/Class;+3 java.base@23.0.1
v  ~StubRoutines::call_stub 0x0000022c1bd80fcd
j  java.lang.ClassLoader.defineClass1(Ljava/lang/ClassLoader;Ljava/lang/String;[BIILjava/security/ProtectionDomain;Ljava/lang/String;)Ljava/lang/Class;+0 java.base@23.0.1
j  java.lang.ClassLoader.defineClass(Ljava/lang/String;[BIILjava/security/ProtectionDomain;)Ljava/lang/Class;+27 java.base@23.0.1
j  java.security.SecureClassLoader.defineClass(Ljava/lang/String;[BIILjava/security/CodeSource;)Ljava/lang/Class;+12 java.base@23.0.1
j  jdk.internal.loader.BuiltinClassLoader.defineClass(Ljava/lang/String;Ljdk/internal/loader/Resource;)Ljava/lang/Class;+117 java.base@23.0.1
j  jdk.internal.loader.BuiltinClassLoader.findClassOnClassPathOrNull(Ljava/lang/String;)Ljava/lang/Class;+37 java.base@23.0.1
j  jdk.internal.loader.BuiltinClassLoader.loadClassOrNull(Ljava/lang/String;Z)Ljava/lang/Class;+111 java.base@23.0.1
j  jdk.internal.loader.BuiltinClassLoader.loadClass(Ljava/lang/String;Z)Ljava/lang/Class;+3 java.base@23.0.1
j  jdk.internal.loader.ClassLoaders$AppClassLoader.loadClass(Ljava/lang/String;Z)Ljava/lang/Class;+36 java.base@23.0.1
j  java.lang.ClassLoader.loadClass(Ljava/lang/String;)Ljava/lang/Class;+3 java.base@23.0.1
v  ~StubRoutines::call_stub 0x0000022c1bd80fcd
j  java.lang.ClassLoader.defineClass1(Ljava/lang/ClassLoader;Ljava/lang/String;[BIILjava/security/ProtectionDomain;Ljava/lang/String;)Ljava/lang/Class;+0 java.base@23.0.1
j  java.lang.ClassLoader.defineClass(Ljava/lang/String;[BIILjava/security/ProtectionDomain;)Ljava/lang/Class;+27 java.base@23.0.1
j  java.security.SecureClassLoader.defineClass(Ljava/lang/String;[BIILjava/security/CodeSource;)Ljava/lang/Class;+12 java.base@23.0.1
j  jdk.internal.loader.BuiltinClassLoader.defineClass(Ljava/lang/String;Ljdk/internal/loader/Resource;)Ljava/lang/Class;+117 java.base@23.0.1
j  jdk.internal.loader.BuiltinClassLoader.findClassOnClassPathOrNull(Ljava/lang/String;)Ljava/lang/Class;+37 java.base@23.0.1
j  jdk.internal.loader.BuiltinClassLoader.loadClassOrNull(Ljava/lang/String;Z)Ljava/lang/Class;+111 java.base@23.0.1
j  jdk.internal.loader.BuiltinClassLoader.loadClass(Ljava/lang/String;Z)Ljava/lang/Class;+3 java.base@23.0.1
j  jdk.internal.loader.ClassLoaders$AppClassLoader.loadClass(Ljava/lang/String;Z)Ljava/lang/Class;+36 java.base@23.0.1
j  java.lang.ClassLoader.loadClass(Ljava/lang/String;)Ljava/lang/Class;+3 java.base@23.0.1
v  ~StubRoutines::call_stub 0x0000022c1bd80fcd
j  java.lang.Class.forName0(Ljava/lang/String;ZLjava/lang/ClassLoader;Ljava/lang/Class;)Ljava/lang/Class;+0 java.base@23.0.1
j  java.lang.Class.forName(Ljava/lang/String;ZLjava/lang/ClassLoader;Ljava/lang/Class;)Ljava/lang/Class;+37 java.base@23.0.1
j  java.lang.Class.forName(Ljava/lang/String;ZLjava/lang/ClassLoader;)Ljava/lang/Class;+20 java.base@23.0.1
j  org.springframework.util.ClassUtils.forName(Ljava/lang/String;Ljava/lang/ClassLoader;)Ljava/lang/Class;+164
j  org.springframework.util.ClassUtils.isPresent(Ljava/lang/String;Ljava/lang/ClassLoader;)Z+2
j  org.springframework.boot.WebApplicationType.deduceFromClasspath()Lorg/springframework/boot/WebApplicationType;+12
j  org.springframework.boot.SpringApplication.<init>(Lorg/springframework/core/io/ResourceLoader;[Ljava/lang/Class;)V+86
j  org.springframework.boot.SpringApplication.<init>([Ljava/lang/Class;)V+3
j  org.springframework.boot.SpringApplication.run([Ljava/lang/Class;[Ljava/lang/String;)Lorg/springframework/context/ConfigurableApplicationContext;+5
j  org.springframework.boot.SpringApplication.run(Ljava/lang/Class;[Ljava/lang/String;)Lorg/springframework/context/ConfigurableApplicationContext;+9
j  com.raxat.oauthlib.Oauth2Application.main([Ljava/lang/String;)V+3
v  ~StubRoutines::call_stub 0x0000022c1bd80fcd
Lock stack of current Java thread (top to bottom):
LockStack[2]: java.lang.Object 
{0x00000000a66bf080} - klass: 'java/lang/Object'
 - ---- fields (total size 2 words):
LockStack[1]: java.lang.Object 
{0x00000000a66a9180} - klass: 'java/lang/Object'
 - ---- fields (total size 2 words):
LockStack[0]: java.lang.Object 
{0x00000000a6682e68} - klass: 'java/lang/Object'
 - ---- fields (total size 2 words):

native method entry point (kind = native)  [0x0000022c1bd8c840, 0x0000022c1bd8d360]  2848 bytes
[MachCode]
  0x0000022c1bd8c840: 488b 4b08 | 0fb7 492e | 584c 8d74 | ccf8 6800 | 0000 0068 | 0000 0000 | 5055 488b | ec41 5568 
  0x0000022c1bd8c860: 0000 0000 | 4c8b 6b08 | 4d8d 6d38 | 5348 8b53 | 0848 8b52 | 0848 8b52 | 1848 8b52 | 7048 8b12 
  0x0000022c1bd8c880: 5268 0000 | 0000 488b | 5308 488b | 5208 488b | 5210 5249 | 8bc6 482b | c548 c1e8 | 0350 6800 
  0x0000022c1bd8c8a0: 0000 0068 | f7ff ffff | 41c6 8771 | 0400 0001 | 488b 4318 | 4885 c00f | 85b0 0000 | 00e8 0500 
  0x0000022c1bd8c8c0: 0000 e999 | 0000 0048 | 8bd3 488d | 4424 084c | 896d c049 | 8bcf c5f8 | 7749 89af | b003 0000 
  0x0000022c1bd8c8e0: 4989 87a0 | 0300 0048 | 83ec 2040 | f6c4 0f0f | 8419 0000 | 0048 83ec | 0848 b890 | 26a0 7dfb 
  0x0000022c1bd8c900: 7f00 00ff | d048 83c4 | 08e9 0c00 | 0000 48b8 | 9026 a07d | fb7f 0000 | ffd0 4883 | c420 49c7 
  0x0000022c1bd8c920: 87a0 0300 | 0000 0000 | 0049 c787 | b003 0000 | 0000 0000 | 49c7 87a8 | 0300 0000 | 0000 00c5 
  0x0000022c1bd8c940: f877 4983 | 7f08 000f | 8405 0000 | 00e9 6e45 | ffff 4c8b | 6dc0 4c8b | 75c8 4e8d | 74f5 00c3 
  0x0000022c1bd8c960: 488b 4318 | 4885 c00f | 8412 0000 | 008b 4808 | 83c1 0289 | 4808 2348 | 1c0f 842c | 0900 0049 
  0x0000022c1bd8c980: 3ba7 e804 | 0000 0f87 | 4800 0000 | 8984 2400 | f0ff ff89 | 8424 00e0 | ffff 8984 | 2400 d0ff 
  0x0000022c1bd8c9a0: ff89 8424 | 00c0 ffff | 8984 2400 | b0ff ff89 | 8424 00a0 | ffff 8984 | 2400 90ff | ff89 8424 
  0x0000022c1bd8c9c0: 0080 ffff | 493b a7e0 | 0400 0076 | 0749 89a7 | e804 0000 | 41c6 8771 | 0400 0000 | 49ba 41ad 
  0x0000022c1bd8c9e0: 277e fb7f | 0000 4180 | 3a00 0f84 | 3e00 0000 | 488b 55e8 | 498b cf48 | 83ec 2040 | f6c4 0f0f 
  0x0000022c1bd8ca00: 8419 0000 | 0048 83ec | 0848 b810 | eed7 7dfb | 7f00 00ff | d048 83c4 | 08e9 0c00 | 0000 48b8 
  0x0000022c1bd8ca20: 10ee d77d | fb7f 0000 | ffd0 4883 | c420 488b | 5de8 4c8b | 5b08 450f | b75b 2e41 | c1e3 0349 
  0x0000022c1bd8ca40: 2be3 4883 | ec20 4883 | e4f0 4c8b | 5b60 4d85 | db0f 85ab | 0000 00e8 | 0500 0000 | e999 0000 
  0x0000022c1bd8ca60: 0048 8bd3 | 488d 4424 | 084c 896d | c049 8bcf | c5f8 7749 | 89af b003 | 0000 4989 | 87a0 0300 
  0x0000022c1bd8ca80: 0048 83ec | 2040 f6c4 | 0f0f 8419 | 0000 0048 | 83ec 0848 | b8f0 4da0 | 7dfb 7f00 | 00ff d048 
  0x0000022c1bd8caa0: 83c4 08e9 | 0c00 0000 | 48b8 f04d | a07d fb7f | 0000 ffd0 | 4883 c420 | 49c7 87a0 | 0300 0000 
  0x0000022c1bd8cac0: 0000 0049 | c787 b003 | 0000 0000 | 0000 49c7 | 87a8 0300 | 0000 0000 | 00c5 f877 | 4983 7f08 
  0x0000022c1bd8cae0: 000f 8405 | 0000 00e9 | d443 ffff | 4c8b 6dc0 | 4c8b 75c8 | 4e8d 74f5 | 00c3 488b | 5de8 4c8b 
  0x0000022c1bd8cb00: 5b60 41ff | d348 8b5d | e848 8945 | 1844 8b5b | 2841 f6c3 | 080f 841b | 0000 004c | 8b5b 084d 
  0x0000022c1bd8cb20: 8b5b 084d | 8b5b 184d | 8b5b 704d | 8b1b 4c89 | 5d10 488d | 5510 488b | 4358 49ba | 603c d87d 
  0x0000022c1bd8cb40: fb7f 0000 | 493b c20f | 85ab 0000 | 00e8 0500 | 0000 e999 | 0000 0048 | 8bd3 488d | 4424 084c 
  0x0000022c1bd8cb60: 896d c049 | 8bcf c5f8 | 7749 89af | b003 0000 | 4989 87a0 | 0300 0048 | 83ec 2040 | f6c4 0f0f 
  0x0000022c1bd8cb80: 8419 0000 | 0048 83ec | 0848 b8f0 | 4da0 7dfb | 7f00 00ff | d048 83c4 | 08e9 0c00 | 0000 48b8 
  0x0000022c1bd8cba0: f04d a07d | fb7f 0000 | ffd0 4883 | c420 49c7 | 87a0 0300 | 0000 0000 | 0049 c787 | b003 0000 
  0x0000022c1bd8cbc0: 0000 0000 | 49c7 87a8 | 0300 0000 | 0000 00c5 | f877 4983 | 7f08 000f | 8405 0000 | 00e9 de42 
  0x0000022c1bd8cbe0: ffff 4c8b | 6dc0 4c8b | 75c8 4e8d | 74f5 00c3 | 488b 5de8 | 488b 4358 | 498d 8fc0 | 0300 00c5 
  0x0000022c1bd8cc00: f877 4989 | afb0 0300 | 0049 baff | cbd8 1b2c | 0200 004d | 8997 a803 | 0000 4989 | a7a0 0300 
  0x0000022c1bd8cc20: 0041 c787 | 4404 0000 | 0400 0000 | ffd0 c5f8 | 7748 83ec | 10c5 fb11 | 0424 4883 | ec10 4889 
  0x0000022c1bd8cc40: 0424 48c7 | 4424 0800 | 0000 0041 | c787 4404 | 0000 0500 | 0000 f083 | 4424 c000 | 493b af48 
  0x0000022c1bd8cc60: 0400 000f | 870e 0000 | 0041 83bf | 4004 0000 | 000f 8420 | 0000 0049 | 8bcf 4c8b | e448 83ec 
  0x0000022c1bd8cc80: 2048 83e4 | f048 b890 | a9a1 7dfb | 7f00 00ff | d049 8be4 | 4d33 e441 | c787 4404 | 0000 0800 
  0x0000022c1bd8cca0: 0000 49c7 | 87a0 0300 | 0000 0000 | 0049 c787 | b003 0000 | 0000 0000 | 49c7 87a8 | 0300 0000 
  0x0000022c1bd8ccc0: 0000 00c5 | f877 4d8b | 9f30 0400 | 0041 c783 | 0001 0000 | 0000 0000 | 49bb 5aa2 | d81b 2c02 
  0x0000022c1bd8cce0: 0000 4c3b | 5d18 0f85 | 2402 0000 | 488b 0424 | 4883 c410 | 4885 c00f | 84fe 0100 | 00a8 030f 
  0x0000022c1bd8cd00: 8508 0000 | 0048 8b00 | e9ee 0100 | 00a8 010f | 8509 0000 | 0048 8b40 | fee9 dd01 | 0000 488b 
  0x0000022c1bd8cd20: 40ff 4180 | 7f38 000f | 84ce 0100 | 0048 83f8 | 000f 84c4 | 0100 004d | 8b5f 2849 | 83fb 000f 
  0x0000022c1bd8cd40: 8414 0000 | 0049 83eb | 084d 895f | 284d 035f | 3049 8903 | e9a2 0100 | 0048 81ec | d000 0000 
  0x0000022c1bd8cd60: 4889 0424 | 4889 4c24 | 0848 8954 | 2410 4889 | 7424 1848 | 897c 2420 | 4c89 4424 | 284c 894c 
  0x0000022c1bd8cd80: 2430 4c89 | 5424 384c | 895c 2440 | c5fb 1144 | 2450 c5fb | 114c 2458 | c5fb 1154 | 2460 c5fb 
  0x0000022c1bd8cda0: 115c 2468 | c5fb 1164 | 2470 c5fb | 116c 2478 | c5fb 11b4 | 2480 0000 | 00c5 fb11 | bc24 8800 
  0x0000022c1bd8cdc0: 0000 c57b | 1184 2490 | 0000 00c5 | 7b11 8c24 | 9800 0000 | c57b 1194 | 24a0 0000 | 00c5 7b11 
  0x0000022c1bd8cde0: 9c24 a800 | 0000 c57b | 11a4 24b0 | 0000 00c5 | 7b11 ac24 | b800 0000 | c57b 11b4 | 24c0 0000 
  0x0000022c1bd8ce00: 00c5 7b11 | bc24 c800 | 0000 498b | d748 8bc8 | 4883 ec20 | 40f6 c40f | 0f84 1900 | 0000 4883 
  0x0000022c1bd8ce20: ec08 48b8 | e007 957d | fb7f 0000 | ffd0 4883 | c408 e90c | 0000 0048 | b8e0 0795 | 7dfb 7f00 
  0x0000022c1bd8ce40: 00ff d048 | 83c4 20c5 | 7b10 bc24 | c800 0000 | c57b 10b4 | 24c0 0000 | 00c5 7b10 | ac24 b800 
  0x0000022c1bd8ce60: 0000 c57b | 10a4 24b0 | 0000 00c5 | 7b10 9c24 | a800 0000 | c57b 1094 | 24a0 0000 | 00c5 7b10 
  0x0000022c1bd8ce80: 8c24 9800 | 0000 c57b | 1084 2490 | 0000 00c5 | fb10 bc24 | 8800 0000 | c5fb 10b4 | 2480 0000 
  0x0000022c1bd8cea0: 00c5 fb10 | 6c24 78c5 | fb10 6424 | 70c5 fb10 | 5c24 68c5 | fb10 5424 | 60c5 fb10 | 4c24 58c5 
  0x0000022c1bd8cec0: fb10 4424 | 504c 8b5c | 2440 4c8b | 5424 384c | 8b4c 2430 | 4c8b 4424 | 2848 8b7c | 2420 488b 
  0x0000022c1bd8cee0: 7424 1848 | 8b54 2410 | 488b 4c24 | 0848 8b04 | 2448 81c4 | d000 0000 | c5f8 7748 | 8945 1048 
  0x0000022c1bd8cf00: 83ec 1048 | 8904 2448 | c744 2408 | 0000 0000 | 4183 bfc8 | 0400 0002 | 0f85 bf00 | 0000 4881 
  0x0000022c1bd8cf20: ec80 0000 | 0048 8944 | 2478 4889 | 4c24 7048 | 8954 2468 | 4889 5c24 | 6048 896c | 2450 4889 
  0x0000022c1bd8cf40: 7424 4848 | 897c 2440 | 4c89 4424 | 384c 894c | 2430 4c89 | 5424 284c | 895c 2420 | 4c89 6424 
  0x0000022c1bd8cf60: 184c 896c | 2410 4c89 | 7424 084c | 893c 244c | 8be4 4883 | ec20 4883 | e4f0 48b8 | c022 d87d 
  0x0000022c1bd8cf80: fb7f 0000 | ffd0 498b | e44c 8b3c | 244c 8b74 | 2408 4c8b | 6c24 104c | 8b64 2418 | 4c8b 5c24 
  0x0000022c1bd8cfa0: 204c 8b54 | 2428 4c8b | 4c24 304c | 8b44 2438 | 488b 7c24 | 4048 8b74 | 2448 488b | 6c24 5048 
  0x0000022c1bd8cfc0: 8b5c 2460 | 488b 5424 | 6848 8b4c | 2470 488b | 4424 7848 | 81c4 8000 | 0000 4d33 | e448 8b5d 
  0x0000022c1bd8cfe0: e84c 8b6b | 084d 8d6d | 3849 837f | 0800 0f84 | bb00 0000 | e805 0000 | 00e9 9600 | 0000 488d 
  0x0000022c1bd8d000: 4424 084c | 896d c049 | 8bcf c5f8 | 7749 89af | b003 0000 | 4989 87a0 | 0300 0048 | 83ec 2040 
  0x0000022c1bd8d020: f6c4 0f0f | 8419 0000 | 0048 83ec | 0848 b800 | 6ca0 7dfb | 7f00 00ff | d048 83c4 | 08e9 0c00 
  0x0000022c1bd8d040: 0000 48b8 | 006c a07d | fb7f 0000 | ffd0 4883 | c420 49c7 | 87a0 0300 | 0000 0000 | 0049 c787 
  0x0000022c1bd8d060: b003 0000 | 0000 0000 | 49c7 87a8 | 0300 0000 | 0000 00c5 | f877 4983 | 7f08 000f | 8405 0000 
  0x0000022c1bd8d080: 00e9 3a3e | ffff 4c8b | 6dc0 4c8b | 75c8 4e8d | 74f5 00c3 | 48b9 30d5 | ff7d fb7f | 0000 4883 
  0x0000022c1bd8d0a0: e4f0 48b8 | 704a c67d | fb7f 0000 | ffd0 f444 | 8b5b 2841 | f6c3 200f | 8479 0100 | 0048 8d55 
  0x0000022c1bd8d0c0: a84c 8b5a | 084d 85db | 0f85 bb00 | 0000 e805 | 0000 00e9 | 9600 0000 | 488d 4424 | 084c 896d 
  0x0000022c1bd8d0e0: c049 8bcf | c5f8 7749 | 89af b003 | 0000 4989 | 87a0 0300 | 0048 83ec | 2040 f6c4 | 0f0f 8419 
  0x0000022c1bd8d100: 0000 0048 | 83ec 0848 | b830 6ba0 | 7dfb 7f00 | 00ff d048 | 83c4 08e9 | 0c00 0000 | 48b8 306b 
  0x0000022c1bd8d120: a07d fb7f | 0000 ffd0 | 4883 c420 | 49c7 87a0 | 0300 0000 | 0000 0049 | c787 b003 | 0000 0000 
  0x0000022c1bd8d140: 0000 49c7 | 87a8 0300 | 0000 0000 | 00c5 f877 | 4983 7f08 | 000f 8405 | 0000 00e9 | 603d ffff 
  0x0000022c1bd8d160: 4c8b 6dc0 | 4c8b 75c8 | 4e8d 74f5 | 00c3 48b9 | 30d5 ff7d | fb7f 0000 | 4883 e4f0 | 48b8 704a 
  0x0000022c1bd8d180: c67d fb7f | 0000 ffd0 | f44c 896d | c04c 8b4a | 0848 c742 | 0800 0000 | 0045 8b87 | 1806 0000 
  0x0000022c1bd8d1a0: 4f3b 4c07 | f80f 8549 | 0000 0041 | 83af 1806 | 0000 084f | 3b4c 07f0 | 0f84 2a00 | 0000 498b 
  0x0000022c1bd8d1c0: 01a8 020f | 8512 0000 | 004c 8bc0 | 4983 c801 | f04d 0fb1 | 010f 840d | 0000 0041 | 8387 1806 
  0x0000022c1bd8d1e0: 0000 08e9 | 0c00 0000 | 49ff 8f50 | 0500 00e9 | 3e00 0000 | 4c89 4a08 | 488b ca48 | 83ec 2040 
  0x0000022c1bd8d200: f6c4 0f0f | 8419 0000 | 0048 83ec | 0848 b8f0 | 3da0 7dfb | 7f00 00ff | d048 83c4 | 08e9 0c00 
  0x0000022c1bd8d220: 0000 48b8 | f03d a07d | fb7f 0000 | ffd0 4883 | c420 4c8b | 6dc0 49ba | 41ad 277e | fb7f 0000 
  0x0000022c1bd8d240: 4180 3a00 | 0f84 3e00 | 0000 488b | 55e8 498b | cf48 83ec | 2040 f6c4 | 0f0f 8419 | 0000 0048 
  0x0000022c1bd8d260: 83ec 0848 | b810 eed7 | 7dfb 7f00 | 00ff d048 | 83c4 08e9 | 0c00 0000 | 48b8 10ee | d77d fb7f 
  0x0000022c1bd8d280: 0000 ffd0 | 4883 c420 | 488b 0424 | 4883 c410 | c5fb 1004 | 2448 83c4 | 104c 8b5d | 1841 ffd3 
  0x0000022c1bd8d2a0: 4c8b 5df8 | c95f 498b | e3ff e7ba | 0000 0000 | e805 0000 | 00e9 9600 | 0000 488d | 4424 084c 
  0x0000022c1bd8d2c0: 896d c049 | 8bcf c5f8 | 7749 89af | b003 0000 | 4989 87a0 | 0300 0048 | 83ec 2040 | f6c4 0f0f 
  0x0000022c1bd8d2e0: 8419 0000 | 0048 83ec | 0848 b8a0 | 31a0 7dfb | 7f00 00ff | d048 83c4 | 08e9 0c00 | 0000 48b8 
  0x0000022c1bd8d300: a031 a07d | fb7f 0000 | ffd0 4883 | c420 49c7 | 87a0 0300 | 0000 0000 | 0049 c787 | b003 0000 
  0x0000022c1bd8d320: 0000 0000 | 49c7 87a8 | 0300 0000 | 0000 00c5 | f877 4983 | 7f08 000f | 8405 0000 | 00e9 7e3b 
  0x0000022c1bd8d340: ffff 4c8b | 6dc0 4c8b | 75c8 4e8d | 74f5 00c3 | 488b 5de8 | e926 f6ff | ff0f 1f80 | 0000 0000 
[/MachCode]

---------------  P R O C E S S  ---------------

Threads class SMR info:
_java_thread_list=0x0000022c695a68e0, length=19, elements={
0x0000022c113c9e10, 0x0000022c23889ee0, 0x0000022c2388d110, 0x0000022c23890440,
0x0000022c2388f3d0, 0x0000022c23899060, 0x0000022c23899c70, 0x0000022c238a7630,
0x0000022c2398f760, 0x0000022c239937f0, 0x0000022c2399eec0, 0x0000022c23a7d7f0,
0x0000022c6928e120, 0x0000022c6928fda0, 0x0000022c694fe5f0, 0x0000022c6950fe60,
0x0000022c6953ef70, 0x0000022c6958ec40, 0x0000022c69608fb0
}

Java Threads: ( => current thread )
=>0x0000022c113c9e10 JavaThread "main"                              [_thread_in_vm, id=18128, stack(0x00000099f4300000,0x00000099f4400000) (1024K)]
  0x0000022c23889ee0 JavaThread "Reference Handler"          daemon [_thread_blocked, id=15592, stack(0x00000099f4b00000,0x00000099f4c00000) (1024K)]
  0x0000022c2388d110 JavaThread "Finalizer"                  daemon [_thread_blocked, id=17616, stack(0x00000099f4c00000,0x00000099f4d00000) (1024K)]
  0x0000022c23890440 JavaThread "Signal Dispatcher"          daemon [_thread_blocked, id=10404, stack(0x00000099f4d00000,0x00000099f4e00000) (1024K)]
  0x0000022c2388f3d0 JavaThread "Attach Listener"            daemon [_thread_blocked, id=12820, stack(0x00000099f4e00000,0x00000099f4f00000) (1024K)]
  0x0000022c23899060 JavaThread "Service Thread"             daemon [_thread_blocked, id=6180, stack(0x00000099f4f00000,0x00000099f5000000) (1024K)]
  0x0000022c23899c70 JavaThread "Monitor Deflation Thread"   daemon [_thread_blocked, id=10912, stack(0x00000099f5000000,0x00000099f5100000) (1024K)]
  0x0000022c238a7630 JavaThread "C1 CompilerThread0"         daemon [_thread_blocked, id=5280, stack(0x00000099f5100000,0x00000099f5200000) (1024K)]
  0x0000022c2398f760 JavaThread "Common-Cleaner"             daemon [_thread_blocked, id=18720, stack(0x00000099f5200000,0x00000099f5300000) (1024K)]
  0x0000022c239937f0 JavaThread "C1 CompilerThread1"         daemon [_thread_blocked, id=5268, stack(0x00000099f5300000,0x00000099f5400000) (1024K)]
  0x0000022c2399eec0 JavaThread "C1 CompilerThread2"         daemon [_thread_blocked, id=11324, stack(0x00000099f5400000,0x00000099f5500000) (1024K)]
  0x0000022c23a7d7f0 JavaThread "C1 CompilerThread3"         daemon [_thread_blocked, id=16188, stack(0x00000099f5500000,0x00000099f5600000) (1024K)]
  0x0000022c6928e120 JavaThread "Monitor Ctrl-Break"         daemon [_thread_in_native, id=5720, stack(0x00000099f5600000,0x00000099f5700000) (1024K)]
  0x0000022c6928fda0 JavaThread "Notification Thread"        daemon [_thread_blocked, id=19096, stack(0x00000099f5700000,0x00000099f5800000) (1024K)]
  0x0000022c694fe5f0 JavaThread "RMI TCP Accept-0"           daemon [_thread_in_native, id=660, stack(0x00000099f5800000,0x00000099f5900000) (1024K)]
  0x0000022c6950fe60 JavaThread "RMI TCP Connection(1)-192.168.56.1" daemon [_thread_in_native, id=16488, stack(0x00000099f5900000,0x00000099f5a00000) (1024K)]
  0x0000022c6953ef70 JavaThread "RMI Scheduler(0)"           daemon [_thread_blocked, id=2204, stack(0x00000099f5a00000,0x00000099f5b00000) (1024K)]
  0x0000022c6958ec40 JavaThread "JMX server connection timeout 26" daemon [_thread_blocked, id=10452, stack(0x00000099f5b00000,0x00000099f5c00000) (1024K)]
  0x0000022c69608fb0 JavaThread "RMI TCP Connection(2)-192.168.56.1" daemon [_thread_in_native, id=11336, stack(0x00000099f5c00000,0x00000099f5d00000) (1024K)]
Total: 19

Other Threads:
  0x0000022c238753e0 VMThread "VM Thread"                           [id=6028, stack(0x00000099f4a00000,0x00000099f4b00000) (1024K)]
  0x0000022c238602d0 WatcherThread "VM Periodic Task Thread"        [id=15300, stack(0x00000099f4900000,0x00000099f4a00000) (1024K)]
  0x0000022c136adc30 WorkerThread "GC Thread#0"                     [id=21828, stack(0x00000099f4400000,0x00000099f4500000) (1024K)]
  0x0000022c136bd930 ConcurrentGCThread "G1 Main Marker"            [id=11984, stack(0x00000099f4500000,0x00000099f4600000) (1024K)]
  0x0000022c136be350 WorkerThread "G1 Conc#0"                       [id=10820, stack(0x00000099f4600000,0x00000099f4700000) (1024K)]
  0x0000022c23734480 ConcurrentGCThread "G1 Refine#0"               [id=15304, stack(0x00000099f4700000,0x00000099f4800000) (1024K)]
  0x0000022c23735f20 ConcurrentGCThread "G1 Service"                [id=10488, stack(0x00000099f4800000,0x00000099f4900000) (1024K)]
Total: 7

Threads with active compile tasks:
Total: 0

VM state: not at safepoint (normal execution)

VM Mutex/Monitor currently owned by a thread:  ([mutex/lock_event])
[0x00007ffb7e2a1890] Metaspace_lock - owner thread: 0x0000022c113c9e10

Heap address: 0x00000000a1e00000, size: 1506 MB, Compressed Oops mode: 32-bit

CDS archive(s) mapped at: [0x0000022c24000000-0x0000022c24d70000-0x0000022c24d70000), size 14090240, SharedBaseAddress: 0x0000022c24000000, ArchiveRelocationMode: 1.
Compressed class space mapped at: 0x0000022c25000000-0x0000022c65000000, reserved size: 1073741824
Narrow klass base: 0x0000022c24000000, Narrow klass shift: 0, Narrow klass range: 0x41000000

GC Precious Log:
 CardTable entry size: 512
 Card Set container configuration: InlinePtr #cards 5 size 8 Array Of Cards #cards 10 size 36 Howl #buckets 4 coarsen threshold 1843 Howl Bitmap #cards 512 size 80 coarsen threshold 460 Card regions per heap region 1 cards per card region 2048
 CPUs: 8 total, 8 available
 Memory: 6019M
 Large Page Support: Disabled
 NUMA Support: Disabled
 Compressed Oops: Enabled (32-bit)
 Heap Region Size: 1M
 Heap Min Capacity: 8M
 Heap Initial Capacity: 96M
 Heap Max Capacity: 1506M
 Pre-touch: Disabled
 Parallel Workers: 8
 Concurrent Workers: 2
 Concurrent Refinement Workers: 8
 Periodic GC: Disabled

Heap:
 garbage-first heap   total reserved 1542144K, committed 98304K, used 25600K [0x00000000a1e00000, 0x0000000100000000)
  region size 1024K, 24 young (24576K), 0 survivors (0K)
 Metaspace       used 7192K, committed 7488K, reserved 1114112K
  class space    used 920K, committed 1088K, reserved 1048576K

Heap Regions: E=young(eden), S=young(survivor), O=old, HS=humongous(starts), HC=humongous(continues), CS=collection set, F=free, TAMS=top-at-mark-start, PB=parsable bottom
|   0|0x00000000a1e00000, 0x00000000a1f00000, 0x00000000a1f00000|100%|HS|  |TAMS 0x00000000a1e00000| PB 0x00000000a1e00000| Complete |  0
|   1|0x00000000a1f00000, 0x00000000a2000000, 0x00000000a2000000|100%|HS|  |TAMS 0x00000000a1f00000| PB 0x00000000a1f00000| Complete |  0
|   2|0x00000000a2000000, 0x00000000a2000000, 0x00000000a2100000|  0%| F|  |TAMS 0x00000000a2000000| PB 0x00000000a2000000| Untracked |  0
|   3|0x00000000a2100000, 0x00000000a2100000, 0x00000000a2200000|  0%| F|  |TAMS 0x00000000a2100000| PB 0x00000000a2100000| Untracked |  0
|   4|0x00000000a2200000, 0x00000000a2200000, 0x00000000a2300000|  0%| F|  |TAMS 0x00000000a2200000| PB 0x00000000a2200000| Untracked |  0
|   5|0x00000000a2300000, 0x00000000a2300000, 0x00000000a2400000|  0%| F|  |TAMS 0x00000000a2300000| PB 0x00000000a2300000| Untracked |  0
|   6|0x00000000a2400000, 0x00000000a2400000, 0x00000000a2500000|  0%| F|  |TAMS 0x00000000a2400000| PB 0x00000000a2400000| Untracked |  0
|   7|0x00000000a2500000, 0x00000000a2500000, 0x00000000a2600000|  0%| F|  |TAMS 0x00000000a2500000| PB 0x00000000a2500000| Untracked |  0
|   8|0x00000000a2600000, 0x00000000a2600000, 0x00000000a2700000|  0%| F|  |TAMS 0x00000000a2600000| PB 0x00000000a2600000| Untracked |  0
|   9|0x00000000a2700000, 0x00000000a2700000, 0x00000000a2800000|  0%| F|  |TAMS 0x00000000a2700000| PB 0x00000000a2700000| Untracked |  0
|  10|0x00000000a2800000, 0x00000000a2800000, 0x00000000a2900000|  0%| F|  |TAMS 0x00000000a2800000| PB 0x00000000a2800000| Untracked |  0
|  11|0x00000000a2900000, 0x00000000a2900000, 0x00000000a2a00000|  0%| F|  |TAMS 0x00000000a2900000| PB 0x00000000a2900000| Untracked |  0
|  12|0x00000000a2a00000, 0x00000000a2a00000, 0x00000000a2b00000|  0%| F|  |TAMS 0x00000000a2a00000| PB 0x00000000a2a00000| Untracked |  0
|  13|0x00000000a2b00000, 0x00000000a2b00000, 0x00000000a2c00000|  0%| F|  |TAMS 0x00000000a2b00000| PB 0x00000000a2b00000| Untracked |  0
|  14|0x00000000a2c00000, 0x00000000a2c00000, 0x00000000a2d00000|  0%| F|  |TAMS 0x00000000a2c00000| PB 0x00000000a2c00000| Untracked |  0
|  15|0x00000000a2d00000, 0x00000000a2d00000, 0x00000000a2e00000|  0%| F|  |TAMS 0x00000000a2d00000| PB 0x00000000a2d00000| Untracked |  0
|  16|0x00000000a2e00000, 0x00000000a2e00000, 0x00000000a2f00000|  0%| F|  |TAMS 0x00000000a2e00000| PB 0x00000000a2e00000| Untracked |  0
|  17|0x00000000a2f00000, 0x00000000a2f00000, 0x00000000a3000000|  0%| F|  |TAMS 0x00000000a2f00000| PB 0x00000000a2f00000| Untracked |  0
|  18|0x00000000a3000000, 0x00000000a3000000, 0x00000000a3100000|  0%| F|  |TAMS 0x00000000a3000000| PB 0x00000000a3000000| Untracked |  0
|  19|0x00000000a3100000, 0x00000000a3100000, 0x00000000a3200000|  0%| F|  |TAMS 0x00000000a3100000| PB 0x00000000a3100000| Untracked |  0
|  20|0x00000000a3200000, 0x00000000a3200000, 0x00000000a3300000|  0%| F|  |TAMS 0x00000000a3200000| PB 0x00000000a3200000| Untracked |  0
|  21|0x00000000a3300000, 0x00000000a3300000, 0x00000000a3400000|  0%| F|  |TAMS 0x00000000a3300000| PB 0x00000000a3300000| Untracked |  0
|  22|0x00000000a3400000, 0x00000000a3400000, 0x00000000a3500000|  0%| F|  |TAMS 0x00000000a3400000| PB 0x00000000a3400000| Untracked |  0
|  23|0x00000000a3500000, 0x00000000a3500000, 0x00000000a3600000|  0%| F|  |TAMS 0x00000000a3500000| PB 0x00000000a3500000| Untracked |  0
|  24|0x00000000a3600000, 0x00000000a3600000, 0x00000000a3700000|  0%| F|  |TAMS 0x00000000a3600000| PB 0x00000000a3600000| Untracked |  0
|  25|0x00000000a3700000, 0x00000000a3700000, 0x00000000a3800000|  0%| F|  |TAMS 0x00000000a3700000| PB 0x00000000a3700000| Untracked |  0
|  26|0x00000000a3800000, 0x00000000a3800000, 0x00000000a3900000|  0%| F|  |TAMS 0x00000000a3800000| PB 0x00000000a3800000| Untracked |  0
|  27|0x00000000a3900000, 0x00000000a3900000, 0x00000000a3a00000|  0%| F|  |TAMS 0x00000000a3900000| PB 0x00000000a3900000| Untracked |  0
|  28|0x00000000a3a00000, 0x00000000a3a00000, 0x00000000a3b00000|  0%| F|  |TAMS 0x00000000a3a00000| PB 0x00000000a3a00000| Untracked |  0
|  29|0x00000000a3b00000, 0x00000000a3b00000, 0x00000000a3c00000|  0%| F|  |TAMS 0x00000000a3b00000| PB 0x00000000a3b00000| Untracked |  0
|  30|0x00000000a3c00000, 0x00000000a3c00000, 0x00000000a3d00000|  0%| F|  |TAMS 0x00000000a3c00000| PB 0x00000000a3c00000| Untracked |  0
|  31|0x00000000a3d00000, 0x00000000a3d00000, 0x00000000a3e00000|  0%| F|  |TAMS 0x00000000a3d00000| PB 0x00000000a3d00000| Untracked |  0
|  32|0x00000000a3e00000, 0x00000000a3e00000, 0x00000000a3f00000|  0%| F|  |TAMS 0x00000000a3e00000| PB 0x00000000a3e00000| Untracked |  0
|  33|0x00000000a3f00000, 0x00000000a3f00000, 0x00000000a4000000|  0%| F|  |TAMS 0x00000000a3f00000| PB 0x00000000a3f00000| Untracked |  0
|  34|0x00000000a4000000, 0x00000000a4000000, 0x00000000a4100000|  0%| F|  |TAMS 0x00000000a4000000| PB 0x00000000a4000000| Untracked |  0
|  35|0x00000000a4100000, 0x00000000a4100000, 0x00000000a4200000|  0%| F|  |TAMS 0x00000000a4100000| PB 0x00000000a4100000| Untracked |  0
|  36|0x00000000a4200000, 0x00000000a4200000, 0x00000000a4300000|  0%| F|  |TAMS 0x00000000a4200000| PB 0x00000000a4200000| Untracked |  0
|  37|0x00000000a4300000, 0x00000000a4300000, 0x00000000a4400000|  0%| F|  |TAMS 0x00000000a4300000| PB 0x00000000a4300000| Untracked |  0
|  38|0x00000000a4400000, 0x00000000a4400000, 0x00000000a4500000|  0%| F|  |TAMS 0x00000000a4400000| PB 0x00000000a4400000| Untracked |  0
|  39|0x00000000a4500000, 0x00000000a4500000, 0x00000000a4600000|  0%| F|  |TAMS 0x00000000a4500000| PB 0x00000000a4500000| Untracked |  0
|  40|0x00000000a4600000, 0x00000000a4600000, 0x00000000a4700000|  0%| F|  |TAMS 0x00000000a4600000| PB 0x00000000a4600000| Untracked |  0
|  41|0x00000000a4700000, 0x00000000a4700000, 0x00000000a4800000|  0%| F|  |TAMS 0x00000000a4700000| PB 0x00000000a4700000| Untracked |  0
|  42|0x00000000a4800000, 0x00000000a4800000, 0x00000000a4900000|  0%| F|  |TAMS 0x00000000a4800000| PB 0x00000000a4800000| Untracked |  0
|  43|0x00000000a4900000, 0x00000000a4900000, 0x00000000a4a00000|  0%| F|  |TAMS 0x00000000a4900000| PB 0x00000000a4900000| Untracked |  0
|  44|0x00000000a4a00000, 0x00000000a4a00000, 0x00000000a4b00000|  0%| F|  |TAMS 0x00000000a4a00000| PB 0x00000000a4a00000| Untracked |  0
|  45|0x00000000a4b00000, 0x00000000a4b00000, 0x00000000a4c00000|  0%| F|  |TAMS 0x00000000a4b00000| PB 0x00000000a4b00000| Untracked |  0
|  46|0x00000000a4c00000, 0x00000000a4c00000, 0x00000000a4d00000|  0%| F|  |TAMS 0x00000000a4c00000| PB 0x00000000a4c00000| Untracked |  0
|  47|0x00000000a4d00000, 0x00000000a4d00000, 0x00000000a4e00000|  0%| F|  |TAMS 0x00000000a4d00000| PB 0x00000000a4d00000| Untracked |  0
|  48|0x00000000a4e00000, 0x00000000a4e00000, 0x00000000a4f00000|  0%| F|  |TAMS 0x00000000a4e00000| PB 0x00000000a4e00000| Untracked |  0
|  49|0x00000000a4f00000, 0x00000000a4f00000, 0x00000000a5000000|  0%| F|  |TAMS 0x00000000a4f00000| PB 0x00000000a4f00000| Untracked |  0
|  50|0x00000000a5000000, 0x00000000a5000000, 0x00000000a5100000|  0%| F|  |TAMS 0x00000000a5000000| PB 0x00000000a5000000| Untracked |  0
|  51|0x00000000a5100000, 0x00000000a5100000, 0x00000000a5200000|  0%| F|  |TAMS 0x00000000a5100000| PB 0x00000000a5100000| Untracked |  0
|  52|0x00000000a5200000, 0x00000000a5200000, 0x00000000a5300000|  0%| F|  |TAMS 0x00000000a5200000| PB 0x00000000a5200000| Untracked |  0
|  53|0x00000000a5300000, 0x00000000a5300000, 0x00000000a5400000|  0%| F|  |TAMS 0x00000000a5300000| PB 0x00000000a5300000| Untracked |  0
|  54|0x00000000a5400000, 0x00000000a5400000, 0x00000000a5500000|  0%| F|  |TAMS 0x00000000a5400000| PB 0x00000000a5400000| Untracked |  0
|  55|0x00000000a5500000, 0x00000000a5500000, 0x00000000a5600000|  0%| F|  |TAMS 0x00000000a5500000| PB 0x00000000a5500000| Untracked |  0
|  56|0x00000000a5600000, 0x00000000a5600000, 0x00000000a5700000|  0%| F|  |TAMS 0x00000000a5600000| PB 0x00000000a5600000| Untracked |  0
|  57|0x00000000a5700000, 0x00000000a5700000, 0x00000000a5800000|  0%| F|  |TAMS 0x00000000a5700000| PB 0x00000000a5700000| Untracked |  0
|  58|0x00000000a5800000, 0x00000000a5800000, 0x00000000a5900000|  0%| F|  |TAMS 0x00000000a5800000| PB 0x00000000a5800000| Untracked |  0
|  59|0x00000000a5900000, 0x00000000a5900000, 0x00000000a5a00000|  0%| F|  |TAMS 0x00000000a5900000| PB 0x00000000a5900000| Untracked |  0
|  60|0x00000000a5a00000, 0x00000000a5a00000, 0x00000000a5b00000|  0%| F|  |TAMS 0x00000000a5a00000| PB 0x00000000a5a00000| Untracked |  0
|  61|0x00000000a5b00000, 0x00000000a5b00000, 0x00000000a5c00000|  0%| F|  |TAMS 0x00000000a5b00000| PB 0x00000000a5b00000| Untracked |  0
|  62|0x00000000a5c00000, 0x00000000a5c00000, 0x00000000a5d00000|  0%| F|  |TAMS 0x00000000a5c00000| PB 0x00000000a5c00000| Untracked |  0
|  63|0x00000000a5d00000, 0x00000000a5d00000, 0x00000000a5e00000|  0%| F|  |TAMS 0x00000000a5d00000| PB 0x00000000a5d00000| Untracked |  0
|  64|0x00000000a5e00000, 0x00000000a5e00000, 0x00000000a5f00000|  0%| F|  |TAMS 0x00000000a5e00000| PB 0x00000000a5e00000| Untracked |  0
|  65|0x00000000a5f00000, 0x00000000a5f00000, 0x00000000a6000000|  0%| F|  |TAMS 0x00000000a5f00000| PB 0x00000000a5f00000| Untracked |  0
|  66|0x00000000a6000000, 0x00000000a6000000, 0x00000000a6100000|  0%| F|  |TAMS 0x00000000a6000000| PB 0x00000000a6000000| Untracked |  0
|  67|0x00000000a6100000, 0x00000000a6100000, 0x00000000a6200000|  0%| F|  |TAMS 0x00000000a6100000| PB 0x00000000a6100000| Untracked |  0
|  68|0x00000000a6200000, 0x00000000a6200000, 0x00000000a6300000|  0%| F|  |TAMS 0x00000000a6200000| PB 0x00000000a6200000| Untracked |  0
|  69|0x00000000a6300000, 0x00000000a6300000, 0x00000000a6400000|  0%| F|  |TAMS 0x00000000a6300000| PB 0x00000000a6300000| Untracked |  0
|  70|0x00000000a6400000, 0x00000000a6400000, 0x00000000a6500000|  0%| F|  |TAMS 0x00000000a6400000| PB 0x00000000a6400000| Untracked |  0
|  71|0x00000000a6500000, 0x00000000a6500000, 0x00000000a6600000|  0%| F|  |TAMS 0x00000000a6500000| PB 0x00000000a6500000| Untracked |  0
|  72|0x00000000a6600000, 0x00000000a66f84a8, 0x00000000a6700000| 96%| E|  |TAMS 0x00000000a6600000| PB 0x00000000a6600000| Complete |  0
|  73|0x00000000a6700000, 0x00000000a6800000, 0x00000000a6800000|100%| E|CS|TAMS 0x00000000a6700000| PB 0x00000000a6700000| Complete |  0
|  74|0x00000000a6800000, 0x00000000a6900000, 0x00000000a6900000|100%| E|CS|TAMS 0x00000000a6800000| PB 0x00000000a6800000| Complete |  0
|  75|0x00000000a6900000, 0x00000000a6a00000, 0x00000000a6a00000|100%| E|CS|TAMS 0x00000000a6900000| PB 0x00000000a6900000| Complete |  0
|  76|0x00000000a6a00000, 0x00000000a6b00000, 0x00000000a6b00000|100%| E|CS|TAMS 0x00000000a6a00000| PB 0x00000000a6a00000| Complete |  0
|  77|0x00000000a6b00000, 0x00000000a6c00000, 0x00000000a6c00000|100%| E|CS|TAMS 0x00000000a6b00000| PB 0x00000000a6b00000| Complete |  0
|  78|0x00000000a6c00000, 0x00000000a6d00000, 0x00000000a6d00000|100%| E|CS|TAMS 0x00000000a6c00000| PB 0x00000000a6c00000| Complete |  0
|  79|0x00000000a6d00000, 0x00000000a6e00000, 0x00000000a6e00000|100%| E|CS|TAMS 0x00000000a6d00000| PB 0x00000000a6d00000| Complete |  0
|  80|0x00000000a6e00000, 0x00000000a6f00000, 0x00000000a6f00000|100%| E|CS|TAMS 0x00000000a6e00000| PB 0x00000000a6e00000| Complete |  0
|  81|0x00000000a6f00000, 0x00000000a7000000, 0x00000000a7000000|100%| E|CS|TAMS 0x00000000a6f00000| PB 0x00000000a6f00000| Complete |  0
|  82|0x00000000a7000000, 0x00000000a7100000, 0x00000000a7100000|100%| E|CS|TAMS 0x00000000a7000000| PB 0x00000000a7000000| Complete |  0
|  83|0x00000000a7100000, 0x00000000a7200000, 0x00000000a7200000|100%| E|CS|TAMS 0x00000000a7100000| PB 0x00000000a7100000| Complete |  0
|  84|0x00000000a7200000, 0x00000000a7300000, 0x00000000a7300000|100%| E|CS|TAMS 0x00000000a7200000| PB 0x00000000a7200000| Complete |  0
|  85|0x00000000a7300000, 0x00000000a7400000, 0x00000000a7400000|100%| E|CS|TAMS 0x00000000a7300000| PB 0x00000000a7300000| Complete |  0
|  86|0x00000000a7400000, 0x00000000a7500000, 0x00000000a7500000|100%| E|CS|TAMS 0x00000000a7400000| PB 0x00000000a7400000| Complete |  0
|  87|0x00000000a7500000, 0x00000000a7600000, 0x00000000a7600000|100%| E|CS|TAMS 0x00000000a7500000| PB 0x00000000a7500000| Complete |  0
|  88|0x00000000a7600000, 0x00000000a7700000, 0x00000000a7700000|100%| E|CS|TAMS 0x00000000a7600000| PB 0x00000000a7600000| Complete |  0
|  89|0x00000000a7700000, 0x00000000a7800000, 0x00000000a7800000|100%| E|CS|TAMS 0x00000000a7700000| PB 0x00000000a7700000| Complete |  0
|  90|0x00000000a7800000, 0x00000000a7900000, 0x00000000a7900000|100%| E|CS|TAMS 0x00000000a7800000| PB 0x00000000a7800000| Complete |  0
|  91|0x00000000a7900000, 0x00000000a7a00000, 0x00000000a7a00000|100%| E|CS|TAMS 0x00000000a7900000| PB 0x00000000a7900000| Complete |  0
|  92|0x00000000a7a00000, 0x00000000a7b00000, 0x00000000a7b00000|100%| E|CS|TAMS 0x00000000a7a00000| PB 0x00000000a7a00000| Complete |  0
|  93|0x00000000a7b00000, 0x00000000a7c00000, 0x00000000a7c00000|100%| E|CS|TAMS 0x00000000a7b00000| PB 0x00000000a7b00000| Complete |  0
|  94|0x00000000a7c00000, 0x00000000a7d00000, 0x00000000a7d00000|100%| E|CS|TAMS 0x00000000a7c00000| PB 0x00000000a7c00000| Complete |  0
|  95|0x00000000a7d00000, 0x00000000a7e00000, 0x00000000a7e00000|100%| E|CS|TAMS 0x00000000a7d00000| PB 0x00000000a7d00000| Complete |  0

Card table byte_map: [0x0000022c1f3b0000,0x0000022c1f6b0000] _byte_map_base: 0x0000022c1eea1000

Marking Bits: (CMBitMap*) 0x0000022c136ae250
 Bits: [0x0000022c1f6b0000, 0x0000022c20e38000)

Polling page: 0x0000022c11380000

Metaspace:

Usage:
  Non-class:      6.12 MB used.
      Class:    920.94 KB used.
       Both:      7.02 MB used.

Virtual space:
  Non-class space:       64.00 MB reserved,       6.25 MB ( 10%) committed,  1 nodes.
      Class space:        1.00 GB reserved,       1.06 MB ( <1%) committed,  1 nodes.
             Both:        1.06 GB reserved,       7.31 MB ( <1%) committed. 

Chunk freelists:
   Non-Class:  9.73 MB
       Class:  14.98 MB
        Both:  24.72 MB

MaxMetaspaceSize: unlimited
CompressedClassSpaceSize: 1.00 GB
Initial GC threshold: 21.00 MB
Current GC threshold: 21.00 MB
CDS: on
 - commit_granule_bytes: 65536.
 - commit_granule_words: 8192.
 - virtual_space_node_default_size: 8388608.
 - enlarge_chunks_in_place: 1.
 - use_allocation_guard: 0.


Internal statistics:

num_allocs_failed_limit: 0.
num_arena_births: 278.
num_arena_deaths: 0.
num_vsnodes_births: 2.
num_vsnodes_deaths: 0.
num_space_committed: 117.
num_space_uncommitted: 0.
num_chunks_returned_to_freelist: 0.
num_chunks_taken_from_freelist: 395.
num_chunk_merges: 0.
num_chunk_splits: 236.
num_chunks_enlarged: 109.
num_inconsistent_stats: 0.

CodeCache: size=49152Kb used=4055Kb max_used=4055Kb free=45096Kb
 bounds [0x0000022c1bd80000, 0x0000022c1c180000, 0x0000022c1ed80000]
 total_blobs=1524, nmethods=1022, adapters=425, full_count=1
Compilation: disabled (not enough contiguous free space left), stopped_count=1, restarted_count=0

Compilation events (20 events):
Event: 0.928 Thread 0x0000022c239937f0 nmethod 961 0x0000022c1c15b688 code [0x0000022c1c15b7c0, 0x0000022c1c15b928]
Event: 0.929 Thread 0x0000022c239937f0  963       1       java.lang.reflect.Constructor::getSharedParameterTypes (5 bytes)
Event: 0.929 Thread 0x0000022c23a7d7f0  964       1       java.util.ImmutableCollections$AbstractImmutableList::<init> (5 bytes)
Event: 0.929 Thread 0x0000022c239937f0 nmethod 963 0x0000022c1c15b988 code [0x0000022c1c15baa0, 0x0000022c1c15bb68]
Event: 0.929 Thread 0x0000022c23a7d7f0 nmethod 964 0x0000022c1c15bc88 code [0x0000022c1c15bda0, 0x0000022c1c15be68]
Event: 0.929 Thread 0x0000022c2399eec0  965       1       jdk.internal.util.xml.impl.Parser::bqstr (462 bytes)
Event: 0.929 Thread 0x0000022c23a7d7f0  966       1       jdk.internal.util.xml.impl.Parser::qname (37 bytes)
Event: 0.929 Thread 0x0000022c239937f0  967       1       jdk.internal.util.xml.impl.Pair::local (63 bytes)
Event: 0.929 Thread 0x0000022c23a7d7f0 nmethod 966 0x0000022c1c15bf88 code [0x0000022c1c15c0c0, 0x0000022c1c15c300]
Event: 0.929 Thread 0x0000022c23a7d7f0  968       1       jdk.internal.util.xml.impl.Parser::attr (500 bytes)
Event: 0.929 Thread 0x0000022c239937f0 nmethod 967 0x0000022c1c15c388 code [0x0000022c1c15c4e0, 0x0000022c1c15c7f8]
Event: 0.929 Thread 0x0000022c239937f0  969       1       java.lang.Class::getSimpleName (26 bytes)
Event: 0.930 Thread 0x0000022c239937f0 nmethod 969 0x0000022c1c15c888 code [0x0000022c1c15c9c0, 0x0000022c1c15cb40]
Event: 0.930 Thread 0x0000022c239937f0  974       1       java.lang.AbstractStringBuilder::appendChars (130 bytes)
Event: 0.930 Thread 0x0000022c238a7630 nmethod 945 0x0000022c1c15cb88 code [0x0000022c1c15d0c0, 0x0000022c1c15eec0]
Event: 0.930 Thread 0x0000022c238a7630  970       1       jdk.jfr.internal.jfc.model.Utilities::elementName (58 bytes)
Event: 0.931 Thread 0x0000022c2399eec0 nmethod 965 0x0000022c1c15f008 code [0x0000022c1c15f280, 0x0000022c1c15ff50]
Event: 0.931 Thread 0x0000022c239937f0 

Event: 0.931 Thread 0x0000022c238a7630 nmethod 970 0x0000022c1c160008 code [0x0000022c1c1601e0, 0x0000022c1c160750]
Event: 0.932 Thread 0x0000022c23a7d7f0 nmethod 968 0x0000022c1c160808 code [0x0000022c1c160b20, 0x0000022c1c162038]

GC Heap History (0 events):
No events

Dll operation events (11 events):
Event: 0.017 Loaded shared library C:\Users\blessed_k1d\.jdks\openjdk-23.0.1\bin\java.dll
Event: 0.248 Loaded shared library C:\Users\blessed_k1d\.jdks\openjdk-23.0.1\bin\zip.dll
Event: 0.254 Loaded shared library C:\Users\blessed_k1d\.jdks\openjdk-23.0.1\bin\instrument.dll
Event: 0.264 Loaded shared library C:\Users\blessed_k1d\.jdks\openjdk-23.0.1\bin\net.dll
Event: 0.267 Loaded shared library C:\Users\blessed_k1d\.jdks\openjdk-23.0.1\bin\nio.dll
Event: 0.276 Loaded shared library C:\Users\blessed_k1d\.jdks\openjdk-23.0.1\bin\zip.dll
Event: 0.325 Loaded shared library C:\Users\blessed_k1d\.jdks\openjdk-23.0.1\bin\jimage.dll
Event: 0.641 Loaded shared library D:\JetBrains\IntelliJ IDEA 2024.3.2.1\bin\breakgen64.dll
Event: 0.660 Loaded shared library C:\Users\blessed_k1d\.jdks\openjdk-23.0.1\bin\extnet.dll
Event: 0.676 Loaded shared library C:\Users\blessed_k1d\.jdks\openjdk-23.0.1\bin\management.dll
Event: 0.698 Loaded shared library C:\Users\blessed_k1d\.jdks\openjdk-23.0.1\bin\management_ext.dll

Deoptimization events (0 events):
No events

Classes loaded (20 events):
Event: 1.342 Loading class java/lang/StackTraceElement$HashedModules
Event: 1.343 Loading class java/lang/StackTraceElement$HashedModules done
Event: 1.347 Loading class java/rmi/AccessException
Event: 1.347 Loading class java/rmi/AccessException done
Event: 1.353 Loading class java/util/concurrent/TimeoutException
Event: 1.353 Loading class java/util/concurrent/TimeoutException done
Event: 1.358 Loading class java/rmi/server/UnicastRemoteObject
Event: 1.358 Loading class java/rmi/server/UnicastRemoteObject done
Event: 1.358 Loading class java/util/Vector$1
Event: 1.358 Loading class java/util/Vector$1 done
Event: 1.373 Loading class java/lang/IllegalAccessError
Event: 1.373 Loading class java/lang/IllegalAccessError done
Event: 1.388 Loading class java/util/IdentityHashMap$EntrySet
Event: 1.388 Loading class java/util/IdentityHashMap$EntrySet done
Event: 1.388 Loading class java/util/IdentityHashMap$EntryIterator
Event: 1.388 Loading class java/util/IdentityHashMap$EntryIterator done
Event: 1.388 Loading class java/util/IdentityHashMap$EntryIterator$Entry
Event: 1.389 Loading class java/util/IdentityHashMap$EntryIterator$Entry done
Event: 1.389 Loading class java/util/IdentityHashMap$ValueIterator
Event: 1.389 Loading class java/util/IdentityHashMap$ValueIterator done

Classes unloaded (0 events):
No events

Classes redefined (0 events):
No events

Internal exceptions (20 events):
Event: 0.840 Thread 0x0000022c2388f3d0 Exception <a 'java/lang/NoSuchMethodError'{0x00000000a72be1b8}: 'int java.lang.invoke.DirectMethodHandle$Holder.invokeSpecial(java.lang.Object, java.lang.Object, java.lang.Object)'> (0x00000000a72be1b8) 
thrown [s\open\src\hotspot\share\interpreter\linkResolver.cpp, line 796]
Event: 0.897 Thread 0x0000022c2388f3d0 Exception <a 'java/lang/NoSuchMethodError'{0x00000000a7009c70}: 'java.lang.Object java.lang.invoke.DirectMethodHandle$Holder.invokeStaticInit(java.lang.Object, java.lang.Object, java.lang.Object)'> (0x00000000a7009c70) 
thrown [s\open\src\hotspot\share\interpreter\linkResolver.cpp, line 796]
Event: 1.059 Thread 0x0000022c2388f3d0 Exception <a 'java/lang/NoSuchMethodError'{0x00000000a6d7f6c8}: 'java.lang.Object java.lang.invoke.DirectMethodHandle$Holder.invokeStaticInit(java.lang.Object, int, int, int, int)'> (0x00000000a6d7f6c8) 
thrown [s\open\src\hotspot\share\interpreter\linkResolver.cpp, line 796]
Event: 1.077 Thread 0x0000022c2388f3d0 Exception <a 'java/lang/NoSuchMethodError'{0x00000000a6db4428}: 'java.lang.Object java.lang.invoke.DirectMethodHandle$Holder.invokeStaticInit(java.lang.Object, java.lang.Object, int, int, int, int)'> (0x00000000a6db4428) 
thrown [s\open\src\hotspot\share\interpreter\linkResolver.cpp, line 796]
Event: 1.106 Thread 0x0000022c2388f3d0 Exception <a 'java/lang/ClassNotFoundException'{0x00000000a6dd1a98}: javax/management/remote/rmi/RMIServerImpl_Skel> (0x00000000a6dd1a98) 
thrown [s\open\src\hotspot\share\classfile\systemDictionary.cpp, line 313]
Event: 1.128 Thread 0x0000022c2388f3d0 Exception <a 'java/lang/NoSuchMethodError'{0x00000000a6df0620}: 'long java.lang.invoke.DirectMethodHandle$Holder.invokeSpecial(java.lang.Object, java.lang.Object)'> (0x00000000a6df0620) 
thrown [s\open\src\hotspot\share\interpreter\linkResolver.cpp, line 796]
Event: 1.128 Thread 0x0000022c2388f3d0 Exception <a 'java/lang/NoSuchMethodError'{0x00000000a6df3d10}: 'long java.lang.invoke.Invokers$Holder.invokeExact_MT(java.lang.Object, java.lang.Object)'> (0x00000000a6df3d10) 
thrown [s\open\src\hotspot\share\interpreter\linkResolver.cpp, line 796]
Event: 1.202 Thread 0x0000022c6950fe60 Exception <a 'java/lang/NoSuchMethodError'{0x00000000a6b64478}: static [B.<clinit>()V> (0x00000000a6b64478) 
thrown [s\open\src\hotspot\share\prims\jni.cpp, line 1111]
Event: 1.208 Thread 0x0000022c6950fe60 Exception <a 'java/lang/NoSuchMethodError'{0x00000000a6b68628}: 'java.lang.Object java.lang.invoke.DirectMethodHandle$Holder.invokeInterface(java.lang.Object, java.lang.Object, java.lang.Object)'> (0x00000000a6b68628) 
thrown [s\open\src\hotspot\share\interpreter\linkResolver.cpp, line 796]
Event: 1.225 Thread 0x0000022c6950fe60 Exception <a 'java/lang/ClassNotFoundException'{0x00000000a6a132f8}: javax/management/remote/rmi/RMIConnectionImpl_Skel> (0x00000000a6a132f8) 
thrown [s\open\src\hotspot\share\classfile\systemDictionary.cpp, line 313]
Event: 1.228 Thread 0x0000022c6958ec40 Exception <a 'java/lang/NoSuchMethodError'{0x00000000a69222d8}: 'java.lang.Object java.lang.invoke.Invokers$Holder.linkToTargetMethod(java.lang.Object, long, java.lang.Object)'> (0x00000000a69222d8) 
thrown [s\open\src\hotspot\share\interpreter\linkResolver.cpp, line 796]
Event: 1.248 Thread 0x0000022c6950fe60 Exception <a 'java/lang/NoSuchMethodError'{0x00000000a6a32f30}: 'java.lang.Object java.lang.invoke.DirectMethodHandle$Holder.invokeInterface(java.lang.Object, java.lang.Object)'> (0x00000000a6a32f30) 
thrown [s\open\src\hotspot\share\interpreter\linkResolver.cpp, line 796]
Event: 1.261 Thread 0x0000022c6950fe60 Exception <a 'java/lang/NoSuchMethodError'{0x00000000a6a58440}: 'int java.lang.invoke.DelegatingMethodHandle$Holder.reinvoke_L(java.lang.Object, java.lang.Object, java.lang.Object, java.lang.Object, java.lang.Object)'> (0x00000000a6a58440) 
thrown [s\open\src\hotspot\share\interpreter\linkResolver.cpp, line 796]
Event: 1.277 Thread 0x0000022c6950fe60 Exception <a 'java/lang/NoSuchMethodError'{0x00000000a6a74168}: 'java.lang.Object java.lang.invoke.DirectMethodHandle$Holder.invokeInterface(java.lang.Object, java.lang.Object, java.lang.Object, java.lang.Object, java.lang.Object)'> (0x00000000a6a74168) 
thrown [s\open\src\hotspot\share\interpreter\linkResolver.cpp, line 796]
Event: 1.284 Thread 0x0000022c6950fe60 Exception <a 'java/lang/NoSuchMethodError'{0x00000000a68134c0}: 'double java.lang.invoke.DirectMethodHandle$Holder.invokeInterface(java.lang.Object, java.lang.Object)'> (0x00000000a68134c0) 
thrown [s\open\src\hotspot\share\interpreter\linkResolver.cpp, line 796]
Event: 1.285 Thread 0x0000022c6950fe60 Exception <a 'java/lang/NoSuchMethodError'{0x00000000a681ae90}: 'double java.lang.invoke.DelegatingMethodHandle$Holder.reinvoke_L(java.lang.Object, java.lang.Object)'> (0x00000000a681ae90) 
thrown [s\open\src\hotspot\share\interpreter\linkResolver.cpp, line 796]
Event: 1.286 Thread 0x0000022c113c9e10 Exception <a 'java/lang/NoSuchMethodError'{0x00000000a69ef348}: 'java.lang.Object java.lang.invoke.DirectMethodHandle$Holder.invokeSpecial(java.lang.Object, java.lang.Object, java.lang.Object, long, java.lang.Object)'> (0x00000000a69ef348) 
thrown [s\open\src\hotspot\share\interpreter\linkResolver.cpp, line 796]
Event: 1.286 Thread 0x0000022c113c9e10 Exception <a 'java/lang/NoSuchMethodError'{0x00000000a69f2cc0}: 'java.lang.Object java.lang.invoke.Invokers$Holder.linkToTargetMethod(java.lang.Object, long, java.lang.Object, java.lang.Object)'> (0x00000000a69f2cc0) 
thrown [s\open\src\hotspot\share\interpreter\linkResolver.cpp, line 796]
Event: 1.343 Thread 0x0000022c69608fb0 Exception <a 'java/lang/NoSuchMethodError'{0x00000000a67a8700}: static [Ljava/lang/StackTraceElement;.<clinit>()V> (0x00000000a67a8700) 
thrown [s\open\src\hotspot\share\prims\jni.cpp, line 1111]
Event: 1.356 Thread 0x0000022c69608fb0 Exception <a 'java/lang/NoSuchMethodError'{0x00000000a67b7470}: 'void java.lang.invoke.DirectMethodHandle$Holder.invokeInterface(java.lang.Object, java.lang.Object)'> (0x00000000a67b7470) 
thrown [s\open\src\hotspot\share\interpreter\linkResolver.cpp, line 796]

VM Operations (18 events):
Event: 0.230 Executing VM operation: HandshakeAllThreads (Deoptimize)
Event: 0.230 Executing VM operation: HandshakeAllThreads (Deoptimize) done
Event: 0.342 Executing VM operation: HandshakeAllThreads (Deoptimize)
Event: 0.342 Executing VM operation: HandshakeAllThreads (Deoptimize) done
Event: 0.611 Executing VM operation: HandshakeAllThreads (Deoptimize)
Event: 0.612 Executing VM operation: HandshakeAllThreads (Deoptimize) done
Event: 0.688 Executing VM operation: HandshakeAllThreads (Deoptimize)
Event: 0.688 Executing VM operation: HandshakeAllThreads (Deoptimize) done
Event: 0.716 Executing VM operation: HandshakeAllThreads (Deoptimize)
Event: 0.716 Executing VM operation: HandshakeAllThreads (Deoptimize) done
Event: 1.141 Executing VM operation: HandshakeAllThreads (Deoptimize)
Event: 1.141 Executing VM operation: HandshakeAllThreads (Deoptimize) done
Event: 1.214 Executing VM operation: HandshakeAllThreads (Deoptimize)
Event: 1.214 Executing VM operation: HandshakeAllThreads (Deoptimize) done
Event: 1.223 Executing VM operation: HandshakeAllThreads (Deoptimize)
Event: 1.223 Executing VM operation: HandshakeAllThreads (Deoptimize) done
Event: 1.223 Executing VM operation: HandshakeAllThreads (Deoptimize)
Event: 1.223 Executing VM operation: HandshakeAllThreads (Deoptimize) done

Memory protections (0 events):
No events

Nmethod flushes (0 events):
No events

Events (20 events):
Event: 0.059 Thread 0x0000022c113c9e10 Thread added: 0x0000022c23889ee0
Event: 0.059 Thread 0x0000022c113c9e10 Thread added: 0x0000022c2388d110
Event: 0.059 Thread 0x0000022c113c9e10 Thread added: 0x0000022c23890440
Event: 0.059 Thread 0x0000022c113c9e10 Thread added: 0x0000022c2388f3d0
Event: 0.059 Thread 0x0000022c113c9e10 Thread added: 0x0000022c23899060
Event: 0.059 Thread 0x0000022c113c9e10 Thread added: 0x0000022c23899c70
Event: 0.059 Thread 0x0000022c113c9e10 Thread added: 0x0000022c238a7630
Event: 0.223 Thread 0x0000022c113c9e10 Thread added: 0x0000022c2398f760
Event: 0.230 Thread 0x0000022c238a7630 Thread added: 0x0000022c239937f0
Event: 0.232 Thread 0x0000022c238a7630 Thread added: 0x0000022c2399eec0
Event: 0.307 Thread 0x0000022c2399eec0 Thread added: 0x0000022c23a7d7f0
Event: 0.642 Thread 0x0000022c113c9e10 Thread added: 0x0000022c6928e120
Event: 0.643 Thread 0x0000022c113c9e10 Thread added: 0x0000022c6928fda0
Event: 1.118 Thread 0x0000022c2388f3d0 Thread added: 0x0000022c694fe5f0
Event: 1.166 Thread 0x0000022c694fe5f0 Thread added: 0x0000022c6950fe60
Event: 1.200 Thread 0x0000022c6950fe60 Thread added: 0x0000022c6953ef70
Event: 1.219 Thread 0x0000022c6950fe60 Thread added: 0x0000022c6958ec40
Event: 1.328 Thread 0x0000022c694fe5f0 Thread added: 0x0000022c69608fb0
Event: 1.332 Thread 0x0000022c69608fb0 Thread added: 0x0000022c6960a630
Event: 1.358 Thread 0x0000022c6960a630 Thread exited: 0x0000022c6960a630


Dynamic libraries:
0x00007ff61e9d0000 - 0x00007ff61e9de000 	C:\Users\blessed_k1d\.jdks\openjdk-23.0.1\bin\java.exe
0x00007ffbcd440000 - 0x00007ffbcd630000 	C:\Windows\SYSTEM32\ntdll.dll
0x00007ffbcd210000 - 0x00007ffbcd2c2000 	C:\Windows\System32\KERNEL32.DLL
0x00007ffbca840000 - 0x00007ffbcaae3000 	C:\Windows\System32\KERNELBASE.dll
0x00007ffbca3d0000 - 0x00007ffbca4ca000 	C:\Windows\System32\ucrtbase.dll
0x00007ffbaa5a0000 - 0x00007ffbaa5b7000 	C:\Users\blessed_k1d\.jdks\openjdk-23.0.1\bin\jli.dll
0x00007ffb89dd0000 - 0x00007ffb89deb000 	C:\Users\blessed_k1d\.jdks\openjdk-23.0.1\bin\VCRUNTIME140.dll
0x00007ffbccfd0000 - 0x00007ffbcd164000 	C:\Windows\System32\USER32.dll
0x00007ffbca810000 - 0x00007ffbca831000 	C:\Windows\System32\win32u.dll
0x00007ffbbaa00000 - 0x00007ffbbac85000 	C:\Windows\WinSxS\amd64_microsoft.windows.common-controls_6595b64144ccf1df_6.0.18362.476_none_e6c4b11b130f2595\COMCTL32.dll
0x00007ffbcd1e0000 - 0x00007ffbcd206000 	C:\Windows\System32\GDI32.dll
0x00007ffbcb610000 - 0x00007ffbcb6ae000 	C:\Windows\System32\msvcrt.dll
0x00007ffbca4d0000 - 0x00007ffbca664000 	C:\Windows\System32\gdi32full.dll
0x00007ffbcb840000 - 0x00007ffbcbb76000 	C:\Windows\System32\combase.dll
0x00007ffbca670000 - 0x00007ffbca70e000 	C:\Windows\System32\msvcp_win.dll
0x00007ffbcb4f0000 - 0x00007ffbcb610000 	C:\Windows\System32\RPCRT4.dll
0x00007ffbca710000 - 0x00007ffbca790000 	C:\Windows\System32\bcryptPrimitives.dll
0x00007ffbcb6b0000 - 0x00007ffbcb6de000 	C:\Windows\System32\IMM32.DLL
0x00007ffbaa590000 - 0x00007ffbaa59c000 	C:\Users\blessed_k1d\.jdks\openjdk-23.0.1\bin\vcruntime140_1.dll
0x00007ffb887b0000 - 0x00007ffb8883e000 	C:\Users\blessed_k1d\.jdks\openjdk-23.0.1\bin\msvcp140.dll
0x00007ffb7d630000 - 0x00007ffb7e37f000 	C:\Users\blessed_k1d\.jdks\openjdk-23.0.1\bin\server\jvm.dll
0x00007ffbcd2d0000 - 0x00007ffbcd373000 	C:\Windows\System32\ADVAPI32.dll
0x00007ffbccdf0000 - 0x00007ffbcce87000 	C:\Windows\System32\sechost.dll
0x00007ffbca360000 - 0x00007ffbca3aa000 	C:\Windows\System32\POWRPROF.dll
0x00007ffbca310000 - 0x00007ffbca320000 	C:\Windows\System32\UMPDC.dll
0x00007ffbccf60000 - 0x00007ffbccfcf000 	C:\Windows\System32\WS2_32.dll
0x00007ffbc27a0000 - 0x00007ffbc27aa000 	C:\Windows\SYSTEM32\VERSION.dll
0x00007ffbc8280000 - 0x00007ffbc82a4000 	C:\Windows\SYSTEM32\WINMM.dll
0x00007ffbc7e00000 - 0x00007ffbc7e2d000 	C:\Windows\SYSTEM32\WINMMBASE.dll
0x00007ffbcb270000 - 0x00007ffbcb2ba000 	C:\Windows\System32\cfgmgr32.dll
0x00007ffbca320000 - 0x00007ffbca331000 	C:\Windows\System32\kernel.appcore.dll
0x00007ffb8b1d0000 - 0x00007ffb8b1da000 	C:\Users\blessed_k1d\.jdks\openjdk-23.0.1\bin\jimage.dll
0x00007ffbc2c80000 - 0x00007ffbc2e74000 	C:\Windows\SYSTEM32\DBGHELP.DLL
0x00007ffbaf3f0000 - 0x00007ffbaf41a000 	C:\Windows\SYSTEM32\dbgcore.DLL
0x00007ffbbd730000 - 0x00007ffbbd73f000 	C:\Users\blessed_k1d\.jdks\openjdk-23.0.1\bin\instrument.dll
0x00007ffb89db0000 - 0x00007ffb89dce000 	C:\Users\blessed_k1d\.jdks\openjdk-23.0.1\bin\java.dll
0x00007ffbccc20000 - 0x00007ffbccd76000 	C:\Windows\System32\ole32.dll
0x00007ffbcbff0000 - 0x00007ffbcc6d5000 	C:\Windows\System32\SHELL32.dll
0x00007ffbccb70000 - 0x00007ffbccc19000 	C:\Windows\System32\shcore.dll
0x00007ffbcaaf0000 - 0x00007ffbcb26e000 	C:\Windows\System32\windows.storage.dll
0x00007ffbca340000 - 0x00007ffbca35f000 	C:\Windows\System32\profapi.dll
0x00007ffbccd80000 - 0x00007ffbccdd2000 	C:\Windows\System32\shlwapi.dll
0x00007ffbca790000 - 0x00007ffbca7a7000 	C:\Windows\System32\cryptsp.dll
0x00007ffb89920000 - 0x00007ffb89937000 	C:\Users\blessed_k1d\.jdks\openjdk-23.0.1\bin\zip.dll
0x00007ffb8aeb0000 - 0x00007ffb8aec0000 	C:\Users\blessed_k1d\.jdks\openjdk-23.0.1\bin\net.dll
0x00007ffbc9b20000 - 0x00007ffbc9b87000 	C:\Windows\system32\mswsock.dll
0x00007ffb89d40000 - 0x00007ffb89d56000 	C:\Users\blessed_k1d\.jdks\openjdk-23.0.1\bin\nio.dll
0x00007ffbc9870000 - 0x00007ffbc993a000 	C:\Windows\SYSTEM32\DNSAPI.dll
0x00007ffbcb810000 - 0x00007ffbcb818000 	C:\Windows\System32\NSI.dll
0x00007ffbc9830000 - 0x00007ffbc986a000 	C:\Windows\SYSTEM32\IPHLPAPI.DLL
0x000000006ec80000 - 0x000000006ecb5000 	C:\Program Files\Bonjour\mdnsNSP.dll
0x0000000063560000 - 0x0000000063569000 	C:\Program Files\National Instruments\Shared\mDNS Responder\nimdnsNSP.dll
0x0000000063550000 - 0x000000006355e000 	C:\Windows\SYSTEM32\nimdnsResponder.dll
0x000000006dc40000 - 0x000000006dce3000 	C:\Windows\WinSxS\amd64_microsoft.vc90.crt_1fc8b3b9a1e18e3b_9.0.30729.9619_none_08e065a3a84109b0\MSVCR90.dll
0x00007ffbaa710000 - 0x00007ffbaa72a000 	D:\JetBrains\IntelliJ IDEA 2024.3.2.1\bin\breakgen64.dll
0x00007ffbbfb50000 - 0x00007ffbbfb5a000 	C:\Windows\System32\rasadhlp.dll
0x00007ffbc0740000 - 0x00007ffbc07b7000 	C:\Windows\System32\fwpuclnt.dll
0x00007ffbcb2c0000 - 0x00007ffbcb2e6000 	C:\Windows\System32\bcrypt.dll
0x00007ffb898f0000 - 0x00007ffb898f9000 	C:\Users\blessed_k1d\.jdks\openjdk-23.0.1\bin\extnet.dll
0x00007ffb9ecf0000 - 0x00007ffb9ecfa000 	C:\Users\blessed_k1d\.jdks\openjdk-23.0.1\bin\management.dll
0x00007ffb9ece0000 - 0x00007ffb9eceb000 	C:\Users\blessed_k1d\.jdks\openjdk-23.0.1\bin\management_ext.dll
0x00007ffbcc810000 - 0x00007ffbcc818000 	C:\Windows\System32\PSAPI.DLL
0x00007ffbc9690000 - 0x00007ffbc96c3000 	C:\Windows\system32\rsaenh.dll
0x00007ffbca230000 - 0x00007ffbca255000 	C:\Windows\SYSTEM32\USERENV.dll
0x00007ffbc9cf0000 - 0x00007ffbc9cfc000 	C:\Windows\SYSTEM32\CRYPTBASE.dll
0x00007ffbb6700000 - 0x00007ffbb6716000 	C:\Windows\system32\napinsp.dll
0x00007ffbb66e0000 - 0x00007ffbb66fa000 	C:\Windows\system32\pnrpnsp.dll
0x00007ffbb66d0000 - 0x00007ffbb66de000 	C:\Windows\System32\winrnr.dll
0x00007ffbc6b70000 - 0x00007ffbc6b8c000 	C:\Windows\system32\NLAapi.dll
0x00007ffbb66b0000 - 0x00007ffbb66c5000 	C:\Windows\system32\wshbth.dll
0x00007ffbaa330000 - 0x00007ffbaa378000 	C:\Windows\SYSTEM32\pdh.dll

dbghelp: loaded successfully - version: 4.0.5 - missing functions: none
symbol engine: initialized successfully - sym options: 0x614 - pdb path: .;C:\Users\blessed_k1d\.jdks\openjdk-23.0.1\bin;C:\Windows\SYSTEM32;C:\Windows\WinSxS\amd64_microsoft.windows.common-controls_6595b64144ccf1df_6.0.18362.476_none_e6c4b11b130f2595;C:\Users\blessed_k1d\.jdks\openjdk-23.0.1\bin\server;C:\Program Files\Bonjour;C:\Program Files\National Instruments\Shared\mDNS Responder;C:\Windows\WinSxS\amd64_microsoft.vc90.crt_1fc8b3b9a1e18e3b_9.0.30729.9619_none_08e065a3a84109b0;D:\JetBrains\IntelliJ IDEA 2024.3.2.1\bin

VM Arguments:
jvm_args: -XX:TieredStopAtLevel=1 -Dspring.output.ansi.enabled=always -Dcom.sun.management.jmxremote -Dspring.jmx.enabled=true -Dspring.liveBeansView.mbeanDomain -Dspring.application.admin.enabled=true -Dmanagement.endpoints.jmx.exposure.include=* -javaagent:D:\JetBrains\IntelliJ IDEA 2024.3.2.1\lib\idea_rt.jar=51547:D:\JetBrains\IntelliJ IDEA 2024.3.2.1\bin -Dfile.encoding=UTF-8 -Dsun.stdout.encoding=UTF-8 -Dsun.stderr.encoding=UTF-8 
java_command: com.raxat.oauthlib.Oauth2Application
java_class_path (initial): C:\Users\blessed_k1d\Projects\oauthlib\target\classes;C:\Users\blessed_k1d\.m2\repository\org\springframework\boot\spring-boot-starter\3.4.4\spring-boot-starter-3.4.4.jar;C:\Users\blessed_k1d\.m2\repository\org\springframework\boot\spring-boot\3.4.4\spring-boot-3.4.4.jar;C:\Users\blessed_k1d\.m2\repository\org\springframework\spring-context\6.2.5\spring-context-6.2.5.jar;C:\Users\blessed_k1d\.m2\repository\org\springframework\boot\spring-boot-autoconfigure\3.4.4\spring-boot-autoconfigure-3.4.4.jar;C:\Users\blessed_k1d\.m2\repository\org\springframework\boot\spring-boot-starter-logging\3.4.4\spring-boot-starter-logging-3.4.4.jar;C:\Users\blessed_k1d\.m2\repository\ch\qos\logback\logback-classic\1.5.18\logback-classic-1.5.18.jar;C:\Users\blessed_k1d\.m2\repository\ch\qos\logback\logback-core\1.5.18\logback-core-1.5.18.jar;C:\Users\blessed_k1d\.m2\repository\org\apache\logging\log4j\log4j-to-slf4j\2.24.3\log4j-to-slf4j-2.24.3.jar;C:\Users\blessed_k1d\.m2\repository\org\apache\logging\log4j\log4j-api\2.24.3\log4j-api-2.24.3.jar;C:\Users\blessed_k1d\.m2\repository\org\slf4j\jul-to-slf4j\2.0.17\jul-to-slf4j-2.0.17.jar;C:\Users\blessed_k1d\.m2\repository\jakarta\annotation\jakarta.annotation-api\2.1.1\jakarta.annotation-api-2.1.1.jar;C:\Users\blessed_k1d\.m2\repository\org\springframework\spring-core\6.2.5\spring-core-6.2.5.jar;C:\Users\blessed_k1d\.m2\repository\org\springframework\spring-jcl\6.2.5\spring-jcl-6.2.5.jar;C:\Users\blessed_k1d\.m2\repository\org\yaml\snakeyaml\2.3\snakeyaml-2.3.jar;C:\Users\blessed_k1d\.m2\repository\org\springframework\boot\spring-boot-starter-security\3.4.4\spring-boot-starter-security-3.4.4.jar;C:\Users\blessed_k1d\.m2\repository\org\springframework\spring-aop\6.2.5\spring-aop-6.2.5.jar;C:\Users\blessed_k1d\.m2\repository\org\springframework\spring-beans\6.2.5\spring-beans-6.2.5.jar;C:\Users\blessed_k1d\.m2\repository\org\springframework\security\spring-security-config\6.4.4\spring-security-config-6.4.4.jar;C:\Users\blessed_k1d\.m2\repository\org\springframework\security\spring-security-web\6.4.4\spring-security-web-6.4.4.jar;C:\Users\blessed_k1d\.m2\repository\org\springframework\spring-expression\6.2.5\spring-expression-6.2.5.jar;C:\Users\blessed_k1d\.m2\repository\org\springframework\boot\spring-boot-starter-webflux\3.4.4\spring-boot-starter-webflux-3.4.4.jar;C:\Users\blessed_k1d\.m2\repository\org\springframework\boot\spring-boot-starter-json\3.4.4\spring-boot-starter-json-3.4.4.jar;C:\Users\blessed_k1d\.m2\repository\com\fasterxml\jackson\datatype\jackson-datatype-jdk8\2.18.3\jackson-datatype-jdk8-2.18.3.jar;C:\Users\blessed_k1d\.m2\repository\com\fasterxml\jackson\module\jackson-module-parameter-names\2.18.3\jackson-module-parameter-names-2.18.3.jar;C:\Users\blessed_k1d\.m2\repository\org\springframework\boot\spring-boot-starter-reactor-netty\3.4.4\spring-boot-starter-reactor-netty-3.4.4.jar;C:\Users\blessed_k1d\.m2\repository\org\springframework\spring-web\6.2.5\spring-web-6.2.5.jar;C:\Users\blessed_k1d\.m2\repository\io\micrometer\micrometer-observation\1.14.5\micrometer-observation-1.14.5.jar;C:\Users\blessed_k1d\.m2\repository\io\micrometer\micrometer-commons\1.14.5\micrometer-commons-1.14.5.jar;C:\Users\blessed_k1d\.m2\repository\org\springframework\spring-webflux\6.2.5\spring-webflux-6.2.5.jar;C:\Users\blessed_k1d\.m2\repository\io\projectreactor\reactor-core\3.7.4\reactor-core-3.7.4.jar;C:\Users\blessed_k1d\.m2\repository\org\reactivestreams\reactive-streams\1.0.4\reactive-streams-1.0.4.jar;C:\Users\blessed_k1d\.m2\repository\io\projectreactor\netty\reactor-netty\1.2.4\reactor-netty-1.2.4.jar;C:\Users\blessed_k1d\.m2\repository\io\projectreactor\netty\reactor-netty-core\1.2.4\reactor-netty-core-1.2.4.jar;C:\Users\blessed_k1d\.m2\repository\io\netty\netty-handler-proxy\4.1.119.Final\netty-handler-proxy-4.1.119.Final.jar;C:\Users\blessed_k1d\.m2\repository\io\netty\netty-codec-socks\4.1.119.Final\netty-codec-socks-4.1.119.Final.jar;C:\Users\blessed_k1d\.m2\repository\io\netty\netty-resolver-dns\4.1.119.Final\netty-resolver-dns-4.1.119.Final.jar;C:\Users\blessed_k1d\.m2\repository\io\netty\netty-codec-dns\4.1.119.Final\netty-codec-dns-4.1.119.Final.jar;C:\Users\blessed_k1d\.m2\repository\io\netty\netty-resolver-dns-native-macos\4.1.119.Final\netty-resolver-dns-native-macos-4.1.119.Final-osx-x86_64.jar;C:\Users\blessed_k1d\.m2\repository\io\netty\netty-resolver-dns-classes-macos\4.1.119.Final\netty-resolver-dns-classes-macos-4.1.119.Final.jar;C:\Users\blessed_k1d\.m2\repository\io\netty\netty-transport-native-epoll\4.1.119.Final\netty-transport-native-epoll-4.1.119.Final-linux-x86_64.jar;C:\Users\blessed_k1d\.m2\repository\io\netty\netty-transport-classes-epoll\4.1.119.Final\netty-transport-classes-epoll-4.1.119.Final.jar;C:\Users\blessed_k1d\.m2\repository\io\projectreactor\netty\reactor-netty-http\1.2.4\reactor-netty-http-1.2.4.jar;C:\Users\blessed_k1d\.m2\repository\io\netty\netty-codec-http\4.1.119.Final\netty-codec-http-4.1.119.Final.jar;C:\Users\blessed_k1d\.m2\repository\io\netty\netty-codec-http2\4.1.119.Final\netty-codec-http2-4.1.119.Final.jar;C:\Users\blessed_k1d\.m2\repository\io\projectreactor\netty\incubator\reactor-netty-incubator-quic\0.2.4\reactor-netty-incubator-quic-0.2.4.jar;C:\Users\blessed_k1d\.m2\repository\io\netty\incubator\netty-incubator-codec-native-quic\0.0.70.Final\netty-incubator-codec-native-quic-0.0.70.Final-linux-x86_64.jar;C:\Users\blessed_k1d\.m2\repository\io\netty\incubator\netty-incubator-codec-classes-quic\0.0.70.Final\netty-incubator-codec-classes-quic-0.0.70.Final.jar;C:\Users\blessed_k1d\.m2\repository\io\netty\netty-handler\4.1.119.Final\netty-handler-4.1.119.Final.jar;C:\Users\blessed_k1d\.m2\repository\io\netty\netty-common\4.1.119.Final\netty-common-4.1.119.Final.jar;C:\Users\blessed_k1d\.m2\repository\io\netty\netty-resolver\4.1.119.Final\netty-resolver-4.1.119.Final.jar;C:\Users\blessed_k1d\.m2\repository\io\netty\netty-buffer\4.1.119.Final\netty-buffer-4.1.119.Final.jar;C:\Users\blessed_k1d\.m2\repository\io\netty\netty-transport\4.1.119.Final\netty-transport-4.1.119.Final.jar;C:\Users\blessed_k1d\.m2\repository\io\netty\netty-transport-native-unix-common\4.1.119.Final\netty-transport-native-unix-common-4.1.119.Final.jar;C:\Users\blessed_k1d\.m2\repository\io\netty\netty-codec\4.1.119.Final\netty-codec-4.1.119.Final.jar;C:\Users\blessed_k1d\.m2\repository\org\springframework\boot\spring-boot-starter-oauth2-client\3.4.4\spring-boot-starter-oauth2-client-3.4.4.jar;C:\Users\blessed_k1d\.m2\repository\org\springframework\security\spring-security-core\6.4.4\spring-security-core-6.4.4.jar;C:\Users\blessed_k1d\.m2\repository\org\springframework\security\spring-security-crypto\6.4.4\spring-security-crypto-6.4.4.jar;C:\Users\blessed_k1d\.m2\repository\org\springframework\security\spring-security-oauth2-client\6.4.4\spring-security-oauth2-client-6.4.4.jar;C:\Users\blessed_k1d\.m2\repository\com\nimbusds\oauth2-oidc-sdk\9.43.6\oauth2-oidc-sdk-9.43.6.jar;C:\Users\blessed_k1d\.m2\repository\com\nimbusds\content-type\2.2\content-type-2.2.jar;C:\Users\blessed_k1d\.m2\repository\net\minidev\json-smart\2.5.2\json-smart-2.5.2.jar;C:\Users\blessed_k1d\.m2\repository\net\minidev\accessors-smart\2.5.2\accessors-smart-2.5.2.jar;C:\Users\blessed_k1d\.m2\repository\org\ow2\asm\asm\9.7.1\asm-9.7.1.jar;C:\Users\blessed_k1d\.m2\repository\com\nimbusds\lang-tag\1.7\lang-tag-1.7.jar;C:\Users\blessed_k1d\.m2\repository\org\springframework\security\spring-security-oauth2-jose\6.4.4\spring-security-oauth2-jose-6.4.4.jar;C:\Users\blessed_k1d\.m2\repository\org\springframework\boot\spring-boot-starter-oauth2-resource-server\3.4.4\spring-boot-starter-oauth2-resource-server-3.4.4.jar;C:\Users\blessed_k1d\.m2\repository\org\springframework\security\spring-security-oauth2-resource-server\6.4.4\spring-security-oauth2-resource-server-6.4.4.jar;C:\Users\blessed_k1d\.m2\repository\org\springframework\security\spring-security-oauth2-authorization-server\1.4.2\spring-security-oauth2-authorization-server-1.4.2.jar;C:\Users\blessed_k1d\.m2\repository\org\springframework\security\spring-security-oauth2-core\6.4.4\spring-security-oauth2-core-6.4.4.jar;C:\Users\blessed_k1d\.m2\repository\com\fasterxml\jackson\core\jackson-databind\2.18.3\jackson-databind-2.18.3.jar;C:\Users\blessed_k1d\.m2\repository\com\fasterxml\jackson\core\jackson-annotations\2.18.3\jackson-annotations-2.18.3.jar;C:\Users\blessed_k1d\.m2\repository\com\fasterxml\jackson\core\jackson-core\2.18.3\jackson-core-2.18.3.jar;C:\Users\blessed_k1d\.m2\repository\jakarta\persistence\jakarta.persistence-api\3.1.0\jakarta.persistence-api-3.1.0.jar;C:\Users\blessed_k1d\.m2\repository\com\nimbusds\nimbus-jose-jwt\9.31\nimbus-jose-jwt-9.31.jar;C:\Users\blessed_k1d\.m2\repository\com\github\stephenc\jcip\jcip-annotations\1.0-1\jcip-annotations-1.0-1.jar;C:\Users\blessed_k1d\.m2\repository\org\springframework\boot\spring-boot-starter-web\3.4.4\spring-boot-starter-web-3.4.4.jar;C:\Users\blessed_k1d\.m2\repository\org\springframework\boot\spring-boot-starter-tomcat\3.4.4\spring-boot-starter-tomcat-3.4.4.jar;C:\Users\blessed_k1d\.m2\repository\org\apache\tomcat\embed\tomcat-embed-core\10.1.39\tomcat-embed-core-10.1.39.jar;C:\Users\blessed_k1d\.m2\repository\org\apache\tomcat\embed\tomcat-embed-el\10.1.39\tomcat-embed-el-10.1.39.jar;C:\Users\blessed_k1d\.m2\repository\org\apache\tomcat\embed\tomcat-embed-websocket\10.1.39\tomcat-embed-websocket-10.1.39.jar;C:\Users\blessed_k1d\.m2\repository\org\springframework\spring-webmvc\6.2.5\spring-webmvc-6.2.5.jar;C:\Users\blessed_k1d\.m2\repository\org\projectlombok\lombok\1.18.36\lombok-1.18.36.jar;C:\Users\blessed_k1d\.m2\repository\io\jsonwebtoken\jjwt-api\0.11.5\jjwt-api-0.11.5.jar;C:\Users\blessed_k1d\.m2\repository\io\jsonwebtoken\jjwt-impl\0.11.5\jjwt-impl-0.11.5.jar;C:\Users\blessed_k1d\.m2\repository\io\jsonwebtoken\jjwt-jackson\0.11.5\jjwt-jackson-0.11.5.jar;C:\Users\blessed_k1d\.m2\repository\org\springframework\boot\spring-boot-starter-data-jpa\3.4.4\spring-boot-starter-data-jpa-3.4.4.jar;C:\Users\blessed_k1d\.m2\repository\org\springframework\boot\spring-boot-starter-jdbc\3.4.4\spring-boot-starter-jdbc-3.4.4.jar;C:\Users\blessed_k1d\.m2\repository\com\zaxxer\HikariCP\5.1.0\HikariCP-5.1.0.jar;C:\Users\blessed_k1d\.m2\repository\org\springframework\spring-jdbc\6.2.5\spring-jdbc-6.2.5.jar;C:\Users\blessed_k1d\.m2\repository\org\hibernate\orm\hibernate-core\6.6.11.Final\hibernate-core-6.6.11.Final.jar;C:\Users\blessed_k1d\.m2\repository\jakarta\transaction\jakarta.transaction-api\2.0.1\jakarta.transaction-api-2.0.1.jar;C:\Users\blessed_k1d\.m2\repository\org\jboss\logging\jboss-logging\3.6.1.Final\jboss-logging-3.6.1.Final.jar;C:\Users\blessed_k1d\.m2\repository\org\hibernate\common\hibernate-commons-annotations\7.0.3.Final\hibernate-commons-annotations-7.0.3.Final.jar;C:\Users\blessed_k1d\.m2\repository\io\smallrye\jandex\3.2.0\jandex-3.2.0.jar;C:\Users\blessed_k1d\.m2\repository\com\fasterxml\classmate\1.7.0\classmate-1.7.0.jar;C:\Users\blessed_k1d\.m2\repository\net\bytebuddy\byte-buddy\1.15.11\byte-buddy-1.15.11.jar;C:\Users\blessed_k1d\.m2\repository\jakarta\xml\bind\jakarta.xml.bind-api\4.0.2\jakarta.xml.bind-api-4.0.2.jar;C:\Users\blessed_k1d\.m2\repository\jakarta\activation\jakarta.activation-api\2.1.3\jakarta.activation-api-2.1.3.jar;C:\Users\blessed_k1d\.m2\repository\org\glassfish\jaxb\jaxb-runtime\4.0.5\jaxb-runtime-4.0.5.jar;C:\Users\blessed_k1d\.m2\repository\org\glassfish\jaxb\jaxb-core\4.0.5\jaxb-core-4.0.5.jar;C:\Users\blessed_k1d\.m2\repository\org\eclipse\angus\angus-activation\2.0.2\angus-activation-2.0.2.jar;C:\Users\blessed_k1d\.m2\repository\org\glassfish\jaxb\txw2\4.0.5\txw2-4.0.5.jar;C:\Users\blessed_k1d\.m2\repository\com\sun\istack\istack-commons-runtime\4.1.2\istack-commons-runtime-4.1.2.jar;C:\Users\blessed_k1d\.m2\repository\jakarta\inject\jakarta.inject-api\2.0.1\jakarta.inject-api-2.0.1.jar;C:\Users\blessed_k1d\.m2\repository\org\springframework\data\spring-data-jpa\3.4.4\spring-data-jpa-3.4.4.jar;C:\Users\blessed_k1d\.m2\repository\org\springframework\data\spring-data-commons\3.4.4\spring-data-commons-3.4.4.jar;C:\Users\blessed_k1d\.m2\repository\org\springframework\spring-orm\6.2.5\spring-orm-6.2.5.jar;C:\Users\blessed_k1d\.m2\repository\org\springframework\spring-tx\6.2.5\spring-tx-6.2.5.jar;C:\Users\blessed_k1d\.m2\repository\org\slf4j\slf4j-api\2.0.17\slf4j-api-2.0.17.jar;C:\Users\blessed_k1d\.m2\repository\org\springframework\spring-aspects\6.2.5\spring-aspects-6.2.5.jar;C:\Users\blessed_k1d\.m2\repository\org\aspectj\aspectjweaver\1.9.23\aspectjweaver-1.9.23.jar;C:\Users\blessed_k1d\.m2\repository\org\postgresql\postgresql\42.7.5\postgresql-42.7.5.jar;C:\Users\blessed_k1d\.m2\repository\org\checkerframework\checker-qual\3.48.3\checker-qual-3.48.3.jar;C:\Users\blessed_k1d\.m2\repository\org\flywaydb\flyway-core\11.7.0\flyway-core-11.7.0.jar;C:\Users\blessed_k1d\.m2\repository\com\fasterxml\jackson\dataformat\jackson-dataformat-toml\2.18.3\jackson-dataformat-toml-2.18.3.jar;C:\Users\blessed_k1d\.m2\repository\com\fasterxml\jackson\datatype\jackson-datatype-jsr310\2.18.3\jackson-datatype-jsr310-2.18.3.jar;C:\Users\blessed_k1d\.m2\repository\org\antlr\antlr4-runtime\4.13.2\antlr4-runtime-4.13.2.jar
Launcher Type: SUN_STANDARD

[Global flags]
     intx CICompilerCount                          = 4                                         {product} {ergonomic}
     uint ConcGCThreads                            = 2                                         {product} {ergonomic}
     uint G1ConcRefinementThreads                  = 8                                         {product} {ergonomic}
   size_t G1HeapRegionSize                         = 1048576                                   {product} {ergonomic}
   size_t InitialHeapSize                          = 100663296                                 {product} {ergonomic}
     bool ManagementServer                         = true                                      {product} {command line}
   size_t MarkStackSize                            = 4194304                                   {product} {ergonomic}
   size_t MarkStackSizeMax                         = 536870912                                 {product} {ergonomic}
   size_t MaxHeapSize                              = 1579155456                                {product} {ergonomic}
   size_t MaxNewSize                               = 946864128                                 {product} {ergonomic}
   size_t MinHeapDeltaBytes                        = 1048576                                   {product} {ergonomic}
   size_t MinHeapSize                              = 8388608                                   {product} {ergonomic}
    uintx NonNMethodCodeHeapSize                   = 4096                                   {pd product} {ergonomic}
    uintx NonProfiledCodeHeapSize                  = 0                                      {pd product} {ergonomic}
     bool ProfileInterpreter                       = false                                  {pd product} {command line}
    uintx ProfiledCodeHeapSize                     = 0                                      {pd product} {ergonomic}
   size_t SoftMaxHeapSize                          = 1579155456                             {manageable} {ergonomic}
     intx TieredStopAtLevel                        = 1                                         {product} {command line}
     bool UseCompressedOops                        = true                           {product lp64_product} {ergonomic}
     bool UseG1GC                                  = true                                      {product} {ergonomic}
     bool UseLargePagesIndividualAllocation        = false                                  {pd product} {ergonomic}

Logging:
Log output configuration:
 #0: stdout all=warning uptime,level,tags foldmultilines=false
 #1: stderr all=off uptime,level,tags foldmultilines=false

Environment Variables:
JAVA_HOME=C:\Program Files\Zulu\zulu-23\
PATH=C:\Program Files\Zulu\zulu-23\bin\;C:\Program Files\Zulu\zulu-8\bin\;C:\Program Files\Common Files\Oracle\Java\javapath;C:\Program Files (x86)\Common Files\Oracle\Java\java8path;C:\ProgramData\Oracle\Java\javapath;C:\Program Files\Microsoft\jdk-11.0.16.101-hotspot\bin;C:\Windows\system32;C:\Windows;C:\Windows\System32\Wbem;C:\Windows\System32\WindowsPowerShell\v1.0\;C:\Windows\System32\OpenSSH\;C:\Program Files\Microsoft SQL Server\150\Tools\Binn\;C:\Program Files\Microsoft SQL Server\Client SDK\ODBC\170\Tools\Binn\;C:\Program Files\PuTTY\;C:\Program Files (x86)\Microsoft SQL Server\160\Tools\Binn\;C:\Program Files\Microsoft SQL Server\160\Tools\Binn\;C:\Program Files\Microsoft SQL Server\160\DTS\Binn\;C:\Program Files\dotnet\;C:\Program Files\nodejs\;C:\Users\blessed_k1d\AppData\Local\Programs\Python\Python313\Scripts\;C:\Users\blessed_k1d\AppData\Local\Programs\Python\Python313\;C:\Users\blessed_k1d\AppData\Local\Microsoft\WindowsApps;C:\Users\blessed_k1d\AppData\Local\Programs\Microsoft VS Code\bin;C:\Users\blessed_k1d\.dotnet\tools;C:\Users\blessed_k1d\AppData\Roaming\npm;C:\Program Files\Java\jre1.8.0_51\bin;D:\programs\IntelliJ IDEA Community Edition 2024.3\bin;D:\JetBrains\IntelliJ IDEA 2024.3.2.1\bin
USERNAME=blessed_k1d
OS=Windows_NT
PROCESSOR_IDENTIFIER=AMD64 Family 23 Model 24 Stepping 1, AuthenticAMD
TMP=C:\Users\BLESSE~1\AppData\Local\Temp
TEMP=C:\Users\BLESSE~1\AppData\Local\Temp




Periodic native trim disabled

---------------  S Y S T E M  ---------------

OS:
 Windows 10 , 64 bit Build 18362 (10.0.18362.329)
OS uptime: 76 days 22:15 hours

CPU: total 8 (initial active 8) (8 cores per cpu, 2 threads per core) family 23 model 24 stepping 1 microcode 0x0, cx8, cmov, fxsr, ht, mmx, 3dnowpref, sse, sse2, sse3, ssse3, sse4a, sse4.1, sse4.2, popcnt, lzcnt, tsc, tscinvbit, avx, avx2, aes, clmul, bmi1, bmi2, adx, sha, fma, vzeroupper, clflush, clflushopt, rdtscp, f16c
Processor Information for the first 8 processors :
  Max Mhz: 2100, Current Mhz: 2100, Mhz Limit: 2100

Memory: 4k page, system-wide physical 6019M (473M free)
TotalPageFile size 19195M (AvailPageFile size 202M)
current process WorkingSet (physical memory assigned to process): 74M, peak: 74M
current process commit charge ("private bytes"): 191M, peak: 192M

vm_info: OpenJDK 64-Bit Server VM (23.0.1+11-39) for windows-amd64 JRE (23.0.1+11-39), built on 2024-09-30T07:20:43Z with MS VC++ 17.6 (VS2022)

END.
